[0.261s] DEBUG:colcon:Command line arguments: ['/usr/bin/colcon', 'build', '--symlink-install']
[0.262s] DEBUG:colcon:Parsed command line arguments: Namespace(log_base=None, log_level=None, verb_name='build', build_base='build', install_base='install', merge_install=False, symlink_install=True, test_result_base=None, continue_on_error=False, executor='parallel', parallel_workers=16, event_handlers=None, ignore_user_meta=False, metas=['./colcon.meta'], base_paths=['.'], packages_ignore=None, packages_ignore_regex=None, paths=None, packages_up_to=None, packages_up_to_regex=None, packages_above=None, packages_above_and_dependencies=None, packages_above_depth=None, packages_select_by_dep=None, packages_skip_by_dep=None, packages_skip_up_to=None, packages_select_build_failed=False, packages_skip_build_finished=False, packages_select_test_failures=False, packages_skip_test_passed=False, packages_select=None, packages_skip=None, packages_select_regex=None, packages_skip_regex=None, packages_start=None, packages_end=None, allow_overriding=[], cmake_args=None, cmake_target=None, cmake_target_skip_unavailable=False, cmake_clean_cache=False, cmake_clean_first=False, cmake_force_configure=False, ament_cmake_args=None, catkin_cmake_args=None, catkin_skip_building_tests=False, mixin_files=None, mixin=None, verb_parser=<colcon_mixin.mixin.mixin_argument.MixinArgumentDecorator object at 0x7fdb8470e9e0>, verb_extension=<colcon_core.verb.build.BuildVerb object at 0x7fdb8470dcc0>, main=<bound method BuildVerb.main of <colcon_core.verb.build.BuildVerb object at 0x7fdb8470dcc0>>, mixin_verb=('build',))
[0.436s] Level 1:colcon.colcon_core.package_discovery:discover_packages(colcon_meta) check parameters
[0.436s] Level 1:colcon.colcon_core.package_discovery:discover_packages(recursive) check parameters
[0.436s] Level 1:colcon.colcon_core.package_discovery:discover_packages(ignore) check parameters
[0.436s] Level 1:colcon.colcon_core.package_discovery:discover_packages(path) check parameters
[0.436s] Level 1:colcon.colcon_core.package_discovery:discover_packages(colcon_meta) discover
[0.436s] Level 1:colcon.colcon_core.package_discovery:discover_packages(recursive) discover
[0.437s] INFO:colcon.colcon_core.package_discovery:Crawling recursively for packages in '/home/sy/ros2_ws'
[0.437s] Level 1:colcon.colcon_core.package_identification:_identify(.) by extensions ['ignore', 'ignore_ament_install']
[0.437s] Level 1:colcon.colcon_core.package_identification:_identify(.) by extension 'ignore'
[0.437s] Level 1:colcon.colcon_core.package_identification:_identify(.) by extension 'ignore_ament_install'
[0.437s] Level 1:colcon.colcon_core.package_identification:_identify(.) by extensions ['colcon_pkg']
[0.437s] Level 1:colcon.colcon_core.package_identification:_identify(.) by extension 'colcon_pkg'
[0.437s] Level 1:colcon.colcon_core.package_identification:_identify(.) by extensions ['colcon_meta']
[0.437s] Level 1:colcon.colcon_core.package_identification:_identify(.) by extension 'colcon_meta'
[0.437s] Level 1:colcon.colcon_core.package_identification:_identify(.) by extensions ['ros']
[0.437s] Level 1:colcon.colcon_core.package_identification:_identify(.) by extension 'ros'
[0.448s] Level 1:colcon.colcon_core.package_identification:_identify(.) by extensions ['cmake', 'python']
[0.448s] Level 1:colcon.colcon_core.package_identification:_identify(.) by extension 'cmake'
[0.449s] Level 1:colcon.colcon_core.package_identification:_identify(.) by extension 'python'
[0.449s] Level 1:colcon.colcon_core.package_identification:_identify(.) by extensions ['python_setup_py']
[0.449s] Level 1:colcon.colcon_core.package_identification:_identify(.) by extension 'python_setup_py'
[0.449s] Level 1:colcon.colcon_core.package_identification:_identify(build) by extensions ['ignore', 'ignore_ament_install']
[0.449s] Level 1:colcon.colcon_core.package_identification:_identify(build) by extension 'ignore'
[0.449s] Level 1:colcon.colcon_core.package_identification:_identify(build) ignored
[0.449s] Level 1:colcon.colcon_core.package_identification:_identify(install) by extensions ['ignore', 'ignore_ament_install']
[0.449s] Level 1:colcon.colcon_core.package_identification:_identify(install) by extension 'ignore'
[0.449s] Level 1:colcon.colcon_core.package_identification:_identify(install) ignored
[0.450s] Level 1:colcon.colcon_core.package_identification:_identify(log) by extensions ['ignore', 'ignore_ament_install']
[0.450s] Level 1:colcon.colcon_core.package_identification:_identify(log) by extension 'ignore'
[0.450s] Level 1:colcon.colcon_core.package_identification:_identify(log) ignored
[0.450s] Level 1:colcon.colcon_core.package_identification:_identify(src) by extensions ['ignore', 'ignore_ament_install']
[0.450s] Level 1:colcon.colcon_core.package_identification:_identify(src) by extension 'ignore'
[0.450s] Level 1:colcon.colcon_core.package_identification:_identify(src) by extension 'ignore_ament_install'
[0.450s] Level 1:colcon.colcon_core.package_identification:_identify(src) by extensions ['colcon_pkg']
[0.450s] Level 1:colcon.colcon_core.package_identification:_identify(src) by extension 'colcon_pkg'
[0.450s] Level 1:colcon.colcon_core.package_identification:_identify(src) by extensions ['colcon_meta']
[0.450s] Level 1:colcon.colcon_core.package_identification:_identify(src) by extension 'colcon_meta'
[0.450s] Level 1:colcon.colcon_core.package_identification:_identify(src) by extensions ['ros']
[0.450s] Level 1:colcon.colcon_core.package_identification:_identify(src) by extension 'ros'
[0.450s] Level 1:colcon.colcon_core.package_identification:_identify(src) by extensions ['cmake', 'python']
[0.450s] Level 1:colcon.colcon_core.package_identification:_identify(src) by extension 'cmake'
[0.450s] Level 1:colcon.colcon_core.package_identification:_identify(src) by extension 'python'
[0.450s] Level 1:colcon.colcon_core.package_identification:_identify(src) by extensions ['python_setup_py']
[0.450s] Level 1:colcon.colcon_core.package_identification:_identify(src) by extension 'python_setup_py'
[0.450s] Level 1:colcon.colcon_core.package_identification:_identify(src/ROS-TCP-Endpoint) by extensions ['ignore', 'ignore_ament_install']
[0.451s] Level 1:colcon.colcon_core.package_identification:_identify(src/ROS-TCP-Endpoint) by extension 'ignore'
[0.451s] Level 1:colcon.colcon_core.package_identification:_identify(src/ROS-TCP-Endpoint) by extension 'ignore_ament_install'
[0.451s] Level 1:colcon.colcon_core.package_identification:_identify(src/ROS-TCP-Endpoint) by extensions ['colcon_pkg']
[0.451s] Level 1:colcon.colcon_core.package_identification:_identify(src/ROS-TCP-Endpoint) by extension 'colcon_pkg'
[0.451s] Level 1:colcon.colcon_core.package_identification:_identify(src/ROS-TCP-Endpoint) by extensions ['colcon_meta']
[0.451s] Level 1:colcon.colcon_core.package_identification:_identify(src/ROS-TCP-Endpoint) by extension 'colcon_meta'
[0.451s] Level 1:colcon.colcon_core.package_identification:_identify(src/ROS-TCP-Endpoint) by extensions ['ros']
[0.451s] Level 1:colcon.colcon_core.package_identification:_identify(src/ROS-TCP-Endpoint) by extension 'ros'
[0.455s] DEBUG:colcon.colcon_core.package_identification:Package 'src/ROS-TCP-Endpoint' with type 'ros.ament_python' and name 'ros_tcp_endpoint'
[0.455s] Level 1:colcon.colcon_core.package_identification:_identify(src/mower_ai) by extensions ['ignore', 'ignore_ament_install']
[0.455s] Level 1:colcon.colcon_core.package_identification:_identify(src/mower_ai) by extension 'ignore'
[0.455s] Level 1:colcon.colcon_core.package_identification:_identify(src/mower_ai) by extension 'ignore_ament_install'
[0.455s] Level 1:colcon.colcon_core.package_identification:_identify(src/mower_ai) by extensions ['colcon_pkg']
[0.456s] Level 1:colcon.colcon_core.package_identification:_identify(src/mower_ai) by extension 'colcon_pkg'
[0.456s] Level 1:colcon.colcon_core.package_identification:_identify(src/mower_ai) by extensions ['colcon_meta']
[0.456s] Level 1:colcon.colcon_core.package_identification:_identify(src/mower_ai) by extension 'colcon_meta'
[0.456s] Level 1:colcon.colcon_core.package_identification:_identify(src/mower_ai) by extensions ['ros']
[0.456s] Level 1:colcon.colcon_core.package_identification:_identify(src/mower_ai) by extension 'ros'
[0.457s] DEBUG:colcon.colcon_core.package_identification:Package 'src/mower_ai' with type 'ros.ament_python' and name 'mower_ai'
[0.457s] Level 1:colcon.colcon_core.package_identification:_identify(src/mower_msgs) by extensions ['ignore', 'ignore_ament_install']
[0.458s] Level 1:colcon.colcon_core.package_identification:_identify(src/mower_msgs) by extension 'ignore'
[0.458s] Level 1:colcon.colcon_core.package_identification:_identify(src/mower_msgs) by extension 'ignore_ament_install'
[0.458s] Level 1:colcon.colcon_core.package_identification:_identify(src/mower_msgs) by extensions ['colcon_pkg']
[0.458s] Level 1:colcon.colcon_core.package_identification:_identify(src/mower_msgs) by extension 'colcon_pkg'
[0.458s] Level 1:colcon.colcon_core.package_identification:_identify(src/mower_msgs) by extensions ['colcon_meta']
[0.458s] Level 1:colcon.colcon_core.package_identification:_identify(src/mower_msgs) by extension 'colcon_meta'
[0.458s] Level 1:colcon.colcon_core.package_identification:_identify(src/mower_msgs) by extensions ['ros']
[0.458s] Level 1:colcon.colcon_core.package_identification:_identify(src/mower_msgs) by extension 'ros'
[0.459s] DEBUG:colcon.colcon_core.package_identification:Package 'src/mower_msgs' with type 'ros.ament_cmake' and name 'mower_msgs'
[0.459s] Level 1:colcon.colcon_core.package_discovery:discover_packages(recursive) using defaults
[0.459s] Level 1:colcon.colcon_core.package_discovery:discover_packages(ignore) discover
[0.459s] Level 1:colcon.colcon_core.package_discovery:discover_packages(ignore) using defaults
[0.459s] Level 1:colcon.colcon_core.package_discovery:discover_packages(path) discover
[0.459s] Level 1:colcon.colcon_core.package_discovery:discover_packages(path) using defaults
[0.502s] Level 1:colcon.colcon_core.package_discovery:discover_packages(prefix_path) check parameters
[0.502s] Level 1:colcon.colcon_core.package_discovery:discover_packages(prefix_path) discover
[0.504s] DEBUG:colcon.colcon_installed_package_information.package_discovery:Found 3 installed packages in /home/sy/ros2_ws/install
[0.506s] DEBUG:colcon.colcon_installed_package_information.package_discovery:Found 279 installed packages in /opt/ros/humble
[0.507s] Level 1:colcon.colcon_core.package_discovery:discover_packages(prefix_path) using defaults
[0.547s] Level 5:colcon.colcon_core.verb:set package 'mower_msgs' build argument 'cmake_args' from command line to 'None'
[0.547s] Level 5:colcon.colcon_core.verb:set package 'mower_msgs' build argument 'cmake_target' from command line to 'None'
[0.547s] Level 5:colcon.colcon_core.verb:set package 'mower_msgs' build argument 'cmake_target_skip_unavailable' from command line to 'False'
[0.547s] Level 5:colcon.colcon_core.verb:set package 'mower_msgs' build argument 'cmake_clean_cache' from command line to 'False'
[0.547s] Level 5:colcon.colcon_core.verb:set package 'mower_msgs' build argument 'cmake_clean_first' from command line to 'False'
[0.547s] Level 5:colcon.colcon_core.verb:set package 'mower_msgs' build argument 'cmake_force_configure' from command line to 'False'
[0.547s] Level 5:colcon.colcon_core.verb:set package 'mower_msgs' build argument 'ament_cmake_args' from command line to 'None'
[0.547s] Level 5:colcon.colcon_core.verb:set package 'mower_msgs' build argument 'catkin_cmake_args' from command line to 'None'
[0.547s] Level 5:colcon.colcon_core.verb:set package 'mower_msgs' build argument 'catkin_skip_building_tests' from command line to 'False'
[0.547s] DEBUG:colcon.colcon_core.verb:Building package 'mower_msgs' with the following arguments: {'ament_cmake_args': None, 'build_base': '/home/sy/ros2_ws/build/mower_msgs', 'catkin_cmake_args': None, 'catkin_skip_building_tests': False, 'cmake_args': None, 'cmake_clean_cache': False, 'cmake_clean_first': False, 'cmake_force_configure': False, 'cmake_target': None, 'cmake_target_skip_unavailable': False, 'install_base': '/home/sy/ros2_ws/install/mower_msgs', 'merge_install': False, 'path': '/home/sy/ros2_ws/src/mower_msgs', 'symlink_install': True, 'test_result_base': None}
[0.547s] Level 5:colcon.colcon_core.verb:set package 'ros_tcp_endpoint' build argument 'cmake_args' from command line to 'None'
[0.547s] Level 5:colcon.colcon_core.verb:set package 'ros_tcp_endpoint' build argument 'cmake_target' from command line to 'None'
[0.547s] Level 5:colcon.colcon_core.verb:set package 'ros_tcp_endpoint' build argument 'cmake_target_skip_unavailable' from command line to 'False'
[0.547s] Level 5:colcon.colcon_core.verb:set package 'ros_tcp_endpoint' build argument 'cmake_clean_cache' from command line to 'False'
[0.547s] Level 5:colcon.colcon_core.verb:set package 'ros_tcp_endpoint' build argument 'cmake_clean_first' from command line to 'False'
[0.547s] Level 5:colcon.colcon_core.verb:set package 'ros_tcp_endpoint' build argument 'cmake_force_configure' from command line to 'False'
[0.547s] Level 5:colcon.colcon_core.verb:set package 'ros_tcp_endpoint' build argument 'ament_cmake_args' from command line to 'None'
[0.547s] Level 5:colcon.colcon_core.verb:set package 'ros_tcp_endpoint' build argument 'catkin_cmake_args' from command line to 'None'
[0.548s] Level 5:colcon.colcon_core.verb:set package 'ros_tcp_endpoint' build argument 'catkin_skip_building_tests' from command line to 'False'
[0.548s] DEBUG:colcon.colcon_core.verb:Building package 'ros_tcp_endpoint' with the following arguments: {'ament_cmake_args': None, 'build_base': '/home/sy/ros2_ws/build/ros_tcp_endpoint', 'catkin_cmake_args': None, 'catkin_skip_building_tests': False, 'cmake_args': None, 'cmake_clean_cache': False, 'cmake_clean_first': False, 'cmake_force_configure': False, 'cmake_target': None, 'cmake_target_skip_unavailable': False, 'install_base': '/home/sy/ros2_ws/install/ros_tcp_endpoint', 'merge_install': False, 'path': '/home/sy/ros2_ws/src/ROS-TCP-Endpoint', 'symlink_install': True, 'test_result_base': None}
[0.548s] Level 5:colcon.colcon_core.verb:set package 'mower_ai' build argument 'cmake_args' from command line to 'None'
[0.548s] Level 5:colcon.colcon_core.verb:set package 'mower_ai' build argument 'cmake_target' from command line to 'None'
[0.548s] Level 5:colcon.colcon_core.verb:set package 'mower_ai' build argument 'cmake_target_skip_unavailable' from command line to 'False'
[0.548s] Level 5:colcon.colcon_core.verb:set package 'mower_ai' build argument 'cmake_clean_cache' from command line to 'False'
[0.548s] Level 5:colcon.colcon_core.verb:set package 'mower_ai' build argument 'cmake_clean_first' from command line to 'False'
[0.548s] Level 5:colcon.colcon_core.verb:set package 'mower_ai' build argument 'cmake_force_configure' from command line to 'False'
[0.548s] Level 5:colcon.colcon_core.verb:set package 'mower_ai' build argument 'ament_cmake_args' from command line to 'None'
[0.548s] Level 5:colcon.colcon_core.verb:set package 'mower_ai' build argument 'catkin_cmake_args' from command line to 'None'
[0.548s] Level 5:colcon.colcon_core.verb:set package 'mower_ai' build argument 'catkin_skip_building_tests' from command line to 'False'
[0.548s] DEBUG:colcon.colcon_core.verb:Building package 'mower_ai' with the following arguments: {'ament_cmake_args': None, 'build_base': '/home/sy/ros2_ws/build/mower_ai', 'catkin_cmake_args': None, 'catkin_skip_building_tests': False, 'cmake_args': None, 'cmake_clean_cache': False, 'cmake_clean_first': False, 'cmake_force_configure': False, 'cmake_target': None, 'cmake_target_skip_unavailable': False, 'install_base': '/home/sy/ros2_ws/install/mower_ai', 'merge_install': False, 'path': '/home/sy/ros2_ws/src/mower_ai', 'symlink_install': True, 'test_result_base': None}
[0.549s] INFO:colcon.colcon_core.executor:Executing jobs using 'parallel' executor
[0.550s] DEBUG:colcon.colcon_parallel_executor.executor.parallel:run_until_complete
[0.551s] INFO:colcon.colcon_ros.task.ament_cmake.build:Building ROS package in '/home/sy/ros2_ws/src/mower_msgs' with build type 'ament_cmake'
[0.551s] INFO:colcon.colcon_cmake.task.cmake.build:Building CMake package in '/home/sy/ros2_ws/src/mower_msgs'
[0.553s] INFO:colcon.colcon_core.plugin_system:Skipping extension 'colcon_core.shell.bat': Not used on non-Windows systems
[0.554s] INFO:colcon.colcon_core.shell:Skip shell extension 'powershell' for command environment: Not usable outside of PowerShell
[0.554s] DEBUG:colcon.colcon_core.shell:Skip shell extension 'dsv' for command environment
[0.558s] INFO:colcon.colcon_ros.task.ament_python.build:Building ROS package in '/home/sy/ros2_ws/src/ROS-TCP-Endpoint' with build type 'ament_python'
[0.558s] Level 1:colcon.colcon_core.shell:create_environment_hook('ros_tcp_endpoint', 'ament_prefix_path')
[0.558s] INFO:colcon.colcon_core.shell:Creating environment hook '/home/sy/ros2_ws/install/ros_tcp_endpoint/share/ros_tcp_endpoint/hook/ament_prefix_path.ps1'
[0.560s] INFO:colcon.colcon_core.shell:Creating environment descriptor '/home/sy/ros2_ws/install/ros_tcp_endpoint/share/ros_tcp_endpoint/hook/ament_prefix_path.dsv'
[0.561s] INFO:colcon.colcon_core.shell:Creating environment hook '/home/sy/ros2_ws/install/ros_tcp_endpoint/share/ros_tcp_endpoint/hook/ament_prefix_path.sh'
[0.562s] INFO:colcon.colcon_core.shell:Skip shell extension 'powershell' for command environment: Not usable outside of PowerShell
[0.562s] DEBUG:colcon.colcon_core.shell:Skip shell extension 'dsv' for command environment
[0.578s] DEBUG:colcon.colcon_core.event_handler.log_command:Invoking command in '/home/sy/ros2_ws/build/mower_msgs': CMAKE_PREFIX_PATH=${CMAKE_PREFIX_PATH}:/home/sy/ros2_ws/install/ros_tcp_endpoint:/home/sy/ros2_ws/install/mower_ai:/opt/ros/humble /usr/bin/cmake --build /home/sy/ros2_ws/build/mower_msgs -- -j16 -l16
[0.914s] INFO:colcon.colcon_core.task.python.build:Building Python package in '/home/sy/ros2_ws/src/ROS-TCP-Endpoint'
[0.915s] INFO:colcon.colcon_core.shell:Skip shell extension 'powershell' for command environment: Not usable outside of PowerShell
[0.915s] DEBUG:colcon.colcon_core.shell:Skip shell extension 'dsv' for command environment
[1.031s] DEBUG:colcon.colcon_core.event_handler.log_command:Invoked command in '/home/sy/ros2_ws/build/mower_msgs' returned '0': CMAKE_PREFIX_PATH=${CMAKE_PREFIX_PATH}:/home/sy/ros2_ws/install/ros_tcp_endpoint:/home/sy/ros2_ws/install/mower_ai:/opt/ros/humble /usr/bin/cmake --build /home/sy/ros2_ws/build/mower_msgs -- -j16 -l16
[1.048s] DEBUG:colcon.colcon_core.event_handler.log_command:Invoking command in '/home/sy/ros2_ws/build/mower_msgs': CMAKE_PREFIX_PATH=${CMAKE_PREFIX_PATH}:/home/sy/ros2_ws/install/ros_tcp_endpoint:/home/sy/ros2_ws/install/mower_ai:/opt/ros/humble /usr/bin/cmake --install /home/sy/ros2_ws/build/mower_msgs
[1.147s] Level 1:colcon.colcon_core.environment:create_environment_scripts_only(mower_msgs)
[1.148s] DEBUG:colcon.colcon_core.event_handler.log_command:Invoked command in '/home/sy/ros2_ws/build/mower_msgs' returned '0': CMAKE_PREFIX_PATH=${CMAKE_PREFIX_PATH}:/home/sy/ros2_ws/install/ros_tcp_endpoint:/home/sy/ros2_ws/install/mower_ai:/opt/ros/humble /usr/bin/cmake --install /home/sy/ros2_ws/build/mower_msgs
[1.150s] Level 1:colcon.colcon_core.environment:checking '/home/sy/ros2_ws/install/mower_msgs' for CMake module files
[1.151s] Level 1:colcon.colcon_core.environment:checking '/home/sy/ros2_ws/install/mower_msgs' for CMake config files
[1.152s] Level 1:colcon.colcon_core.shell:create_environment_hook('mower_msgs', 'cmake_prefix_path')
[1.153s] INFO:colcon.colcon_core.shell:Creating environment hook '/home/sy/ros2_ws/install/mower_msgs/share/mower_msgs/hook/cmake_prefix_path.ps1'
[1.154s] INFO:colcon.colcon_core.shell:Creating environment descriptor '/home/sy/ros2_ws/install/mower_msgs/share/mower_msgs/hook/cmake_prefix_path.dsv'
[1.154s] INFO:colcon.colcon_core.shell:Creating environment hook '/home/sy/ros2_ws/install/mower_msgs/share/mower_msgs/hook/cmake_prefix_path.sh'
[1.156s] Level 1:colcon.colcon_core.environment:checking '/home/sy/ros2_ws/install/mower_msgs/lib'
[1.156s] Level 1:colcon.colcon_core.shell:create_environment_hook('mower_msgs', 'ld_library_path_lib')
[1.156s] INFO:colcon.colcon_core.shell:Creating environment hook '/home/sy/ros2_ws/install/mower_msgs/share/mower_msgs/hook/ld_library_path_lib.ps1'
[1.157s] INFO:colcon.colcon_core.shell:Creating environment descriptor '/home/sy/ros2_ws/install/mower_msgs/share/mower_msgs/hook/ld_library_path_lib.dsv'
[1.158s] INFO:colcon.colcon_core.shell:Creating environment hook '/home/sy/ros2_ws/install/mower_msgs/share/mower_msgs/hook/ld_library_path_lib.sh'
[1.158s] Level 1:colcon.colcon_core.environment:checking '/home/sy/ros2_ws/install/mower_msgs/bin'
[1.159s] Level 1:colcon.colcon_core.environment:checking '/home/sy/ros2_ws/install/mower_msgs/lib/pkgconfig/mower_msgs.pc'
[1.159s] Level 1:colcon.colcon_core.environment:checking '/home/sy/ros2_ws/install/mower_msgs/lib/python3.10/site-packages'
[1.159s] Level 1:colcon.colcon_core.environment:checking '/home/sy/ros2_ws/install/mower_msgs/bin'
[1.160s] INFO:colcon.colcon_core.shell:Creating package script '/home/sy/ros2_ws/install/mower_msgs/share/mower_msgs/package.ps1'
[1.161s] INFO:colcon.colcon_core.shell:Creating package descriptor '/home/sy/ros2_ws/install/mower_msgs/share/mower_msgs/package.dsv'
[1.162s] INFO:colcon.colcon_core.shell:Creating package script '/home/sy/ros2_ws/install/mower_msgs/share/mower_msgs/package.sh'
[1.164s] INFO:colcon.colcon_core.shell:Creating package script '/home/sy/ros2_ws/install/mower_msgs/share/mower_msgs/package.bash'
[1.165s] INFO:colcon.colcon_core.shell:Creating package script '/home/sy/ros2_ws/install/mower_msgs/share/mower_msgs/package.zsh'
[1.166s] Level 1:colcon.colcon_core.environment:create_file_with_runtime_dependencies(/home/sy/ros2_ws/install/mower_msgs/share/colcon-core/packages/mower_msgs)
[1.167s] Level 1:colcon.colcon_core.environment:create_environment_scripts_only(mower_msgs)
[1.168s] Level 1:colcon.colcon_core.environment:checking '/home/sy/ros2_ws/install/mower_msgs' for CMake module files
[1.169s] Level 1:colcon.colcon_core.environment:checking '/home/sy/ros2_ws/install/mower_msgs' for CMake config files
[1.169s] Level 1:colcon.colcon_core.shell:create_environment_hook('mower_msgs', 'cmake_prefix_path')
[1.170s] INFO:colcon.colcon_core.shell:Creating environment hook '/home/sy/ros2_ws/install/mower_msgs/share/mower_msgs/hook/cmake_prefix_path.ps1'
[1.171s] INFO:colcon.colcon_core.shell:Creating environment descriptor '/home/sy/ros2_ws/install/mower_msgs/share/mower_msgs/hook/cmake_prefix_path.dsv'
[1.171s] INFO:colcon.colcon_core.shell:Creating environment hook '/home/sy/ros2_ws/install/mower_msgs/share/mower_msgs/hook/cmake_prefix_path.sh'
[1.172s] Level 1:colcon.colcon_core.environment:checking '/home/sy/ros2_ws/install/mower_msgs/lib'
[1.172s] Level 1:colcon.colcon_core.shell:create_environment_hook('mower_msgs', 'ld_library_path_lib')
[1.173s] INFO:colcon.colcon_core.shell:Creating environment hook '/home/sy/ros2_ws/install/mower_msgs/share/mower_msgs/hook/ld_library_path_lib.ps1'
[1.173s] INFO:colcon.colcon_core.shell:Creating environment descriptor '/home/sy/ros2_ws/install/mower_msgs/share/mower_msgs/hook/ld_library_path_lib.dsv'
[1.174s] INFO:colcon.colcon_core.shell:Creating environment hook '/home/sy/ros2_ws/install/mower_msgs/share/mower_msgs/hook/ld_library_path_lib.sh'
[1.174s] Level 1:colcon.colcon_core.environment:checking '/home/sy/ros2_ws/install/mower_msgs/bin'
[1.174s] Level 1:colcon.colcon_core.environment:checking '/home/sy/ros2_ws/install/mower_msgs/lib/pkgconfig/mower_msgs.pc'
[1.175s] Level 1:colcon.colcon_core.environment:checking '/home/sy/ros2_ws/install/mower_msgs/lib/python3.10/site-packages'
[1.175s] Level 1:colcon.colcon_core.environment:checking '/home/sy/ros2_ws/install/mower_msgs/bin'
[1.176s] INFO:colcon.colcon_core.shell:Creating package script '/home/sy/ros2_ws/install/mower_msgs/share/mower_msgs/package.ps1'
[1.177s] INFO:colcon.colcon_core.shell:Creating package descriptor '/home/sy/ros2_ws/install/mower_msgs/share/mower_msgs/package.dsv'
[1.177s] INFO:colcon.colcon_core.shell:Creating package script '/home/sy/ros2_ws/install/mower_msgs/share/mower_msgs/package.sh'
[1.178s] INFO:colcon.colcon_core.shell:Creating package script '/home/sy/ros2_ws/install/mower_msgs/share/mower_msgs/package.bash'
[1.179s] INFO:colcon.colcon_core.shell:Creating package script '/home/sy/ros2_ws/install/mower_msgs/share/mower_msgs/package.zsh'
[1.179s] Level 1:colcon.colcon_core.environment:create_file_with_runtime_dependencies(/home/sy/ros2_ws/install/mower_msgs/share/colcon-core/packages/mower_msgs)
[1.180s] INFO:colcon.colcon_ros.task.ament_python.build:Building ROS package in '/home/sy/ros2_ws/src/mower_ai' with build type 'ament_python'
[1.180s] Level 1:colcon.colcon_core.shell:create_environment_hook('mower_ai', 'ament_prefix_path')
[1.181s] INFO:colcon.colcon_core.shell:Creating environment hook '/home/sy/ros2_ws/install/mower_ai/share/mower_ai/hook/ament_prefix_path.ps1'
[1.182s] INFO:colcon.colcon_core.shell:Creating environment descriptor '/home/sy/ros2_ws/install/mower_ai/share/mower_ai/hook/ament_prefix_path.dsv'
[1.183s] INFO:colcon.colcon_core.shell:Creating environment hook '/home/sy/ros2_ws/install/mower_ai/share/mower_ai/hook/ament_prefix_path.sh'
[1.183s] INFO:colcon.colcon_core.shell:Skip shell extension 'powershell' for command environment: Not usable outside of PowerShell
[1.184s] DEBUG:colcon.colcon_core.shell:Skip shell extension 'dsv' for command environment
[1.730s] INFO:colcon.colcon_core.task.python.build:Building Python package in '/home/sy/ros2_ws/src/mower_ai'
[1.731s] INFO:colcon.colcon_core.shell:Skip shell extension 'powershell' for command environment: Not usable outside of PowerShell
[1.731s] DEBUG:colcon.colcon_core.shell:Skip shell extension 'dsv' for command environment
[1.739s] DEBUG:colcon.colcon_core.event_handler.log_command:Invoking command in '/home/sy/ros2_ws/build/ros_tcp_endpoint': PYTHONPATH=/home/sy/ros2_ws/build/ros_tcp_endpoint/prefix_override:/usr/lib/python3/dist-packages/colcon_core/task/python/colcon_distutils_commands:/home/sy/ros2_ws/install/ros_tcp_endpoint/lib/python3.10/site-packages:${PYTHONPATH} /usr/bin/python3 -W ignore:setup.py install is deprecated -W ignore:easy_install command is deprecated setup.py develop --editable --build-directory /home/sy/ros2_ws/build/ros_tcp_endpoint/build --no-deps symlink_data
[2.469s] Level 1:colcon.colcon_core.shell:create_environment_hook('ros_tcp_endpoint', 'pythonpath_develop')
[2.469s] INFO:colcon.colcon_core.shell:Creating environment hook '/home/sy/ros2_ws/build/ros_tcp_endpoint/share/ros_tcp_endpoint/hook/pythonpath_develop.ps1'
[2.470s] DEBUG:colcon.colcon_core.event_handler.log_command:Invoked command in '/home/sy/ros2_ws/build/ros_tcp_endpoint' returned '0': PYTHONPATH=/home/sy/ros2_ws/build/ros_tcp_endpoint/prefix_override:/usr/lib/python3/dist-packages/colcon_core/task/python/colcon_distutils_commands:/home/sy/ros2_ws/install/ros_tcp_endpoint/lib/python3.10/site-packages:${PYTHONPATH} /usr/bin/python3 -W ignore:setup.py install is deprecated -W ignore:easy_install command is deprecated setup.py develop --editable --build-directory /home/sy/ros2_ws/build/ros_tcp_endpoint/build --no-deps symlink_data
[2.471s] INFO:colcon.colcon_core.shell:Creating environment descriptor '/home/sy/ros2_ws/build/ros_tcp_endpoint/share/ros_tcp_endpoint/hook/pythonpath_develop.dsv'
[2.471s] INFO:colcon.colcon_core.shell:Creating environment hook '/home/sy/ros2_ws/build/ros_tcp_endpoint/share/ros_tcp_endpoint/hook/pythonpath_develop.sh'
[2.472s] Level 1:colcon.colcon_core.environment:checking '/home/sy/ros2_ws/install/ros_tcp_endpoint' for CMake module files
[2.473s] Level 1:colcon.colcon_core.environment:checking '/home/sy/ros2_ws/install/ros_tcp_endpoint' for CMake config files
[2.473s] Level 1:colcon.colcon_core.environment:checking '/home/sy/ros2_ws/install/ros_tcp_endpoint/lib'
[2.473s] Level 1:colcon.colcon_core.environment:checking '/home/sy/ros2_ws/install/ros_tcp_endpoint/bin'
[2.474s] Level 1:colcon.colcon_core.environment:checking '/home/sy/ros2_ws/install/ros_tcp_endpoint/lib/pkgconfig/ros_tcp_endpoint.pc'
[2.474s] Level 1:colcon.colcon_core.environment:checking '/home/sy/ros2_ws/install/ros_tcp_endpoint/lib/python3.10/site-packages'
[2.474s] Level 1:colcon.colcon_core.shell:create_environment_hook('ros_tcp_endpoint', 'pythonpath')
[2.474s] INFO:colcon.colcon_core.shell:Creating environment hook '/home/sy/ros2_ws/install/ros_tcp_endpoint/share/ros_tcp_endpoint/hook/pythonpath.ps1'
[2.475s] INFO:colcon.colcon_core.shell:Creating environment descriptor '/home/sy/ros2_ws/install/ros_tcp_endpoint/share/ros_tcp_endpoint/hook/pythonpath.dsv'
[2.476s] INFO:colcon.colcon_core.shell:Creating environment hook '/home/sy/ros2_ws/install/ros_tcp_endpoint/share/ros_tcp_endpoint/hook/pythonpath.sh'
[2.478s] Level 1:colcon.colcon_core.environment:checking '/home/sy/ros2_ws/install/ros_tcp_endpoint/bin'
[2.478s] Level 1:colcon.colcon_core.environment:create_environment_scripts_only(ros_tcp_endpoint)
[2.478s] INFO:colcon.colcon_core.shell:Creating package script '/home/sy/ros2_ws/install/ros_tcp_endpoint/share/ros_tcp_endpoint/package.ps1'
[2.480s] INFO:colcon.colcon_core.shell:Creating package descriptor '/home/sy/ros2_ws/install/ros_tcp_endpoint/share/ros_tcp_endpoint/package.dsv'
[2.482s] INFO:colcon.colcon_core.shell:Creating package script '/home/sy/ros2_ws/install/ros_tcp_endpoint/share/ros_tcp_endpoint/package.sh'
[2.483s] INFO:colcon.colcon_core.shell:Creating package script '/home/sy/ros2_ws/install/ros_tcp_endpoint/share/ros_tcp_endpoint/package.bash'
[2.484s] INFO:colcon.colcon_core.shell:Creating package script '/home/sy/ros2_ws/install/ros_tcp_endpoint/share/ros_tcp_endpoint/package.zsh'
[2.485s] Level 1:colcon.colcon_core.environment:create_file_with_runtime_dependencies(/home/sy/ros2_ws/install/ros_tcp_endpoint/share/colcon-core/packages/ros_tcp_endpoint)
[2.567s] DEBUG:colcon.colcon_core.event_handler.log_command:Invoking command in '/home/sy/ros2_ws/build/mower_ai': PYTHONPATH=/home/sy/ros2_ws/build/mower_ai/prefix_override:/usr/lib/python3/dist-packages/colcon_core/task/python/colcon_distutils_commands:/home/sy/ros2_ws/install/mower_ai/lib/python3.10/site-packages:${PYTHONPATH} /usr/bin/python3 -W ignore:setup.py install is deprecated -W ignore:easy_install command is deprecated setup.py develop --editable --build-directory /home/sy/ros2_ws/build/mower_ai/build --no-deps symlink_data
[3.155s] Level 1:colcon.colcon_core.shell:create_environment_hook('mower_ai', 'pythonpath_develop')
[3.155s] INFO:colcon.colcon_core.shell:Creating environment hook '/home/sy/ros2_ws/build/mower_ai/share/mower_ai/hook/pythonpath_develop.ps1'
[3.156s] DEBUG:colcon.colcon_core.event_handler.log_command:Invoked command in '/home/sy/ros2_ws/build/mower_ai' returned '0': PYTHONPATH=/home/sy/ros2_ws/build/mower_ai/prefix_override:/usr/lib/python3/dist-packages/colcon_core/task/python/colcon_distutils_commands:/home/sy/ros2_ws/install/mower_ai/lib/python3.10/site-packages:${PYTHONPATH} /usr/bin/python3 -W ignore:setup.py install is deprecated -W ignore:easy_install command is deprecated setup.py develop --editable --build-directory /home/sy/ros2_ws/build/mower_ai/build --no-deps symlink_data
[3.156s] INFO:colcon.colcon_core.shell:Creating environment descriptor '/home/sy/ros2_ws/build/mower_ai/share/mower_ai/hook/pythonpath_develop.dsv'
[3.157s] INFO:colcon.colcon_core.shell:Creating environment hook '/home/sy/ros2_ws/build/mower_ai/share/mower_ai/hook/pythonpath_develop.sh'
[3.157s] Level 1:colcon.colcon_core.environment:checking '/home/sy/ros2_ws/install/mower_ai' for CMake module files
[3.158s] Level 1:colcon.colcon_core.environment:checking '/home/sy/ros2_ws/install/mower_ai' for CMake config files
[3.158s] Level 1:colcon.colcon_core.environment:checking '/home/sy/ros2_ws/install/mower_ai/lib'
[3.159s] Level 1:colcon.colcon_core.environment:checking '/home/sy/ros2_ws/install/mower_ai/bin'
[3.159s] Level 1:colcon.colcon_core.environment:checking '/home/sy/ros2_ws/install/mower_ai/lib/pkgconfig/mower_ai.pc'
[3.159s] Level 1:colcon.colcon_core.environment:checking '/home/sy/ros2_ws/install/mower_ai/lib/python3.10/site-packages'
[3.159s] Level 1:colcon.colcon_core.shell:create_environment_hook('mower_ai', 'pythonpath')
[3.160s] INFO:colcon.colcon_core.shell:Creating environment hook '/home/sy/ros2_ws/install/mower_ai/share/mower_ai/hook/pythonpath.ps1'
[3.161s] INFO:colcon.colcon_core.shell:Creating environment descriptor '/home/sy/ros2_ws/install/mower_ai/share/mower_ai/hook/pythonpath.dsv'
[3.162s] INFO:colcon.colcon_core.shell:Creating environment hook '/home/sy/ros2_ws/install/mower_ai/share/mower_ai/hook/pythonpath.sh'
[3.163s] Level 1:colcon.colcon_core.environment:checking '/home/sy/ros2_ws/install/mower_ai/bin'
[3.163s] Level 1:colcon.colcon_core.environment:create_environment_scripts_only(mower_ai)
[3.164s] INFO:colcon.colcon_core.shell:Creating package script '/home/sy/ros2_ws/install/mower_ai/share/mower_ai/package.ps1'
[3.165s] INFO:colcon.colcon_core.shell:Creating package descriptor '/home/sy/ros2_ws/install/mower_ai/share/mower_ai/package.dsv'
[3.166s] INFO:colcon.colcon_core.shell:Creating package script '/home/sy/ros2_ws/install/mower_ai/share/mower_ai/package.sh'
[3.167s] INFO:colcon.colcon_core.shell:Creating package script '/home/sy/ros2_ws/install/mower_ai/share/mower_ai/package.bash'
[3.168s] INFO:colcon.colcon_core.shell:Creating package script '/home/sy/ros2_ws/install/mower_ai/share/mower_ai/package.zsh'
[3.168s] Level 1:colcon.colcon_core.environment:create_file_with_runtime_dependencies(/home/sy/ros2_ws/install/mower_ai/share/colcon-core/packages/mower_ai)
[3.169s] DEBUG:colcon.colcon_parallel_executor.executor.parallel:closing loop
[3.170s] DEBUG:colcon.colcon_parallel_executor.executor.parallel:loop closed
[3.170s] DEBUG:colcon.colcon_parallel_executor.executor.parallel:run_until_complete finished with '0'
[3.170s] DEBUG:colcon.colcon_core.event_reactor:joining thread
[3.255s] INFO:colcon.colcon_core.plugin_system:Skipping extension 'colcon_notification.desktop_notification.notify_send': Could not find 'notify-send'
[3.255s] INFO:colcon.colcon_core.plugin_system:Skipping extension 'colcon_notification.desktop_notification.terminal_notifier': Not used on non-Darwin systems
[3.255s] INFO:colcon.colcon_core.plugin_system:Skipping extension 'colcon_notification.desktop_notification.win32': Not used on non-Windows systems
[3.255s] INFO:colcon.colcon_notification.desktop_notification:Sending desktop notification using 'notify2'
[3.256s] DEBUG:colcon.colcon_notification.desktop_notification.notify2:Failed to initialize notify2: org.freedesktop.DBus.Error.FileNotFound: Failed to connect to socket /run/user/1000/bus: No such file or directory
[3.256s] DEBUG:colcon.colcon_core.event_reactor:joined thread
[3.256s] INFO:colcon.colcon_core.shell:Creating prefix script '/home/sy/ros2_ws/install/local_setup.ps1'
[3.257s] INFO:colcon.colcon_core.shell:Creating prefix util module '/home/sy/ros2_ws/install/_local_setup_util_ps1.py'
[3.259s] INFO:colcon.colcon_core.shell:Creating prefix chain script '/home/sy/ros2_ws/install/setup.ps1'
[3.260s] INFO:colcon.colcon_core.shell:Creating prefix script '/home/sy/ros2_ws/install/local_setup.sh'
[3.261s] INFO:colcon.colcon_core.shell:Creating prefix util module '/home/sy/ros2_ws/install/_local_setup_util_sh.py'
[3.262s] INFO:colcon.colcon_core.shell:Creating prefix chain script '/home/sy/ros2_ws/install/setup.sh'
[3.263s] INFO:colcon.colcon_core.shell:Creating prefix script '/home/sy/ros2_ws/install/local_setup.bash'
[3.265s] INFO:colcon.colcon_core.shell:Creating prefix chain script '/home/sy/ros2_ws/install/setup.bash'
[3.268s] INFO:colcon.colcon_core.shell:Creating prefix script '/home/sy/ros2_ws/install/local_setup.zsh'
[3.269s] INFO:colcon.colcon_core.shell:Creating prefix chain script '/home/sy/ros2_ws/install/setup.zsh'
