[0.365s] DEBUG:colcon:Command line arguments: ['/usr/bin/colcon', 'build', '--symlink-install']
[0.365s] DEBUG:colcon:Parsed command line arguments: Namespace(log_base=None, log_level=None, verb_name='build', build_base='build', install_base='install', merge_install=False, symlink_install=True, test_result_base=None, continue_on_error=False, executor='parallel', parallel_workers=16, event_handlers=None, ignore_user_meta=False, metas=['./colcon.meta'], base_paths=['.'], packages_ignore=None, packages_ignore_regex=None, paths=None, packages_up_to=None, packages_up_to_regex=None, packages_above=None, packages_above_and_dependencies=None, packages_above_depth=None, packages_select_by_dep=None, packages_skip_by_dep=None, packages_skip_up_to=None, packages_select_build_failed=False, packages_skip_build_finished=False, packages_select_test_failures=False, packages_skip_test_passed=False, packages_select=None, packages_skip=None, packages_select_regex=None, packages_skip_regex=None, packages_start=None, packages_end=None, allow_overriding=[], cmake_args=None, cmake_target=None, cmake_target_skip_unavailable=False, cmake_clean_cache=False, cmake_clean_first=False, cmake_force_configure=False, ament_cmake_args=None, catkin_cmake_args=None, catkin_skip_building_tests=False, mixin_files=None, mixin=None, verb_parser=<colcon_mixin.mixin.mixin_argument.MixinArgumentDecorator object at 0x7f8c79cb69b0>, verb_extension=<colcon_core.verb.build.BuildVerb object at 0x7f8c79cb5c90>, main=<bound method BuildVerb.main of <colcon_core.verb.build.BuildVerb object at 0x7f8c79cb5c90>>, mixin_verb=('build',))
[0.706s] Level 1:colcon.colcon_core.package_discovery:discover_packages(colcon_meta) check parameters
[0.706s] Level 1:colcon.colcon_core.package_discovery:discover_packages(recursive) check parameters
[0.706s] Level 1:colcon.colcon_core.package_discovery:discover_packages(ignore) check parameters
[0.706s] Level 1:colcon.colcon_core.package_discovery:discover_packages(path) check parameters
[0.706s] Level 1:colcon.colcon_core.package_discovery:discover_packages(colcon_meta) discover
[0.706s] Level 1:colcon.colcon_core.package_discovery:discover_packages(recursive) discover
[0.706s] INFO:colcon.colcon_core.package_discovery:Crawling recursively for packages in '/home/sy/ros2_ws'
[0.707s] Level 1:colcon.colcon_core.package_identification:_identify(.) by extensions ['ignore', 'ignore_ament_install']
[0.707s] Level 1:colcon.colcon_core.package_identification:_identify(.) by extension 'ignore'
[0.707s] Level 1:colcon.colcon_core.package_identification:_identify(.) by extension 'ignore_ament_install'
[0.707s] Level 1:colcon.colcon_core.package_identification:_identify(.) by extensions ['colcon_pkg']
[0.707s] Level 1:colcon.colcon_core.package_identification:_identify(.) by extension 'colcon_pkg'
[0.707s] Level 1:colcon.colcon_core.package_identification:_identify(.) by extensions ['colcon_meta']
[0.707s] Level 1:colcon.colcon_core.package_identification:_identify(.) by extension 'colcon_meta'
[0.707s] Level 1:colcon.colcon_core.package_identification:_identify(.) by extensions ['ros']
[0.707s] Level 1:colcon.colcon_core.package_identification:_identify(.) by extension 'ros'
[0.724s] Level 1:colcon.colcon_core.package_identification:_identify(.) by extensions ['cmake', 'python']
[0.724s] Level 1:colcon.colcon_core.package_identification:_identify(.) by extension 'cmake'
[0.724s] Level 1:colcon.colcon_core.package_identification:_identify(.) by extension 'python'
[0.724s] Level 1:colcon.colcon_core.package_identification:_identify(.) by extensions ['python_setup_py']
[0.724s] Level 1:colcon.colcon_core.package_identification:_identify(.) by extension 'python_setup_py'
[0.725s] Level 1:colcon.colcon_core.package_identification:_identify(build) by extensions ['ignore', 'ignore_ament_install']
[0.725s] Level 1:colcon.colcon_core.package_identification:_identify(build) by extension 'ignore'
[0.725s] Level 1:colcon.colcon_core.package_identification:_identify(build) ignored
[0.725s] Level 1:colcon.colcon_core.package_identification:_identify(install) by extensions ['ignore', 'ignore_ament_install']
[0.726s] Level 1:colcon.colcon_core.package_identification:_identify(install) by extension 'ignore'
[0.726s] Level 1:colcon.colcon_core.package_identification:_identify(install) ignored
[0.726s] Level 1:colcon.colcon_core.package_identification:_identify(log) by extensions ['ignore', 'ignore_ament_install']
[0.726s] Level 1:colcon.colcon_core.package_identification:_identify(log) by extension 'ignore'
[0.726s] Level 1:colcon.colcon_core.package_identification:_identify(log) ignored
[0.726s] Level 1:colcon.colcon_core.package_identification:_identify(src) by extensions ['ignore', 'ignore_ament_install']
[0.727s] Level 1:colcon.colcon_core.package_identification:_identify(src) by extension 'ignore'
[0.727s] Level 1:colcon.colcon_core.package_identification:_identify(src) by extension 'ignore_ament_install'
[0.727s] Level 1:colcon.colcon_core.package_identification:_identify(src) by extensions ['colcon_pkg']
[0.727s] Level 1:colcon.colcon_core.package_identification:_identify(src) by extension 'colcon_pkg'
[0.727s] Level 1:colcon.colcon_core.package_identification:_identify(src) by extensions ['colcon_meta']
[0.727s] Level 1:colcon.colcon_core.package_identification:_identify(src) by extension 'colcon_meta'
[0.727s] Level 1:colcon.colcon_core.package_identification:_identify(src) by extensions ['ros']
[0.727s] Level 1:colcon.colcon_core.package_identification:_identify(src) by extension 'ros'
[0.727s] Level 1:colcon.colcon_core.package_identification:_identify(src) by extensions ['cmake', 'python']
[0.727s] Level 1:colcon.colcon_core.package_identification:_identify(src) by extension 'cmake'
[0.727s] Level 1:colcon.colcon_core.package_identification:_identify(src) by extension 'python'
[0.727s] Level 1:colcon.colcon_core.package_identification:_identify(src) by extensions ['python_setup_py']
[0.727s] Level 1:colcon.colcon_core.package_identification:_identify(src) by extension 'python_setup_py'
[0.728s] Level 1:colcon.colcon_core.package_identification:_identify(src/ROS-TCP-Endpoint) by extensions ['ignore', 'ignore_ament_install']
[0.728s] Level 1:colcon.colcon_core.package_identification:_identify(src/ROS-TCP-Endpoint) by extension 'ignore'
[0.728s] Level 1:colcon.colcon_core.package_identification:_identify(src/ROS-TCP-Endpoint) by extension 'ignore_ament_install'
[0.728s] Level 1:colcon.colcon_core.package_identification:_identify(src/ROS-TCP-Endpoint) by extensions ['colcon_pkg']
[0.728s] Level 1:colcon.colcon_core.package_identification:_identify(src/ROS-TCP-Endpoint) by extension 'colcon_pkg'
[0.728s] Level 1:colcon.colcon_core.package_identification:_identify(src/ROS-TCP-Endpoint) by extensions ['colcon_meta']
[0.728s] Level 1:colcon.colcon_core.package_identification:_identify(src/ROS-TCP-Endpoint) by extension 'colcon_meta'
[0.728s] Level 1:colcon.colcon_core.package_identification:_identify(src/ROS-TCP-Endpoint) by extensions ['ros']
[0.728s] Level 1:colcon.colcon_core.package_identification:_identify(src/ROS-TCP-Endpoint) by extension 'ros'
[0.732s] DEBUG:colcon.colcon_core.package_identification:Package 'src/ROS-TCP-Endpoint' with type 'ros.ament_python' and name 'ros_tcp_endpoint'
[0.733s] Level 1:colcon.colcon_core.package_identification:_identify(src/mower_ai) by extensions ['ignore', 'ignore_ament_install']
[0.733s] Level 1:colcon.colcon_core.package_identification:_identify(src/mower_ai) by extension 'ignore'
[0.733s] Level 1:colcon.colcon_core.package_identification:_identify(src/mower_ai) by extension 'ignore_ament_install'
[0.733s] Level 1:colcon.colcon_core.package_identification:_identify(src/mower_ai) by extensions ['colcon_pkg']
[0.733s] Level 1:colcon.colcon_core.package_identification:_identify(src/mower_ai) by extension 'colcon_pkg'
[0.733s] Level 1:colcon.colcon_core.package_identification:_identify(src/mower_ai) by extensions ['colcon_meta']
[0.733s] Level 1:colcon.colcon_core.package_identification:_identify(src/mower_ai) by extension 'colcon_meta'
[0.733s] Level 1:colcon.colcon_core.package_identification:_identify(src/mower_ai) by extensions ['ros']
[0.733s] Level 1:colcon.colcon_core.package_identification:_identify(src/mower_ai) by extension 'ros'
[0.734s] DEBUG:colcon.colcon_core.package_identification:Package 'src/mower_ai' with type 'ros.ament_python' and name 'mower_ai'
[0.735s] Level 1:colcon.colcon_core.package_identification:_identify(src/mower_msgs) by extensions ['ignore', 'ignore_ament_install']
[0.735s] Level 1:colcon.colcon_core.package_identification:_identify(src/mower_msgs) by extension 'ignore'
[0.735s] Level 1:colcon.colcon_core.package_identification:_identify(src/mower_msgs) by extension 'ignore_ament_install'
[0.735s] Level 1:colcon.colcon_core.package_identification:_identify(src/mower_msgs) by extensions ['colcon_pkg']
[0.735s] Level 1:colcon.colcon_core.package_identification:_identify(src/mower_msgs) by extension 'colcon_pkg'
[0.735s] Level 1:colcon.colcon_core.package_identification:_identify(src/mower_msgs) by extensions ['colcon_meta']
[0.735s] Level 1:colcon.colcon_core.package_identification:_identify(src/mower_msgs) by extension 'colcon_meta'
[0.735s] Level 1:colcon.colcon_core.package_identification:_identify(src/mower_msgs) by extensions ['ros']
[0.735s] Level 1:colcon.colcon_core.package_identification:_identify(src/mower_msgs) by extension 'ros'
[0.736s] DEBUG:colcon.colcon_core.package_identification:Package 'src/mower_msgs' with type 'ros.ament_cmake' and name 'mower_msgs'
[0.736s] Level 1:colcon.colcon_core.package_discovery:discover_packages(recursive) using defaults
[0.736s] Level 1:colcon.colcon_core.package_discovery:discover_packages(ignore) discover
[0.736s] Level 1:colcon.colcon_core.package_discovery:discover_packages(ignore) using defaults
[0.736s] Level 1:colcon.colcon_core.package_discovery:discover_packages(path) discover
[0.736s] Level 1:colcon.colcon_core.package_discovery:discover_packages(path) using defaults
[0.796s] Level 1:colcon.colcon_core.package_discovery:discover_packages(prefix_path) check parameters
[0.797s] Level 1:colcon.colcon_core.package_discovery:discover_packages(prefix_path) discover
[0.802s] DEBUG:colcon.colcon_installed_package_information.package_discovery:Found 3 installed packages in /home/sy/ros2_ws/install
[0.804s] DEBUG:colcon.colcon_installed_package_information.package_discovery:Found 279 installed packages in /opt/ros/humble
[0.805s] Level 1:colcon.colcon_core.package_discovery:discover_packages(prefix_path) using defaults
[0.897s] Level 5:colcon.colcon_core.verb:set package 'mower_msgs' build argument 'cmake_args' from command line to 'None'
[0.897s] Level 5:colcon.colcon_core.verb:set package 'mower_msgs' build argument 'cmake_target' from command line to 'None'
[0.898s] Level 5:colcon.colcon_core.verb:set package 'mower_msgs' build argument 'cmake_target_skip_unavailable' from command line to 'False'
[0.898s] Level 5:colcon.colcon_core.verb:set package 'mower_msgs' build argument 'cmake_clean_cache' from command line to 'False'
[0.898s] Level 5:colcon.colcon_core.verb:set package 'mower_msgs' build argument 'cmake_clean_first' from command line to 'False'
[0.898s] Level 5:colcon.colcon_core.verb:set package 'mower_msgs' build argument 'cmake_force_configure' from command line to 'False'
[0.898s] Level 5:colcon.colcon_core.verb:set package 'mower_msgs' build argument 'ament_cmake_args' from command line to 'None'
[0.898s] Level 5:colcon.colcon_core.verb:set package 'mower_msgs' build argument 'catkin_cmake_args' from command line to 'None'
[0.898s] Level 5:colcon.colcon_core.verb:set package 'mower_msgs' build argument 'catkin_skip_building_tests' from command line to 'False'
[0.898s] DEBUG:colcon.colcon_core.verb:Building package 'mower_msgs' with the following arguments: {'ament_cmake_args': None, 'build_base': '/home/sy/ros2_ws/build/mower_msgs', 'catkin_cmake_args': None, 'catkin_skip_building_tests': False, 'cmake_args': None, 'cmake_clean_cache': False, 'cmake_clean_first': False, 'cmake_force_configure': False, 'cmake_target': None, 'cmake_target_skip_unavailable': False, 'install_base': '/home/sy/ros2_ws/install/mower_msgs', 'merge_install': False, 'path': '/home/sy/ros2_ws/src/mower_msgs', 'symlink_install': True, 'test_result_base': None}
[0.898s] Level 5:colcon.colcon_core.verb:set package 'ros_tcp_endpoint' build argument 'cmake_args' from command line to 'None'
[0.898s] Level 5:colcon.colcon_core.verb:set package 'ros_tcp_endpoint' build argument 'cmake_target' from command line to 'None'
[0.898s] Level 5:colcon.colcon_core.verb:set package 'ros_tcp_endpoint' build argument 'cmake_target_skip_unavailable' from command line to 'False'
[0.898s] Level 5:colcon.colcon_core.verb:set package 'ros_tcp_endpoint' build argument 'cmake_clean_cache' from command line to 'False'
[0.898s] Level 5:colcon.colcon_core.verb:set package 'ros_tcp_endpoint' build argument 'cmake_clean_first' from command line to 'False'
[0.898s] Level 5:colcon.colcon_core.verb:set package 'ros_tcp_endpoint' build argument 'cmake_force_configure' from command line to 'False'
[0.898s] Level 5:colcon.colcon_core.verb:set package 'ros_tcp_endpoint' build argument 'ament_cmake_args' from command line to 'None'
[0.898s] Level 5:colcon.colcon_core.verb:set package 'ros_tcp_endpoint' build argument 'catkin_cmake_args' from command line to 'None'
[0.898s] Level 5:colcon.colcon_core.verb:set package 'ros_tcp_endpoint' build argument 'catkin_skip_building_tests' from command line to 'False'
[0.898s] DEBUG:colcon.colcon_core.verb:Building package 'ros_tcp_endpoint' with the following arguments: {'ament_cmake_args': None, 'build_base': '/home/sy/ros2_ws/build/ros_tcp_endpoint', 'catkin_cmake_args': None, 'catkin_skip_building_tests': False, 'cmake_args': None, 'cmake_clean_cache': False, 'cmake_clean_first': False, 'cmake_force_configure': False, 'cmake_target': None, 'cmake_target_skip_unavailable': False, 'install_base': '/home/sy/ros2_ws/install/ros_tcp_endpoint', 'merge_install': False, 'path': '/home/sy/ros2_ws/src/ROS-TCP-Endpoint', 'symlink_install': True, 'test_result_base': None}
[0.899s] Level 5:colcon.colcon_core.verb:set package 'mower_ai' build argument 'cmake_args' from command line to 'None'
[0.899s] Level 5:colcon.colcon_core.verb:set package 'mower_ai' build argument 'cmake_target' from command line to 'None'
[0.899s] Level 5:colcon.colcon_core.verb:set package 'mower_ai' build argument 'cmake_target_skip_unavailable' from command line to 'False'
[0.899s] Level 5:colcon.colcon_core.verb:set package 'mower_ai' build argument 'cmake_clean_cache' from command line to 'False'
[0.899s] Level 5:colcon.colcon_core.verb:set package 'mower_ai' build argument 'cmake_clean_first' from command line to 'False'
[0.899s] Level 5:colcon.colcon_core.verb:set package 'mower_ai' build argument 'cmake_force_configure' from command line to 'False'
[0.899s] Level 5:colcon.colcon_core.verb:set package 'mower_ai' build argument 'ament_cmake_args' from command line to 'None'
[0.899s] Level 5:colcon.colcon_core.verb:set package 'mower_ai' build argument 'catkin_cmake_args' from command line to 'None'
[0.899s] Level 5:colcon.colcon_core.verb:set package 'mower_ai' build argument 'catkin_skip_building_tests' from command line to 'False'
[0.899s] DEBUG:colcon.colcon_core.verb:Building package 'mower_ai' with the following arguments: {'ament_cmake_args': None, 'build_base': '/home/sy/ros2_ws/build/mower_ai', 'catkin_cmake_args': None, 'catkin_skip_building_tests': False, 'cmake_args': None, 'cmake_clean_cache': False, 'cmake_clean_first': False, 'cmake_force_configure': False, 'cmake_target': None, 'cmake_target_skip_unavailable': False, 'install_base': '/home/sy/ros2_ws/install/mower_ai', 'merge_install': False, 'path': '/home/sy/ros2_ws/src/mower_ai', 'symlink_install': True, 'test_result_base': None}
[0.899s] INFO:colcon.colcon_core.executor:Executing jobs using 'parallel' executor
[0.900s] DEBUG:colcon.colcon_parallel_executor.executor.parallel:run_until_complete
[0.901s] INFO:colcon.colcon_ros.task.ament_cmake.build:Building ROS package in '/home/sy/ros2_ws/src/mower_msgs' with build type 'ament_cmake'
[0.901s] INFO:colcon.colcon_cmake.task.cmake.build:Building CMake package in '/home/sy/ros2_ws/src/mower_msgs'
[0.907s] INFO:colcon.colcon_core.plugin_system:Skipping extension 'colcon_core.shell.bat': Not used on non-Windows systems
[0.907s] INFO:colcon.colcon_core.shell:Skip shell extension 'powershell' for command environment: Not usable outside of PowerShell
[0.908s] DEBUG:colcon.colcon_core.shell:Skip shell extension 'dsv' for command environment
[0.912s] INFO:colcon.colcon_ros.task.ament_python.build:Building ROS package in '/home/sy/ros2_ws/src/ROS-TCP-Endpoint' with build type 'ament_python'
[0.912s] Level 1:colcon.colcon_core.shell:create_environment_hook('ros_tcp_endpoint', 'ament_prefix_path')
[0.913s] INFO:colcon.colcon_core.shell:Creating environment hook '/home/sy/ros2_ws/install/ros_tcp_endpoint/share/ros_tcp_endpoint/hook/ament_prefix_path.ps1'
[0.914s] INFO:colcon.colcon_core.shell:Creating environment descriptor '/home/sy/ros2_ws/install/ros_tcp_endpoint/share/ros_tcp_endpoint/hook/ament_prefix_path.dsv'
[0.916s] INFO:colcon.colcon_core.shell:Creating environment hook '/home/sy/ros2_ws/install/ros_tcp_endpoint/share/ros_tcp_endpoint/hook/ament_prefix_path.sh'
[0.917s] INFO:colcon.colcon_core.shell:Skip shell extension 'powershell' for command environment: Not usable outside of PowerShell
[0.917s] DEBUG:colcon.colcon_core.shell:Skip shell extension 'dsv' for command environment
[0.929s] DEBUG:colcon.colcon_core.event_handler.log_command:Invoking command in '/home/sy/ros2_ws/build/mower_msgs': CMAKE_PREFIX_PATH=${CMAKE_PREFIX_PATH}:/home/sy/ros2_ws/install/ros_tcp_endpoint:/home/sy/ros2_ws/install/mower_ai:/opt/ros/humble /usr/bin/cmake --build /home/sy/ros2_ws/build/mower_msgs -- -j16 -l16
[1.237s] INFO:colcon.colcon_core.task.python.build:Building Python package in '/home/sy/ros2_ws/src/ROS-TCP-Endpoint'
[1.237s] INFO:colcon.colcon_core.shell:Skip shell extension 'powershell' for command environment: Not usable outside of PowerShell
[1.237s] DEBUG:colcon.colcon_core.shell:Skip shell extension 'dsv' for command environment
[0.099s] DEBUG:colcon.colcon_core.event_handler.log_command:Invoked command in '/home/sy/ros2_ws/build/mower_msgs' returned '0': CMAKE_PREFIX_PATH=${CMAKE_PREFIX_PATH}:/home/sy/ros2_ws/install/ros_tcp_endpoint:/home/sy/ros2_ws/install/mower_ai:/opt/ros/humble /usr/bin/cmake --build /home/sy/ros2_ws/build/mower_msgs -- -j16 -l16
[0.113s] DEBUG:colcon.colcon_core.event_handler.log_command:Invoking command in '/home/sy/ros2_ws/build/mower_msgs': CMAKE_PREFIX_PATH=${CMAKE_PREFIX_PATH}:/home/sy/ros2_ws/install/ros_tcp_endpoint:/home/sy/ros2_ws/install/mower_ai:/opt/ros/humble /usr/bin/cmake --install /home/sy/ros2_ws/build/mower_msgs
[0.251s] Level 1:colcon.colcon_core.environment:create_environment_scripts_only(mower_msgs)
[0.253s] DEBUG:colcon.colcon_core.event_handler.log_command:Invoked command in '/home/sy/ros2_ws/build/mower_msgs' returned '0': CMAKE_PREFIX_PATH=${CMAKE_PREFIX_PATH}:/home/sy/ros2_ws/install/ros_tcp_endpoint:/home/sy/ros2_ws/install/mower_ai:/opt/ros/humble /usr/bin/cmake --install /home/sy/ros2_ws/build/mower_msgs
[0.265s] Level 1:colcon.colcon_core.environment:checking '/home/sy/ros2_ws/install/mower_msgs' for CMake module files
[0.266s] Level 1:colcon.colcon_core.environment:checking '/home/sy/ros2_ws/install/mower_msgs' for CMake config files
[0.271s] Level 1:colcon.colcon_core.shell:create_environment_hook('mower_msgs', 'cmake_prefix_path')
[0.272s] INFO:colcon.colcon_core.shell:Creating environment hook '/home/sy/ros2_ws/install/mower_msgs/share/mower_msgs/hook/cmake_prefix_path.ps1'
[0.273s] INFO:colcon.colcon_core.shell:Creating environment descriptor '/home/sy/ros2_ws/install/mower_msgs/share/mower_msgs/hook/cmake_prefix_path.dsv'
[0.274s] INFO:colcon.colcon_core.shell:Creating environment hook '/home/sy/ros2_ws/install/mower_msgs/share/mower_msgs/hook/cmake_prefix_path.sh'
[0.275s] Level 1:colcon.colcon_core.environment:checking '/home/sy/ros2_ws/install/mower_msgs/lib'
[0.275s] Level 1:colcon.colcon_core.shell:create_environment_hook('mower_msgs', 'ld_library_path_lib')
[0.276s] INFO:colcon.colcon_core.shell:Creating environment hook '/home/sy/ros2_ws/install/mower_msgs/share/mower_msgs/hook/ld_library_path_lib.ps1'
[0.276s] INFO:colcon.colcon_core.shell:Creating environment descriptor '/home/sy/ros2_ws/install/mower_msgs/share/mower_msgs/hook/ld_library_path_lib.dsv'
[0.277s] INFO:colcon.colcon_core.shell:Creating environment hook '/home/sy/ros2_ws/install/mower_msgs/share/mower_msgs/hook/ld_library_path_lib.sh'
[0.277s] Level 1:colcon.colcon_core.environment:checking '/home/sy/ros2_ws/install/mower_msgs/bin'
[0.277s] Level 1:colcon.colcon_core.environment:checking '/home/sy/ros2_ws/install/mower_msgs/lib/pkgconfig/mower_msgs.pc'
[0.278s] Level 1:colcon.colcon_core.environment:checking '/home/sy/ros2_ws/install/mower_msgs/lib/python3.10/site-packages'
[0.278s] Level 1:colcon.colcon_core.environment:checking '/home/sy/ros2_ws/install/mower_msgs/bin'
[0.279s] INFO:colcon.colcon_core.shell:Creating package script '/home/sy/ros2_ws/install/mower_msgs/share/mower_msgs/package.ps1'
[0.281s] INFO:colcon.colcon_core.shell:Creating package descriptor '/home/sy/ros2_ws/install/mower_msgs/share/mower_msgs/package.dsv'
[0.282s] INFO:colcon.colcon_core.shell:Creating package script '/home/sy/ros2_ws/install/mower_msgs/share/mower_msgs/package.sh'
[0.285s] INFO:colcon.colcon_core.shell:Creating package script '/home/sy/ros2_ws/install/mower_msgs/share/mower_msgs/package.bash'
[0.286s] INFO:colcon.colcon_core.shell:Creating package script '/home/sy/ros2_ws/install/mower_msgs/share/mower_msgs/package.zsh'
[0.287s] Level 1:colcon.colcon_core.environment:create_file_with_runtime_dependencies(/home/sy/ros2_ws/install/mower_msgs/share/colcon-core/packages/mower_msgs)
[0.288s] Level 1:colcon.colcon_core.environment:create_environment_scripts_only(mower_msgs)
[0.289s] Level 1:colcon.colcon_core.environment:checking '/home/sy/ros2_ws/install/mower_msgs' for CMake module files
[0.290s] Level 1:colcon.colcon_core.environment:checking '/home/sy/ros2_ws/install/mower_msgs' for CMake config files
[0.291s] Level 1:colcon.colcon_core.shell:create_environment_hook('mower_msgs', 'cmake_prefix_path')
[0.291s] INFO:colcon.colcon_core.shell:Creating environment hook '/home/sy/ros2_ws/install/mower_msgs/share/mower_msgs/hook/cmake_prefix_path.ps1'
[0.292s] INFO:colcon.colcon_core.shell:Creating environment descriptor '/home/sy/ros2_ws/install/mower_msgs/share/mower_msgs/hook/cmake_prefix_path.dsv'
[0.293s] INFO:colcon.colcon_core.shell:Creating environment hook '/home/sy/ros2_ws/install/mower_msgs/share/mower_msgs/hook/cmake_prefix_path.sh'
[0.294s] Level 1:colcon.colcon_core.environment:checking '/home/sy/ros2_ws/install/mower_msgs/lib'
[0.294s] Level 1:colcon.colcon_core.shell:create_environment_hook('mower_msgs', 'ld_library_path_lib')
[0.295s] INFO:colcon.colcon_core.shell:Creating environment hook '/home/sy/ros2_ws/install/mower_msgs/share/mower_msgs/hook/ld_library_path_lib.ps1'
[0.295s] INFO:colcon.colcon_core.shell:Creating environment descriptor '/home/sy/ros2_ws/install/mower_msgs/share/mower_msgs/hook/ld_library_path_lib.dsv'
[0.296s] INFO:colcon.colcon_core.shell:Creating environment hook '/home/sy/ros2_ws/install/mower_msgs/share/mower_msgs/hook/ld_library_path_lib.sh'
[0.297s] Level 1:colcon.colcon_core.environment:checking '/home/sy/ros2_ws/install/mower_msgs/bin'
[0.297s] Level 1:colcon.colcon_core.environment:checking '/home/sy/ros2_ws/install/mower_msgs/lib/pkgconfig/mower_msgs.pc'
[0.297s] Level 1:colcon.colcon_core.environment:checking '/home/sy/ros2_ws/install/mower_msgs/lib/python3.10/site-packages'
[0.298s] Level 1:colcon.colcon_core.environment:checking '/home/sy/ros2_ws/install/mower_msgs/bin'
[0.298s] INFO:colcon.colcon_core.shell:Creating package script '/home/sy/ros2_ws/install/mower_msgs/share/mower_msgs/package.ps1'
[0.299s] INFO:colcon.colcon_core.shell:Creating package descriptor '/home/sy/ros2_ws/install/mower_msgs/share/mower_msgs/package.dsv'
[0.300s] INFO:colcon.colcon_core.shell:Creating package script '/home/sy/ros2_ws/install/mower_msgs/share/mower_msgs/package.sh'
[0.301s] INFO:colcon.colcon_core.shell:Creating package script '/home/sy/ros2_ws/install/mower_msgs/share/mower_msgs/package.bash'
[0.302s] INFO:colcon.colcon_core.shell:Creating package script '/home/sy/ros2_ws/install/mower_msgs/share/mower_msgs/package.zsh'
[0.303s] Level 1:colcon.colcon_core.environment:create_file_with_runtime_dependencies(/home/sy/ros2_ws/install/mower_msgs/share/colcon-core/packages/mower_msgs)
[0.304s] INFO:colcon.colcon_ros.task.ament_python.build:Building ROS package in '/home/sy/ros2_ws/src/mower_ai' with build type 'ament_python'
[0.304s] Level 1:colcon.colcon_core.shell:create_environment_hook('mower_ai', 'ament_prefix_path')
[0.305s] INFO:colcon.colcon_core.shell:Creating environment hook '/home/sy/ros2_ws/install/mower_ai/share/mower_ai/hook/ament_prefix_path.ps1'
[0.306s] INFO:colcon.colcon_core.shell:Creating environment descriptor '/home/sy/ros2_ws/install/mower_ai/share/mower_ai/hook/ament_prefix_path.dsv'
[0.308s] INFO:colcon.colcon_core.shell:Creating environment hook '/home/sy/ros2_ws/install/mower_ai/share/mower_ai/hook/ament_prefix_path.sh'
[0.310s] INFO:colcon.colcon_core.shell:Skip shell extension 'powershell' for command environment: Not usable outside of PowerShell
[0.310s] DEBUG:colcon.colcon_core.shell:Skip shell extension 'dsv' for command environment
[0.791s] INFO:colcon.colcon_core.task.python.build:Building Python package in '/home/sy/ros2_ws/src/mower_ai'
[0.792s] INFO:colcon.colcon_core.shell:Skip shell extension 'powershell' for command environment: Not usable outside of PowerShell
[0.792s] DEBUG:colcon.colcon_core.shell:Skip shell extension 'dsv' for command environment
[0.801s] DEBUG:colcon.colcon_core.event_handler.log_command:Invoking command in '/home/sy/ros2_ws/build/ros_tcp_endpoint': PYTHONPATH=/home/sy/ros2_ws/build/ros_tcp_endpoint/prefix_override:/usr/lib/python3/dist-packages/colcon_core/task/python/colcon_distutils_commands:/home/sy/ros2_ws/install/ros_tcp_endpoint/lib/python3.10/site-packages:${PYTHONPATH} /usr/bin/python3 -W ignore:setup.py install is deprecated -W ignore:easy_install command is deprecated setup.py develop --editable --build-directory /home/sy/ros2_ws/build/ros_tcp_endpoint/build --no-deps symlink_data
[1.448s] Level 1:colcon.colcon_core.shell:create_environment_hook('ros_tcp_endpoint', 'pythonpath_develop')
[1.449s] INFO:colcon.colcon_core.shell:Creating environment hook '/home/sy/ros2_ws/build/ros_tcp_endpoint/share/ros_tcp_endpoint/hook/pythonpath_develop.ps1'
[1.449s] DEBUG:colcon.colcon_core.event_handler.log_command:Invoked command in '/home/sy/ros2_ws/build/ros_tcp_endpoint' returned '0': PYTHONPATH=/home/sy/ros2_ws/build/ros_tcp_endpoint/prefix_override:/usr/lib/python3/dist-packages/colcon_core/task/python/colcon_distutils_commands:/home/sy/ros2_ws/install/ros_tcp_endpoint/lib/python3.10/site-packages:${PYTHONPATH} /usr/bin/python3 -W ignore:setup.py install is deprecated -W ignore:easy_install command is deprecated setup.py develop --editable --build-directory /home/sy/ros2_ws/build/ros_tcp_endpoint/build --no-deps symlink_data
[1.450s] INFO:colcon.colcon_core.shell:Creating environment descriptor '/home/sy/ros2_ws/build/ros_tcp_endpoint/share/ros_tcp_endpoint/hook/pythonpath_develop.dsv'
[1.451s] INFO:colcon.colcon_core.shell:Creating environment hook '/home/sy/ros2_ws/build/ros_tcp_endpoint/share/ros_tcp_endpoint/hook/pythonpath_develop.sh'
[1.453s] Level 1:colcon.colcon_core.environment:checking '/home/sy/ros2_ws/install/ros_tcp_endpoint' for CMake module files
[1.453s] Level 1:colcon.colcon_core.environment:checking '/home/sy/ros2_ws/install/ros_tcp_endpoint' for CMake config files
[1.454s] Level 1:colcon.colcon_core.environment:checking '/home/sy/ros2_ws/install/ros_tcp_endpoint/lib'
[1.454s] Level 1:colcon.colcon_core.environment:checking '/home/sy/ros2_ws/install/ros_tcp_endpoint/bin'
[1.454s] Level 1:colcon.colcon_core.environment:checking '/home/sy/ros2_ws/install/ros_tcp_endpoint/lib/pkgconfig/ros_tcp_endpoint.pc'
[1.455s] Level 1:colcon.colcon_core.environment:checking '/home/sy/ros2_ws/install/ros_tcp_endpoint/lib/python3.10/site-packages'
[1.455s] Level 1:colcon.colcon_core.shell:create_environment_hook('ros_tcp_endpoint', 'pythonpath')
[1.455s] INFO:colcon.colcon_core.shell:Creating environment hook '/home/sy/ros2_ws/install/ros_tcp_endpoint/share/ros_tcp_endpoint/hook/pythonpath.ps1'
[1.457s] INFO:colcon.colcon_core.shell:Creating environment descriptor '/home/sy/ros2_ws/install/ros_tcp_endpoint/share/ros_tcp_endpoint/hook/pythonpath.dsv'
[1.457s] INFO:colcon.colcon_core.shell:Creating environment hook '/home/sy/ros2_ws/install/ros_tcp_endpoint/share/ros_tcp_endpoint/hook/pythonpath.sh'
[1.459s] Level 1:colcon.colcon_core.environment:checking '/home/sy/ros2_ws/install/ros_tcp_endpoint/bin'
[1.459s] Level 1:colcon.colcon_core.environment:create_environment_scripts_only(ros_tcp_endpoint)
[1.460s] INFO:colcon.colcon_core.shell:Creating package script '/home/sy/ros2_ws/install/ros_tcp_endpoint/share/ros_tcp_endpoint/package.ps1'
[1.462s] INFO:colcon.colcon_core.shell:Creating package descriptor '/home/sy/ros2_ws/install/ros_tcp_endpoint/share/ros_tcp_endpoint/package.dsv'
[1.463s] INFO:colcon.colcon_core.shell:Creating package script '/home/sy/ros2_ws/install/ros_tcp_endpoint/share/ros_tcp_endpoint/package.sh'
[1.465s] INFO:colcon.colcon_core.shell:Creating package script '/home/sy/ros2_ws/install/ros_tcp_endpoint/share/ros_tcp_endpoint/package.bash'
[1.465s] INFO:colcon.colcon_core.shell:Creating package script '/home/sy/ros2_ws/install/ros_tcp_endpoint/share/ros_tcp_endpoint/package.zsh'
[1.466s] Level 1:colcon.colcon_core.environment:create_file_with_runtime_dependencies(/home/sy/ros2_ws/install/ros_tcp_endpoint/share/colcon-core/packages/ros_tcp_endpoint)
[1.517s] DEBUG:colcon.colcon_core.event_handler.log_command:Invoking command in '/home/sy/ros2_ws/build/mower_ai': PYTHONPATH=/home/sy/ros2_ws/build/mower_ai/prefix_override:/usr/lib/python3/dist-packages/colcon_core/task/python/colcon_distutils_commands:/home/sy/ros2_ws/install/mower_ai/lib/python3.10/site-packages:${PYTHONPATH} /usr/bin/python3 -W ignore:setup.py install is deprecated -W ignore:easy_install command is deprecated setup.py develop --editable --build-directory /home/sy/ros2_ws/build/mower_ai/build --no-deps symlink_data
[2.007s] Level 1:colcon.colcon_core.shell:create_environment_hook('mower_ai', 'pythonpath_develop')
[2.008s] INFO:colcon.colcon_core.shell:Creating environment hook '/home/sy/ros2_ws/build/mower_ai/share/mower_ai/hook/pythonpath_develop.ps1'
[2.008s] DEBUG:colcon.colcon_core.event_handler.log_command:Invoked command in '/home/sy/ros2_ws/build/mower_ai' returned '0': PYTHONPATH=/home/sy/ros2_ws/build/mower_ai/prefix_override:/usr/lib/python3/dist-packages/colcon_core/task/python/colcon_distutils_commands:/home/sy/ros2_ws/install/mower_ai/lib/python3.10/site-packages:${PYTHONPATH} /usr/bin/python3 -W ignore:setup.py install is deprecated -W ignore:easy_install command is deprecated setup.py develop --editable --build-directory /home/sy/ros2_ws/build/mower_ai/build --no-deps symlink_data
[2.009s] INFO:colcon.colcon_core.shell:Creating environment descriptor '/home/sy/ros2_ws/build/mower_ai/share/mower_ai/hook/pythonpath_develop.dsv'
[2.009s] INFO:colcon.colcon_core.shell:Creating environment hook '/home/sy/ros2_ws/build/mower_ai/share/mower_ai/hook/pythonpath_develop.sh'
[2.010s] Level 1:colcon.colcon_core.environment:checking '/home/sy/ros2_ws/install/mower_ai' for CMake module files
[2.011s] Level 1:colcon.colcon_core.environment:checking '/home/sy/ros2_ws/install/mower_ai' for CMake config files
[2.012s] Level 1:colcon.colcon_core.environment:checking '/home/sy/ros2_ws/install/mower_ai/lib'
[2.012s] Level 1:colcon.colcon_core.environment:checking '/home/sy/ros2_ws/install/mower_ai/bin'
[2.012s] Level 1:colcon.colcon_core.environment:checking '/home/sy/ros2_ws/install/mower_ai/lib/pkgconfig/mower_ai.pc'
[2.012s] Level 1:colcon.colcon_core.environment:checking '/home/sy/ros2_ws/install/mower_ai/lib/python3.10/site-packages'
[2.012s] Level 1:colcon.colcon_core.shell:create_environment_hook('mower_ai', 'pythonpath')
[2.013s] INFO:colcon.colcon_core.shell:Creating environment hook '/home/sy/ros2_ws/install/mower_ai/share/mower_ai/hook/pythonpath.ps1'
[2.013s] INFO:colcon.colcon_core.shell:Creating environment descriptor '/home/sy/ros2_ws/install/mower_ai/share/mower_ai/hook/pythonpath.dsv'
[2.014s] INFO:colcon.colcon_core.shell:Creating environment hook '/home/sy/ros2_ws/install/mower_ai/share/mower_ai/hook/pythonpath.sh'
[2.014s] Level 1:colcon.colcon_core.environment:checking '/home/sy/ros2_ws/install/mower_ai/bin'
[2.014s] Level 1:colcon.colcon_core.environment:create_environment_scripts_only(mower_ai)
[2.015s] INFO:colcon.colcon_core.shell:Creating package script '/home/sy/ros2_ws/install/mower_ai/share/mower_ai/package.ps1'
[2.016s] INFO:colcon.colcon_core.shell:Creating package descriptor '/home/sy/ros2_ws/install/mower_ai/share/mower_ai/package.dsv'
[2.016s] INFO:colcon.colcon_core.shell:Creating package script '/home/sy/ros2_ws/install/mower_ai/share/mower_ai/package.sh'
[2.017s] INFO:colcon.colcon_core.shell:Creating package script '/home/sy/ros2_ws/install/mower_ai/share/mower_ai/package.bash'
[2.018s] INFO:colcon.colcon_core.shell:Creating package script '/home/sy/ros2_ws/install/mower_ai/share/mower_ai/package.zsh'
[2.018s] Level 1:colcon.colcon_core.environment:create_file_with_runtime_dependencies(/home/sy/ros2_ws/install/mower_ai/share/colcon-core/packages/mower_ai)
[2.018s] DEBUG:colcon.colcon_parallel_executor.executor.parallel:closing loop
[2.019s] DEBUG:colcon.colcon_parallel_executor.executor.parallel:loop closed
[2.019s] DEBUG:colcon.colcon_parallel_executor.executor.parallel:run_until_complete finished with '0'
[2.019s] DEBUG:colcon.colcon_core.event_reactor:joining thread
[2.090s] INFO:colcon.colcon_core.plugin_system:Skipping extension 'colcon_notification.desktop_notification.notify_send': Could not find 'notify-send'
[2.091s] INFO:colcon.colcon_core.plugin_system:Skipping extension 'colcon_notification.desktop_notification.terminal_notifier': Not used on non-Darwin systems
[2.091s] INFO:colcon.colcon_core.plugin_system:Skipping extension 'colcon_notification.desktop_notification.win32': Not used on non-Windows systems
[2.091s] INFO:colcon.colcon_notification.desktop_notification:Sending desktop notification using 'notify2'
[2.091s] DEBUG:colcon.colcon_notification.desktop_notification.notify2:Failed to initialize notify2: org.freedesktop.DBus.Error.FileNotFound: Failed to connect to socket /run/user/1000/bus: No such file or directory
[2.091s] DEBUG:colcon.colcon_core.event_reactor:joined thread
[2.092s] INFO:colcon.colcon_core.shell:Creating prefix script '/home/sy/ros2_ws/install/local_setup.ps1'
[2.093s] INFO:colcon.colcon_core.shell:Creating prefix util module '/home/sy/ros2_ws/install/_local_setup_util_ps1.py'
[2.095s] INFO:colcon.colcon_core.shell:Creating prefix chain script '/home/sy/ros2_ws/install/setup.ps1'
[2.097s] INFO:colcon.colcon_core.shell:Creating prefix script '/home/sy/ros2_ws/install/local_setup.sh'
[2.098s] INFO:colcon.colcon_core.shell:Creating prefix util module '/home/sy/ros2_ws/install/_local_setup_util_sh.py'
[2.098s] INFO:colcon.colcon_core.shell:Creating prefix chain script '/home/sy/ros2_ws/install/setup.sh'
[2.100s] INFO:colcon.colcon_core.shell:Creating prefix script '/home/sy/ros2_ws/install/local_setup.bash'
[2.100s] INFO:colcon.colcon_core.shell:Creating prefix chain script '/home/sy/ros2_ws/install/setup.bash'
[2.102s] INFO:colcon.colcon_core.shell:Creating prefix script '/home/sy/ros2_ws/install/local_setup.zsh'
[2.103s] INFO:colcon.colcon_core.shell:Creating prefix chain script '/home/sy/ros2_ws/install/setup.zsh'
