[0.025s] Invoking command in '/home/sy/ros2_ws/build/mower_msgs': CMAKE_PREFIX_PATH=${CMAKE_PREFIX_PATH}:/home/sy/ros2_ws/install/ros_tcp_endpoint:/home/sy/ros2_ws/install/mower_ai:/opt/ros/humble /usr/bin/cmake --build /home/sy/ros2_ws/build/mower_msgs -- -j16 -l16
[0.051s] -- Found ament_cmake: 1.3.12 (/opt/ros/humble/share/ament_cmake/cmake)
[0.176s] -- Override CMake install command with custom implementation using symlinks instead of copying resources
[0.183s] -- Found rosidl_default_generators: 1.2.0 (/opt/ros/humble/share/rosidl_default_generators/cmake)
[0.184s] -- Using all available rosidl_typesupport_c: rosidl_typesupport_fastrtps_c;rosidl_typesupport_introspection_c
[0.186s] -- Found rosidl_adapter: 3.1.7 (/opt/ros/humble/share/rosidl_adapter/cmake)
[0.370s] -- Using all available rosidl_typesupport_cpp: rosidl_typesupport_fastrtps_cpp;rosidl_typesupport_introspection_cpp
[0.688s] -- Found ament_cmake_ros: 0.10.0 (/opt/ros/humble/share/ament_cmake_ros/cmake)
[0.870s] -- Using all available rosidl_typesupport_c: rosidl_typesupport_fastrtps_c;rosidl_typesupport_introspection_c
[1.112s] -- Using all available rosidl_typesupport_cpp: rosidl_typesupport_fastrtps_cpp;rosidl_typesupport_introspection_cpp
[1.142s] -- Found python_cmake_module: 0.10.0 (/opt/ros/humble/share/python_cmake_module/cmake)
[1.167s] -- Using PYTHON_EXECUTABLE: /usr/bin/python3
[1.168s] -- Using PYTHON_INCLUDE_DIRS: /usr/include/python3.10
[1.168s] -- Using PYTHON_LIBRARIES: /usr/lib/x86_64-linux-gnu/libpython3.10.so
[1.180s] -- Found ament_lint_auto: 0.12.14 (/opt/ros/humble/share/ament_lint_auto/cmake)
[1.193s] -- Added test 'lint_cmake' to check CMake code style
[1.194s] -- Added test 'xmllint' to check XML markup files
[1.196s] -- Configuring done
[1.235s] -- Generating done
[1.249s] -- Build files have been written to: /home/sy/ros2_ws/build/mower_msgs
[1.285s] [  2%] [34m[1mGenerating C code for ROS interfaces[0m
[1.294s] [  5%] [34m[1mGenerating C++ code for ROS interfaces[0m
[1.304s] [  5%] Built target ament_cmake_python_symlink_mower_msgs
[1.593s] running egg_info
[1.594s] writing mower_msgs.egg-info/PKG-INFO
[1.595s] writing dependency_links to mower_msgs.egg-info/dependency_links.txt
[1.595s] writing top-level names to mower_msgs.egg-info/top_level.txt
[1.599s] reading manifest file 'mower_msgs.egg-info/SOURCES.txt'
[1.600s] writing manifest file 'mower_msgs.egg-info/SOURCES.txt'
[1.644s] [  5%] Built target ament_cmake_python_build_mower_msgs_egg
[1.666s] [35m[1mConsolidate compiler generated dependencies of target mower_msgs__rosidl_generator_c[0m
[1.673s] [  5%] Built target mower_msgs__cpp
[1.679s] [ 10%] [32mBuilding C object CMakeFiles/mower_msgs__rosidl_generator_c.dir/rosidl_generator_c/mower_msgs/msg/detail/detected_object__functions.c.o[0m
[1.680s] [ 10%] [32mBuilding C object CMakeFiles/mower_msgs__rosidl_generator_c.dir/rosidl_generator_c/mower_msgs/msg/detail/detected_object_list__functions.c.o[0m
[1.684s] [ 17%] [34m[1mGenerating C++ type support for eProsima Fast-RTPS[0m
[1.685s] [ 17%] [34m[1mGenerating C++ introspection for ROS interfaces[0m
[1.685s] [ 17%] [34m[1mGenerating C++ type support dispatch for ROS interfaces[0m
[1.746s] [ 20%] [32m[1mLinking C shared library libmower_msgs__rosidl_generator_c.so[0m
[1.948s] [ 20%] Built target mower_msgs__rosidl_generator_c
[1.966s] [ 25%] [34m[1mGenerating C introspection for ROS interfaces[0m
[1.966s] [ 25%] [34m[1mGenerating C type support for eProsima Fast-RTPS[0m
[1.967s] [ 28%] [34m[1mGenerating C type support dispatch for ROS interfaces[0m
[2.037s] [35m[1mConsolidate compiler generated dependencies of target mower_msgs__rosidl_typesupport_cpp[0m
[2.060s] [ 33%] [32mBuilding CXX object CMakeFiles/mower_msgs__rosidl_typesupport_cpp.dir/rosidl_typesupport_cpp/mower_msgs/msg/detected_object__type_support.cpp.o[0m
[2.060s] [ 33%] [32mBuilding CXX object CMakeFiles/mower_msgs__rosidl_typesupport_cpp.dir/rosidl_typesupport_cpp/mower_msgs/msg/detected_object_list__type_support.cpp.o[0m
[2.087s] [35m[1mConsolidate compiler generated dependencies of target mower_msgs__rosidl_typesupport_introspection_cpp[0m
[2.093s] [35m[1mConsolidate compiler generated dependencies of target mower_msgs__rosidl_typesupport_fastrtps_cpp[0m
[2.112s] [ 35%] [32mBuilding CXX object CMakeFiles/mower_msgs__rosidl_typesupport_introspection_cpp.dir/rosidl_typesupport_introspection_cpp/mower_msgs/msg/detail/detected_object_list__type_support.cpp.o[0m
[2.114s] [ 38%] [32mBuilding CXX object CMakeFiles/mower_msgs__rosidl_typesupport_introspection_cpp.dir/rosidl_typesupport_introspection_cpp/mower_msgs/msg/detail/detected_object__type_support.cpp.o[0m
[2.121s] [ 41%] [32mBuilding CXX object CMakeFiles/mower_msgs__rosidl_typesupport_fastrtps_cpp.dir/rosidl_typesupport_fastrtps_cpp/mower_msgs/msg/detail/dds_fastrtps/detected_object__type_support.cpp.o[0m
[2.126s] [ 43%] [32mBuilding CXX object CMakeFiles/mower_msgs__rosidl_typesupport_fastrtps_cpp.dir/rosidl_typesupport_fastrtps_cpp/mower_msgs/msg/detail/dds_fastrtps/detected_object_list__type_support.cpp.o[0m
[2.579s] [35m[1mConsolidate compiler generated dependencies of target mower_msgs__rosidl_typesupport_c[0m
[2.607s] [ 46%] [32mBuilding CXX object CMakeFiles/mower_msgs__rosidl_typesupport_c.dir/rosidl_typesupport_c/mower_msgs/msg/detected_object_list__type_support.cpp.o[0m
[2.608s] [ 48%] [32mBuilding CXX object CMakeFiles/mower_msgs__rosidl_typesupport_c.dir/rosidl_typesupport_c/mower_msgs/msg/detected_object__type_support.cpp.o[0m
[2.695s] [35m[1mConsolidate compiler generated dependencies of target mower_msgs__rosidl_typesupport_fastrtps_c[0m
[2.700s] [ 51%] [32m[1mLinking CXX shared library libmower_msgs__rosidl_typesupport_c.so[0m
[2.714s] [35m[1mConsolidate compiler generated dependencies of target mower_msgs__rosidl_typesupport_introspection_c[0m
[2.726s] [ 56%] [32mBuilding CXX object CMakeFiles/mower_msgs__rosidl_typesupport_fastrtps_c.dir/rosidl_typesupport_fastrtps_c/mower_msgs/msg/detail/detected_object_list__type_support_c.cpp.o[0m
[2.727s] [ 56%] [32mBuilding CXX object CMakeFiles/mower_msgs__rosidl_typesupport_fastrtps_c.dir/rosidl_typesupport_fastrtps_c/mower_msgs/msg/detail/detected_object__type_support_c.cpp.o[0m
[2.741s] [ 61%] [32m[1mLinking CXX shared library libmower_msgs__rosidl_typesupport_cpp.so[0m
[2.741s] [ 61%] [32mBuilding C object CMakeFiles/mower_msgs__rosidl_typesupport_introspection_c.dir/rosidl_typesupport_introspection_c/mower_msgs/msg/detail/detected_object_list__type_support.c.o[0m
[2.742s] [ 64%] [32mBuilding C object CMakeFiles/mower_msgs__rosidl_typesupport_introspection_c.dir/rosidl_typesupport_introspection_c/mower_msgs/msg/detail/detected_object__type_support.c.o[0m
[2.825s] [ 66%] [32m[1mLinking C shared library libmower_msgs__rosidl_typesupport_introspection_c.so[0m
[3.021s] [ 66%] Built target mower_msgs__rosidl_typesupport_c
[3.051s] [ 66%] Built target mower_msgs__rosidl_typesupport_cpp
[3.110s] [ 69%] [32m[1mLinking CXX shared library libmower_msgs__rosidl_typesupport_introspection_cpp.so[0m
[3.117s] [ 69%] Built target mower_msgs__rosidl_typesupport_introspection_c
[3.195s] [ 71%] [32m[1mLinking CXX shared library libmower_msgs__rosidl_typesupport_fastrtps_cpp.so[0m
[3.362s] [ 74%] [32m[1mLinking CXX shared library libmower_msgs__rosidl_typesupport_fastrtps_c.so[0m
[3.406s] [ 74%] Built target mower_msgs__rosidl_typesupport_introspection_cpp
[3.527s] [ 74%] Built target mower_msgs__rosidl_typesupport_fastrtps_cpp
[3.671s] [ 74%] Built target mower_msgs__rosidl_typesupport_fastrtps_c
[3.698s] [ 74%] Built target mower_msgs
[3.727s] [ 76%] [34m[1mGenerating Python code for ROS interfaces[0m
[4.195s] [ 76%] Built target mower_msgs__py
[4.212s] [35m[1mConsolidate compiler generated dependencies of target mower_msgs__rosidl_generator_py[0m
[4.232s] [ 82%] [32mBuilding C object CMakeFiles/mower_msgs__rosidl_generator_py.dir/rosidl_generator_py/mower_msgs/msg/_detected_object_s.c.o[0m
[4.232s] [ 82%] [32mBuilding C object CMakeFiles/mower_msgs__rosidl_generator_py.dir/rosidl_generator_py/mower_msgs/msg/_detected_object_list_s.c.o[0m
[4.360s] [ 84%] [32m[1mLinking C shared library rosidl_generator_py/mower_msgs/libmower_msgs__rosidl_generator_py.so[0m
[4.561s] [ 84%] Built target mower_msgs__rosidl_generator_py
[4.575s] [35m[1mConsolidate compiler generated dependencies of target mower_msgs__rosidl_typesupport_introspection_c__pyext[0m
[4.575s] [35m[1mConsolidate compiler generated dependencies of target mower_msgs__rosidl_typesupport_fastrtps_c__pyext[0m
[4.575s] [35m[1mConsolidate compiler generated dependencies of target mower_msgs__rosidl_typesupport_c__pyext[0m
[4.593s] [ 89%] [32mBuilding C object CMakeFiles/mower_msgs__rosidl_typesupport_c__pyext.dir/rosidl_generator_py/mower_msgs/_mower_msgs_s.ep.rosidl_typesupport_c.c.o[0m
[4.594s] [ 89%] [32mBuilding C object CMakeFiles/mower_msgs__rosidl_typesupport_fastrtps_c__pyext.dir/rosidl_generator_py/mower_msgs/_mower_msgs_s.ep.rosidl_typesupport_fastrtps_c.c.o[0m
[4.594s] [ 92%] [32mBuilding C object CMakeFiles/mower_msgs__rosidl_typesupport_introspection_c__pyext.dir/rosidl_generator_py/mower_msgs/_mower_msgs_s.ep.rosidl_typesupport_introspection_c.c.o[0m
[4.765s] [ 97%] [32m[1mLinking C shared library rosidl_generator_py/mower_msgs/mower_msgs_s__rosidl_typesupport_fastrtps_c.cpython-310-x86_64-linux-gnu.so[0m
[4.765s] [ 97%] [32m[1mLinking C shared library rosidl_generator_py/mower_msgs/mower_msgs_s__rosidl_typesupport_c.cpython-310-x86_64-linux-gnu.so[0m
[4.769s] [100%] [32m[1mLinking C shared library rosidl_generator_py/mower_msgs/mower_msgs_s__rosidl_typesupport_introspection_c.cpython-310-x86_64-linux-gnu.so[0m
[4.951s] [100%] Built target mower_msgs__rosidl_typesupport_introspection_c__pyext
[4.952s] [100%] Built target mower_msgs__rosidl_typesupport_c__pyext
[4.957s] [100%] Built target mower_msgs__rosidl_typesupport_fastrtps_c__pyext
[4.978s] Invoked command in '/home/sy/ros2_ws/build/mower_msgs' returned '0': CMAKE_PREFIX_PATH=${CMAKE_PREFIX_PATH}:/home/sy/ros2_ws/install/ros_tcp_endpoint:/home/sy/ros2_ws/install/mower_ai:/opt/ros/humble /usr/bin/cmake --build /home/sy/ros2_ws/build/mower_msgs -- -j16 -l16
[4.997s] Invoking command in '/home/sy/ros2_ws/build/mower_msgs': CMAKE_PREFIX_PATH=${CMAKE_PREFIX_PATH}:/home/sy/ros2_ws/install/ros_tcp_endpoint:/home/sy/ros2_ws/install/mower_ai:/opt/ros/humble /usr/bin/cmake --install /home/sy/ros2_ws/build/mower_msgs
[5.009s] -- Install configuration: ""
[5.010s] -- Execute custom install script
[5.010s] -- Up-to-date symlink: /home/sy/ros2_ws/install/mower_msgs/share/ament_index/resource_index/rosidl_interfaces/mower_msgs
[5.011s] -- Up-to-date symlink: /home/sy/ros2_ws/install/mower_msgs/include/mower_msgs/mower_msgs/msg/detail/detected_object__functions.h
[5.012s] -- Up-to-date symlink: /home/sy/ros2_ws/install/mower_msgs/include/mower_msgs/mower_msgs/msg/detail/detected_object__struct.h
[5.012s] -- Up-to-date symlink: /home/sy/ros2_ws/install/mower_msgs/include/mower_msgs/mower_msgs/msg/detail/detected_object__type_support.h
[5.012s] -- Symlinking: /home/sy/ros2_ws/install/mower_msgs/include/mower_msgs/mower_msgs/msg/detail/detected_object_list__functions.h
[5.028s] -- Symlinking: /home/sy/ros2_ws/install/mower_msgs/include/mower_msgs/mower_msgs/msg/detail/detected_object_list__struct.h
[5.044s] -- Symlinking: /home/sy/ros2_ws/install/mower_msgs/include/mower_msgs/mower_msgs/msg/detail/detected_object_list__type_support.h
[5.064s] -- Up-to-date symlink: /home/sy/ros2_ws/install/mower_msgs/include/mower_msgs/mower_msgs/msg/detected_object.h
[5.064s] -- Symlinking: /home/sy/ros2_ws/install/mower_msgs/include/mower_msgs/mower_msgs/msg/detected_object_list.h
[5.081s] -- Up-to-date symlink: /home/sy/ros2_ws/install/mower_msgs/include/mower_msgs/mower_msgs/msg/rosidl_generator_c__visibility_control.h
[5.082s] -- Up-to-date symlink: /home/sy/ros2_ws/install/mower_msgs/share/mower_msgs/environment/library_path.sh
[5.082s] -- Up-to-date symlink: /home/sy/ros2_ws/install/mower_msgs/share/mower_msgs/environment/library_path.dsv
[5.083s] -- Up-to-date symlink: /home/sy/ros2_ws/install/mower_msgs/include/mower_msgs/mower_msgs/msg/detail/detected_object__rosidl_typesupport_fastrtps_c.h
[5.083s] -- Symlinking: /home/sy/ros2_ws/install/mower_msgs/include/mower_msgs/mower_msgs/msg/detail/detected_object_list__rosidl_typesupport_fastrtps_c.h
[5.097s] -- Up-to-date symlink: /home/sy/ros2_ws/install/mower_msgs/include/mower_msgs/mower_msgs/msg/rosidl_typesupport_fastrtps_c__visibility_control.h
[5.098s] -- Up-to-date symlink: /home/sy/ros2_ws/install/mower_msgs/include/mower_msgs/mower_msgs/msg/detail/detected_object__rosidl_typesupport_introspection_c.h
[5.098s] -- Symlinking: /home/sy/ros2_ws/install/mower_msgs/include/mower_msgs/mower_msgs/msg/detail/detected_object_list__rosidl_typesupport_introspection_c.h
[5.112s] -- Up-to-date symlink: /home/sy/ros2_ws/install/mower_msgs/include/mower_msgs/mower_msgs/msg/rosidl_typesupport_introspection_c__visibility_control.h
[5.113s] -- Up-to-date symlink: /home/sy/ros2_ws/install/mower_msgs/include/mower_msgs/mower_msgs/msg/detail/detected_object__builder.hpp
[5.113s] -- Up-to-date symlink: /home/sy/ros2_ws/install/mower_msgs/include/mower_msgs/mower_msgs/msg/detail/detected_object__struct.hpp
[5.113s] -- Up-to-date symlink: /home/sy/ros2_ws/install/mower_msgs/include/mower_msgs/mower_msgs/msg/detail/detected_object__traits.hpp
[5.113s] -- Up-to-date symlink: /home/sy/ros2_ws/install/mower_msgs/include/mower_msgs/mower_msgs/msg/detail/detected_object__type_support.hpp
[5.113s] -- Symlinking: /home/sy/ros2_ws/install/mower_msgs/include/mower_msgs/mower_msgs/msg/detail/detected_object_list__builder.hpp
[5.126s] -- Symlinking: /home/sy/ros2_ws/install/mower_msgs/include/mower_msgs/mower_msgs/msg/detail/detected_object_list__struct.hpp
[5.139s] -- Symlinking: /home/sy/ros2_ws/install/mower_msgs/include/mower_msgs/mower_msgs/msg/detail/detected_object_list__traits.hpp
[5.152s] -- Symlinking: /home/sy/ros2_ws/install/mower_msgs/include/mower_msgs/mower_msgs/msg/detail/detected_object_list__type_support.hpp
[5.165s] -- Up-to-date symlink: /home/sy/ros2_ws/install/mower_msgs/include/mower_msgs/mower_msgs/msg/detected_object.hpp
[5.165s] -- Symlinking: /home/sy/ros2_ws/install/mower_msgs/include/mower_msgs/mower_msgs/msg/detected_object_list.hpp
[5.180s] -- Up-to-date symlink: /home/sy/ros2_ws/install/mower_msgs/include/mower_msgs/mower_msgs/msg/rosidl_generator_cpp__visibility_control.hpp
[5.180s] -- Up-to-date symlink: /home/sy/ros2_ws/install/mower_msgs/include/mower_msgs/mower_msgs/msg/detail/detected_object__rosidl_typesupport_fastrtps_cpp.hpp
[5.181s] -- Symlinking: /home/sy/ros2_ws/install/mower_msgs/include/mower_msgs/mower_msgs/msg/detail/detected_object_list__rosidl_typesupport_fastrtps_cpp.hpp
[5.195s] -- Up-to-date symlink: /home/sy/ros2_ws/install/mower_msgs/include/mower_msgs/mower_msgs/msg/rosidl_typesupport_fastrtps_cpp__visibility_control.h
[5.196s] -- Up-to-date symlink: /home/sy/ros2_ws/install/mower_msgs/include/mower_msgs/mower_msgs/msg/detail/detected_object__rosidl_typesupport_introspection_cpp.hpp
[5.196s] -- Symlinking: /home/sy/ros2_ws/install/mower_msgs/include/mower_msgs/mower_msgs/msg/detail/detected_object_list__rosidl_typesupport_introspection_cpp.hpp
[5.211s] -- Up-to-date symlink: /home/sy/ros2_ws/install/mower_msgs/share/mower_msgs/environment/pythonpath.sh
[5.211s] -- Up-to-date symlink: /home/sy/ros2_ws/install/mower_msgs/share/mower_msgs/environment/pythonpath.dsv
[5.212s] -- Up-to-date symlink: /home/sy/ros2_ws/install/mower_msgs/local/lib/python3.10/dist-packages/mower_msgs-0.0.0-py3.10.egg-info/PKG-INFO
[5.212s] -- Up-to-date symlink: /home/sy/ros2_ws/install/mower_msgs/local/lib/python3.10/dist-packages/mower_msgs-0.0.0-py3.10.egg-info/SOURCES.txt
[5.212s] -- Up-to-date symlink: /home/sy/ros2_ws/install/mower_msgs/local/lib/python3.10/dist-packages/mower_msgs-0.0.0-py3.10.egg-info/dependency_links.txt
[5.212s] -- Up-to-date symlink: /home/sy/ros2_ws/install/mower_msgs/local/lib/python3.10/dist-packages/mower_msgs-0.0.0-py3.10.egg-info/top_level.txt
[5.213s] -- Up-to-date symlink: /home/sy/ros2_ws/install/mower_msgs/local/lib/python3.10/dist-packages/mower_msgs/__init__.py
[5.213s] -- Up-to-date symlink: /home/sy/ros2_ws/install/mower_msgs/local/lib/python3.10/dist-packages/mower_msgs/_mower_msgs_s.ep.rosidl_typesupport_c.c
[5.214s] -- Up-to-date symlink: /home/sy/ros2_ws/install/mower_msgs/local/lib/python3.10/dist-packages/mower_msgs/_mower_msgs_s.ep.rosidl_typesupport_fastrtps_c.c
[5.214s] -- Up-to-date symlink: /home/sy/ros2_ws/install/mower_msgs/local/lib/python3.10/dist-packages/mower_msgs/_mower_msgs_s.ep.rosidl_typesupport_introspection_c.c
[5.214s] -- Up-to-date symlink: /home/sy/ros2_ws/install/mower_msgs/local/lib/python3.10/dist-packages/mower_msgs/libmower_msgs__rosidl_generator_py.so
[5.214s] -- Up-to-date symlink: /home/sy/ros2_ws/install/mower_msgs/local/lib/python3.10/dist-packages/mower_msgs/mower_msgs_s__rosidl_typesupport_c.cpython-310-x86_64-linux-gnu.so
[5.215s] -- Up-to-date symlink: /home/sy/ros2_ws/install/mower_msgs/local/lib/python3.10/dist-packages/mower_msgs/mower_msgs_s__rosidl_typesupport_fastrtps_c.cpython-310-x86_64-linux-gnu.so
[5.215s] -- Up-to-date symlink: /home/sy/ros2_ws/install/mower_msgs/local/lib/python3.10/dist-packages/mower_msgs/mower_msgs_s__rosidl_typesupport_introspection_c.cpython-310-x86_64-linux-gnu.so
[5.215s] -- Up-to-date symlink: /home/sy/ros2_ws/install/mower_msgs/local/lib/python3.10/dist-packages/mower_msgs/msg/__init__.py
[5.215s] -- Up-to-date symlink: /home/sy/ros2_ws/install/mower_msgs/local/lib/python3.10/dist-packages/mower_msgs/msg/_detected_object.py
[5.216s] -- Symlinking: /home/sy/ros2_ws/install/mower_msgs/local/lib/python3.10/dist-packages/mower_msgs/msg/_detected_object_list.py
[5.232s] -- Symlinking: /home/sy/ros2_ws/install/mower_msgs/local/lib/python3.10/dist-packages/mower_msgs/msg/_detected_object_list_s.c
[5.248s] -- Up-to-date symlink: /home/sy/ros2_ws/install/mower_msgs/local/lib/python3.10/dist-packages/mower_msgs/msg/_detected_object_s.c
[5.248s] -- Up-to-date symlink: /home/sy/ros2_ws/install/mower_msgs/local/lib/python3.10/dist-packages/mower_msgs/mower_msgs_s__rosidl_typesupport_fastrtps_c.cpython-310-x86_64-linux-gnu.so
[5.249s] -- Up-to-date symlink: /home/sy/ros2_ws/install/mower_msgs/local/lib/python3.10/dist-packages/mower_msgs/mower_msgs_s__rosidl_typesupport_introspection_c.cpython-310-x86_64-linux-gnu.so
[5.249s] -- Up-to-date symlink: /home/sy/ros2_ws/install/mower_msgs/local/lib/python3.10/dist-packages/mower_msgs/mower_msgs_s__rosidl_typesupport_c.cpython-310-x86_64-linux-gnu.so
[5.250s] -- Up-to-date symlink: /home/sy/ros2_ws/install/mower_msgs/share/mower_msgs/msg/DetectedObject.idl
[5.250s] -- Symlinking: /home/sy/ros2_ws/install/mower_msgs/share/mower_msgs/msg/DetectedObjectList.idl
[5.264s] -- Up-to-date symlink: /home/sy/ros2_ws/install/mower_msgs/share/mower_msgs/msg/DetectedObject.msg
[5.265s] -- Symlinking: /home/sy/ros2_ws/install/mower_msgs/share/mower_msgs/msg/DetectedObjectList.msg
[5.278s] -- Up-to-date symlink: /home/sy/ros2_ws/install/mower_msgs/share/ament_index/resource_index/package_run_dependencies/mower_msgs
[5.279s] -- Up-to-date symlink: /home/sy/ros2_ws/install/mower_msgs/share/ament_index/resource_index/parent_prefix_path/mower_msgs
[5.279s] -- Up-to-date symlink: /home/sy/ros2_ws/install/mower_msgs/share/mower_msgs/environment/ament_prefix_path.sh
[5.279s] -- Up-to-date symlink: /home/sy/ros2_ws/install/mower_msgs/share/mower_msgs/environment/ament_prefix_path.dsv
[5.279s] -- Up-to-date symlink: /home/sy/ros2_ws/install/mower_msgs/share/mower_msgs/environment/path.sh
[5.280s] -- Up-to-date symlink: /home/sy/ros2_ws/install/mower_msgs/share/mower_msgs/environment/path.dsv
[5.280s] -- Up-to-date symlink: /home/sy/ros2_ws/install/mower_msgs/share/mower_msgs/local_setup.bash
[5.280s] -- Up-to-date symlink: /home/sy/ros2_ws/install/mower_msgs/share/mower_msgs/local_setup.sh
[5.281s] -- Up-to-date symlink: /home/sy/ros2_ws/install/mower_msgs/share/mower_msgs/local_setup.zsh
[5.281s] -- Up-to-date symlink: /home/sy/ros2_ws/install/mower_msgs/share/mower_msgs/local_setup.dsv
[5.281s] -- Symlinking: /home/sy/ros2_ws/install/mower_msgs/share/mower_msgs/package.dsv
[5.298s] -- Up-to-date symlink: /home/sy/ros2_ws/install/mower_msgs/share/ament_index/resource_index/packages/mower_msgs
[5.298s] -- Up-to-date symlink: /home/sy/ros2_ws/install/mower_msgs/share/mower_msgs/cmake/rosidl_cmake-extras.cmake
[5.298s] -- Up-to-date symlink: /home/sy/ros2_ws/install/mower_msgs/share/mower_msgs/cmake/ament_cmake_export_include_directories-extras.cmake
[5.298s] -- Up-to-date symlink: /home/sy/ros2_ws/install/mower_msgs/share/mower_msgs/cmake/ament_cmake_export_libraries-extras.cmake
[5.299s] -- Up-to-date symlink: /home/sy/ros2_ws/install/mower_msgs/share/mower_msgs/cmake/ament_cmake_export_targets-extras.cmake
[5.299s] -- Up-to-date symlink: /home/sy/ros2_ws/install/mower_msgs/share/mower_msgs/cmake/rosidl_cmake_export_typesupport_targets-extras.cmake
[5.299s] -- Up-to-date symlink: /home/sy/ros2_ws/install/mower_msgs/share/mower_msgs/cmake/ament_cmake_export_dependencies-extras.cmake
[5.299s] -- Up-to-date symlink: /home/sy/ros2_ws/install/mower_msgs/share/mower_msgs/cmake/rosidl_cmake_export_typesupport_libraries-extras.cmake
[5.299s] -- Up-to-date symlink: /home/sy/ros2_ws/install/mower_msgs/share/mower_msgs/cmake/mower_msgsConfig.cmake
[5.300s] -- Up-to-date symlink: /home/sy/ros2_ws/install/mower_msgs/share/mower_msgs/cmake/mower_msgsConfig-version.cmake
[5.300s] -- Up-to-date symlink: /home/sy/ros2_ws/install/mower_msgs/share/mower_msgs/package.xml
[5.300s] -- Installing: /home/sy/ros2_ws/install/mower_msgs/lib/libmower_msgs__rosidl_generator_c.so
[5.300s] -- Set runtime path of "/home/sy/ros2_ws/install/mower_msgs/lib/libmower_msgs__rosidl_generator_c.so" to ""
[5.301s] -- Installing: /home/sy/ros2_ws/install/mower_msgs/lib/libmower_msgs__rosidl_typesupport_fastrtps_c.so
[5.302s] -- Set runtime path of "/home/sy/ros2_ws/install/mower_msgs/lib/libmower_msgs__rosidl_typesupport_fastrtps_c.so" to ""
[5.302s] -- Installing: /home/sy/ros2_ws/install/mower_msgs/lib/libmower_msgs__rosidl_typesupport_introspection_c.so
[5.303s] -- Set runtime path of "/home/sy/ros2_ws/install/mower_msgs/lib/libmower_msgs__rosidl_typesupport_introspection_c.so" to ""
[5.303s] -- Installing: /home/sy/ros2_ws/install/mower_msgs/lib/libmower_msgs__rosidl_typesupport_c.so
[5.304s] -- Set runtime path of "/home/sy/ros2_ws/install/mower_msgs/lib/libmower_msgs__rosidl_typesupport_c.so" to ""
[5.305s] -- Installing: /home/sy/ros2_ws/install/mower_msgs/lib/libmower_msgs__rosidl_typesupport_fastrtps_cpp.so
[5.306s] -- Set runtime path of "/home/sy/ros2_ws/install/mower_msgs/lib/libmower_msgs__rosidl_typesupport_fastrtps_cpp.so" to ""
[5.306s] -- Installing: /home/sy/ros2_ws/install/mower_msgs/lib/libmower_msgs__rosidl_typesupport_introspection_cpp.so
[5.307s] -- Set runtime path of "/home/sy/ros2_ws/install/mower_msgs/lib/libmower_msgs__rosidl_typesupport_introspection_cpp.so" to ""
[5.307s] -- Installing: /home/sy/ros2_ws/install/mower_msgs/lib/libmower_msgs__rosidl_typesupport_cpp.so
[5.308s] -- Set runtime path of "/home/sy/ros2_ws/install/mower_msgs/lib/libmower_msgs__rosidl_typesupport_cpp.so" to ""
[5.384s] Listing '/home/sy/ros2_ws/install/mower_msgs/local/lib/python3.10/dist-packages/mower_msgs'...
[5.384s] Compiling '/home/sy/ros2_ws/install/mower_msgs/local/lib/python3.10/dist-packages/mower_msgs/__init__.py'...
[5.385s] Listing '/home/sy/ros2_ws/install/mower_msgs/local/lib/python3.10/dist-packages/mower_msgs/msg'...
[5.385s] Compiling '/home/sy/ros2_ws/install/mower_msgs/local/lib/python3.10/dist-packages/mower_msgs/msg/__init__.py'...
[5.385s] Compiling '/home/sy/ros2_ws/install/mower_msgs/local/lib/python3.10/dist-packages/mower_msgs/msg/_detected_object.py'...
[5.385s] Compiling '/home/sy/ros2_ws/install/mower_msgs/local/lib/python3.10/dist-packages/mower_msgs/msg/_detected_object_list.py'...
[5.396s] -- Installing: /home/sy/ros2_ws/install/mower_msgs/lib/libmower_msgs__rosidl_generator_py.so
[5.396s] -- Set runtime path of "/home/sy/ros2_ws/install/mower_msgs/lib/libmower_msgs__rosidl_generator_py.so" to ""
[5.397s] -- Up-to-date: /home/sy/ros2_ws/install/mower_msgs/share/mower_msgs/cmake/export_mower_msgs__rosidl_generator_cExport.cmake
[5.397s] -- Up-to-date: /home/sy/ros2_ws/install/mower_msgs/share/mower_msgs/cmake/export_mower_msgs__rosidl_generator_cExport-noconfig.cmake
[5.397s] -- Up-to-date: /home/sy/ros2_ws/install/mower_msgs/share/mower_msgs/cmake/export_mower_msgs__rosidl_typesupport_fastrtps_cExport.cmake
[5.397s] -- Up-to-date: /home/sy/ros2_ws/install/mower_msgs/share/mower_msgs/cmake/export_mower_msgs__rosidl_typesupport_fastrtps_cExport-noconfig.cmake
[5.397s] -- Up-to-date: /home/sy/ros2_ws/install/mower_msgs/share/mower_msgs/cmake/mower_msgs__rosidl_typesupport_introspection_cExport.cmake
[5.398s] -- Up-to-date: /home/sy/ros2_ws/install/mower_msgs/share/mower_msgs/cmake/mower_msgs__rosidl_typesupport_introspection_cExport-noconfig.cmake
[5.398s] -- Up-to-date: /home/sy/ros2_ws/install/mower_msgs/share/mower_msgs/cmake/mower_msgs__rosidl_typesupport_cExport.cmake
[5.398s] -- Up-to-date: /home/sy/ros2_ws/install/mower_msgs/share/mower_msgs/cmake/mower_msgs__rosidl_typesupport_cExport-noconfig.cmake
[5.398s] -- Up-to-date: /home/sy/ros2_ws/install/mower_msgs/share/mower_msgs/cmake/export_mower_msgs__rosidl_generator_cppExport.cmake
[5.398s] -- Up-to-date: /home/sy/ros2_ws/install/mower_msgs/share/mower_msgs/cmake/export_mower_msgs__rosidl_typesupport_fastrtps_cppExport.cmake
[5.398s] -- Up-to-date: /home/sy/ros2_ws/install/mower_msgs/share/mower_msgs/cmake/export_mower_msgs__rosidl_typesupport_fastrtps_cppExport-noconfig.cmake
[5.398s] -- Up-to-date: /home/sy/ros2_ws/install/mower_msgs/share/mower_msgs/cmake/mower_msgs__rosidl_typesupport_introspection_cppExport.cmake
[5.398s] -- Up-to-date: /home/sy/ros2_ws/install/mower_msgs/share/mower_msgs/cmake/mower_msgs__rosidl_typesupport_introspection_cppExport-noconfig.cmake
[5.399s] -- Up-to-date: /home/sy/ros2_ws/install/mower_msgs/share/mower_msgs/cmake/mower_msgs__rosidl_typesupport_cppExport.cmake
[5.399s] -- Up-to-date: /home/sy/ros2_ws/install/mower_msgs/share/mower_msgs/cmake/mower_msgs__rosidl_typesupport_cppExport-noconfig.cmake
[5.399s] -- Up-to-date: /home/sy/ros2_ws/install/mower_msgs/share/mower_msgs/cmake/export_mower_msgs__rosidl_generator_pyExport.cmake
[5.399s] -- Up-to-date: /home/sy/ros2_ws/install/mower_msgs/share/mower_msgs/cmake/export_mower_msgs__rosidl_generator_pyExport-noconfig.cmake
[5.404s] Invoked command in '/home/sy/ros2_ws/build/mower_msgs' returned '0': CMAKE_PREFIX_PATH=${CMAKE_PREFIX_PATH}:/home/sy/ros2_ws/install/ros_tcp_endpoint:/home/sy/ros2_ws/install/mower_ai:/opt/ros/humble /usr/bin/cmake --install /home/sy/ros2_ws/build/mower_msgs
