[1.222s] Invoking command in '/home/sy/ros2_ws/build/ros_tcp_endpoint': PYTHONPATH=/home/sy/ros2_ws/build/ros_tcp_endpoint/prefix_override:/usr/lib/python3/dist-packages/colcon_core/task/python/colcon_distutils_commands:/home/sy/ros2_ws/install/ros_tcp_endpoint/lib/python3.10/site-packages:${PYTHONPATH} /usr/bin/python3 -W ignore:setup.py install is deprecated -W ignore:easy_install command is deprecated setup.py develop --editable --build-directory /home/sy/ros2_ws/build/ros_tcp_endpoint/build --no-deps symlink_data
[1.567s] /usr/lib/python3/dist-packages/setuptools/dist.py:723: UserWarning: Usage of dash-separated 'script-dir' will not be supported in future versions. Please use the underscore name 'script_dir' instead
[1.567s]   warnings.warn(
[1.609s] running develop
[1.789s] running egg_info
[1.789s] creating ros_tcp_endpoint.egg-info
[1.790s] writing ros_tcp_endpoint.egg-info/PKG-INFO
[1.790s] writing dependency_links to ros_tcp_endpoint.egg-info/dependency_links.txt
[1.790s] writing entry points to ros_tcp_endpoint.egg-info/entry_points.txt
[1.791s] writing requirements to ros_tcp_endpoint.egg-info/requires.txt
[1.791s] writing top-level names to ros_tcp_endpoint.egg-info/top_level.txt
[1.791s] writing manifest file 'ros_tcp_endpoint.egg-info/SOURCES.txt'
[1.794s] reading manifest file 'ros_tcp_endpoint.egg-info/SOURCES.txt'
[1.795s] writing manifest file 'ros_tcp_endpoint.egg-info/SOURCES.txt'
[1.797s] running build_ext
[1.797s] Creating /home/sy/ros2_ws/install/ros_tcp_endpoint/lib/python3.10/site-packages/ros-tcp-endpoint.egg-link (link to .)
[1.798s] Installing default_server_endpoint script to /home/sy/ros2_ws/install/ros_tcp_endpoint/lib/ros_tcp_endpoint
[1.799s] 
[1.799s] Installed /home/sy/ros2_ws/build/ros_tcp_endpoint
[1.799s] running symlink_data
[1.799s] creating /home/sy/ros2_ws/install/ros_tcp_endpoint/share/ament_index
[1.799s] creating /home/sy/ros2_ws/install/ros_tcp_endpoint/share/ament_index/resource_index
[1.799s] creating /home/sy/ros2_ws/install/ros_tcp_endpoint/share/ament_index/resource_index/packages
[1.800s] symbolically linking /home/sy/ros2_ws/build/ros_tcp_endpoint/resource/ros_tcp_endpoint -> /home/sy/ros2_ws/install/ros_tcp_endpoint/share/ament_index/resource_index/packages
[1.800s] symbolically linking /home/sy/ros2_ws/build/ros_tcp_endpoint/package.xml -> /home/sy/ros2_ws/install/ros_tcp_endpoint/share/ros_tcp_endpoint
[1.800s] creating /home/sy/ros2_ws/install/ros_tcp_endpoint/share/ros_tcp_endpoint/launch
[1.801s] symbolically linking /home/sy/ros2_ws/build/ros_tcp_endpoint/launch/endpoint.py -> /home/sy/ros2_ws/install/ros_tcp_endpoint/share/ros_tcp_endpoint/launch
[1.847s] Invoked command in '/home/sy/ros2_ws/build/ros_tcp_endpoint' returned '0': PYTHONPATH=/home/sy/ros2_ws/build/ros_tcp_endpoint/prefix_override:/usr/lib/python3/dist-packages/colcon_core/task/python/colcon_distutils_commands:/home/sy/ros2_ws/install/ros_tcp_endpoint/lib/python3.10/site-packages:${PYTHONPATH} /usr/bin/python3 -W ignore:setup.py install is deprecated -W ignore:easy_install command is deprecated setup.py develop --editable --build-directory /home/sy/ros2_ws/build/ros_tcp_endpoint/build --no-deps symlink_data
