[0.033s] Invoking command in '/home/sy/ros2_ws/build/mower_msgs': CMAKE_PREFIX_PATH=${CMAKE_PREFIX_PATH}:/home/sy/ros2_ws/install/ros_tcp_endpoint:/home/sy/ros2_ws/install/mower_ai:/opt/ros/humble /usr/bin/cmake --build /home/sy/ros2_ws/build/mower_msgs -- -j16 -l16
[0.129s] [  2%] Built target mower_msgs__cpp
[0.141s] [ 12%] Built target mower_msgs__rosidl_generator_c
[0.154s] [ 12%] Built target ament_cmake_python_symlink_mower_msgs
[0.179s] [ 23%] Built target mower_msgs__rosidl_typesupport_fastrtps_cpp
[0.184s] [ 33%] Built target mower_msgs__rosidl_typesupport_introspection_cpp
[0.190s] [ 43%] Built target mower_msgs__rosidl_typesupport_cpp
[0.197s] [ 74%] Built target mower_msgs__rosidl_typesupport_fastrtps_c
[0.198s] [ 74%] Built target mower_msgs__rosidl_typesupport_c
[0.198s] [ 74%] Built target mower_msgs__rosidl_typesupport_introspection_c
[0.235s] [ 74%] Built target mower_msgs
[0.275s] [ 76%] Built target mower_msgs__py
[0.320s] [ 84%] Built target mower_msgs__rosidl_generator_py
[0.360s] [ 89%] Built target mower_msgs__rosidl_typesupport_fastrtps_c__pyext
[0.362s] [100%] Built target mower_msgs__rosidl_typesupport_c__pyext
[0.362s] [100%] Built target mower_msgs__rosidl_typesupport_introspection_c__pyext
[0.578s] running egg_info
[0.578s] writing mower_msgs.egg-info/PKG-INFO
[0.579s] writing dependency_links to mower_msgs.egg-info/dependency_links.txt
[0.579s] writing top-level names to mower_msgs.egg-info/top_level.txt
[0.582s] reading manifest file 'mower_msgs.egg-info/SOURCES.txt'
[0.583s] writing manifest file 'mower_msgs.egg-info/SOURCES.txt'
[0.632s] [100%] Built target ament_cmake_python_build_mower_msgs_egg
[0.651s] Invoked command in '/home/sy/ros2_ws/build/mower_msgs' returned '0': CMAKE_PREFIX_PATH=${CMAKE_PREFIX_PATH}:/home/sy/ros2_ws/install/ros_tcp_endpoint:/home/sy/ros2_ws/install/mower_ai:/opt/ros/humble /usr/bin/cmake --build /home/sy/ros2_ws/build/mower_msgs -- -j16 -l16
[0.666s] Invoking command in '/home/sy/ros2_ws/build/mower_msgs': CMAKE_PREFIX_PATH=${CMAKE_PREFIX_PATH}:/home/sy/ros2_ws/install/ros_tcp_endpoint:/home/sy/ros2_ws/install/mower_ai:/opt/ros/humble /usr/bin/cmake --install /home/sy/ros2_ws/build/mower_msgs
[0.675s] -- Install configuration: ""
[0.676s] -- Execute custom install script
[0.676s] -- Up-to-date symlink: /home/sy/ros2_ws/install/mower_msgs/share/ament_index/resource_index/rosidl_interfaces/mower_msgs
[0.677s] -- Up-to-date symlink: /home/sy/ros2_ws/install/mower_msgs/include/mower_msgs/mower_msgs/msg/detail/detected_object__functions.h
[0.677s] -- Up-to-date symlink: /home/sy/ros2_ws/install/mower_msgs/include/mower_msgs/mower_msgs/msg/detail/detected_object__struct.h
[0.678s] -- Up-to-date symlink: /home/sy/ros2_ws/install/mower_msgs/include/mower_msgs/mower_msgs/msg/detail/detected_object__type_support.h
[0.678s] -- Up-to-date symlink: /home/sy/ros2_ws/install/mower_msgs/include/mower_msgs/mower_msgs/msg/detail/detected_object_list__functions.h
[0.678s] -- Up-to-date symlink: /home/sy/ros2_ws/install/mower_msgs/include/mower_msgs/mower_msgs/msg/detail/detected_object_list__struct.h
[0.679s] -- Up-to-date symlink: /home/sy/ros2_ws/install/mower_msgs/include/mower_msgs/mower_msgs/msg/detail/detected_object_list__type_support.h
[0.679s] -- Up-to-date symlink: /home/sy/ros2_ws/install/mower_msgs/include/mower_msgs/mower_msgs/msg/detected_object.h
[0.679s] -- Up-to-date symlink: /home/sy/ros2_ws/install/mower_msgs/include/mower_msgs/mower_msgs/msg/detected_object_list.h
[0.679s] -- Up-to-date symlink: /home/sy/ros2_ws/install/mower_msgs/include/mower_msgs/mower_msgs/msg/rosidl_generator_c__visibility_control.h
[0.679s] -- Up-to-date symlink: /home/sy/ros2_ws/install/mower_msgs/share/mower_msgs/environment/library_path.sh
[0.679s] -- Up-to-date symlink: /home/sy/ros2_ws/install/mower_msgs/share/mower_msgs/environment/library_path.dsv
[0.680s] -- Up-to-date symlink: /home/sy/ros2_ws/install/mower_msgs/include/mower_msgs/mower_msgs/msg/detail/detected_object__rosidl_typesupport_fastrtps_c.h
[0.680s] -- Up-to-date symlink: /home/sy/ros2_ws/install/mower_msgs/include/mower_msgs/mower_msgs/msg/detail/detected_object_list__rosidl_typesupport_fastrtps_c.h
[0.680s] -- Up-to-date symlink: /home/sy/ros2_ws/install/mower_msgs/include/mower_msgs/mower_msgs/msg/rosidl_typesupport_fastrtps_c__visibility_control.h
[0.681s] -- Up-to-date symlink: /home/sy/ros2_ws/install/mower_msgs/include/mower_msgs/mower_msgs/msg/detail/detected_object__rosidl_typesupport_introspection_c.h
[0.681s] -- Up-to-date symlink: /home/sy/ros2_ws/install/mower_msgs/include/mower_msgs/mower_msgs/msg/detail/detected_object_list__rosidl_typesupport_introspection_c.h
[0.681s] -- Up-to-date symlink: /home/sy/ros2_ws/install/mower_msgs/include/mower_msgs/mower_msgs/msg/rosidl_typesupport_introspection_c__visibility_control.h
[0.682s] -- Up-to-date symlink: /home/sy/ros2_ws/install/mower_msgs/include/mower_msgs/mower_msgs/msg/detail/detected_object__builder.hpp
[0.682s] -- Up-to-date symlink: /home/sy/ros2_ws/install/mower_msgs/include/mower_msgs/mower_msgs/msg/detail/detected_object__struct.hpp
[0.682s] -- Up-to-date symlink: /home/sy/ros2_ws/install/mower_msgs/include/mower_msgs/mower_msgs/msg/detail/detected_object__traits.hpp
[0.682s] -- Up-to-date symlink: /home/sy/ros2_ws/install/mower_msgs/include/mower_msgs/mower_msgs/msg/detail/detected_object__type_support.hpp
[0.682s] -- Up-to-date symlink: /home/sy/ros2_ws/install/mower_msgs/include/mower_msgs/mower_msgs/msg/detail/detected_object_list__builder.hpp
[0.683s] -- Up-to-date symlink: /home/sy/ros2_ws/install/mower_msgs/include/mower_msgs/mower_msgs/msg/detail/detected_object_list__struct.hpp
[0.683s] -- Up-to-date symlink: /home/sy/ros2_ws/install/mower_msgs/include/mower_msgs/mower_msgs/msg/detail/detected_object_list__traits.hpp
[0.683s] -- Up-to-date symlink: /home/sy/ros2_ws/install/mower_msgs/include/mower_msgs/mower_msgs/msg/detail/detected_object_list__type_support.hpp
[0.683s] -- Up-to-date symlink: /home/sy/ros2_ws/install/mower_msgs/include/mower_msgs/mower_msgs/msg/detected_object.hpp
[0.683s] -- Up-to-date symlink: /home/sy/ros2_ws/install/mower_msgs/include/mower_msgs/mower_msgs/msg/detected_object_list.hpp
[0.684s] -- Up-to-date symlink: /home/sy/ros2_ws/install/mower_msgs/include/mower_msgs/mower_msgs/msg/rosidl_generator_cpp__visibility_control.hpp
[0.684s] -- Up-to-date symlink: /home/sy/ros2_ws/install/mower_msgs/include/mower_msgs/mower_msgs/msg/detail/detected_object__rosidl_typesupport_fastrtps_cpp.hpp
[0.684s] -- Up-to-date symlink: /home/sy/ros2_ws/install/mower_msgs/include/mower_msgs/mower_msgs/msg/detail/detected_object_list__rosidl_typesupport_fastrtps_cpp.hpp
[0.685s] -- Up-to-date symlink: /home/sy/ros2_ws/install/mower_msgs/include/mower_msgs/mower_msgs/msg/rosidl_typesupport_fastrtps_cpp__visibility_control.h
[0.685s] -- Up-to-date symlink: /home/sy/ros2_ws/install/mower_msgs/include/mower_msgs/mower_msgs/msg/detail/detected_object__rosidl_typesupport_introspection_cpp.hpp
[0.685s] -- Up-to-date symlink: /home/sy/ros2_ws/install/mower_msgs/include/mower_msgs/mower_msgs/msg/detail/detected_object_list__rosidl_typesupport_introspection_cpp.hpp
[0.686s] -- Up-to-date symlink: /home/sy/ros2_ws/install/mower_msgs/share/mower_msgs/environment/pythonpath.sh
[0.686s] -- Up-to-date symlink: /home/sy/ros2_ws/install/mower_msgs/share/mower_msgs/environment/pythonpath.dsv
[0.686s] -- Up-to-date symlink: /home/sy/ros2_ws/install/mower_msgs/local/lib/python3.10/dist-packages/mower_msgs-0.0.0-py3.10.egg-info/PKG-INFO
[0.687s] -- Up-to-date symlink: /home/sy/ros2_ws/install/mower_msgs/local/lib/python3.10/dist-packages/mower_msgs-0.0.0-py3.10.egg-info/SOURCES.txt
[0.687s] -- Up-to-date symlink: /home/sy/ros2_ws/install/mower_msgs/local/lib/python3.10/dist-packages/mower_msgs-0.0.0-py3.10.egg-info/dependency_links.txt
[0.688s] -- Up-to-date symlink: /home/sy/ros2_ws/install/mower_msgs/local/lib/python3.10/dist-packages/mower_msgs-0.0.0-py3.10.egg-info/top_level.txt
[0.689s] -- Up-to-date symlink: /home/sy/ros2_ws/install/mower_msgs/local/lib/python3.10/dist-packages/mower_msgs/__init__.py
[0.689s] -- Up-to-date symlink: /home/sy/ros2_ws/install/mower_msgs/local/lib/python3.10/dist-packages/mower_msgs/_mower_msgs_s.ep.rosidl_typesupport_c.c
[0.689s] -- Up-to-date symlink: /home/sy/ros2_ws/install/mower_msgs/local/lib/python3.10/dist-packages/mower_msgs/_mower_msgs_s.ep.rosidl_typesupport_fastrtps_c.c
[0.689s] -- Up-to-date symlink: /home/sy/ros2_ws/install/mower_msgs/local/lib/python3.10/dist-packages/mower_msgs/_mower_msgs_s.ep.rosidl_typesupport_introspection_c.c
[0.690s] -- Up-to-date symlink: /home/sy/ros2_ws/install/mower_msgs/local/lib/python3.10/dist-packages/mower_msgs/libmower_msgs__rosidl_generator_py.so
[0.690s] -- Up-to-date symlink: /home/sy/ros2_ws/install/mower_msgs/local/lib/python3.10/dist-packages/mower_msgs/mower_msgs_s__rosidl_typesupport_c.cpython-310-x86_64-linux-gnu.so
[0.690s] -- Up-to-date symlink: /home/sy/ros2_ws/install/mower_msgs/local/lib/python3.10/dist-packages/mower_msgs/mower_msgs_s__rosidl_typesupport_fastrtps_c.cpython-310-x86_64-linux-gnu.so
[0.690s] -- Up-to-date symlink: /home/sy/ros2_ws/install/mower_msgs/local/lib/python3.10/dist-packages/mower_msgs/mower_msgs_s__rosidl_typesupport_introspection_c.cpython-310-x86_64-linux-gnu.so
[0.690s] -- Up-to-date symlink: /home/sy/ros2_ws/install/mower_msgs/local/lib/python3.10/dist-packages/mower_msgs/msg/__init__.py
[0.691s] -- Up-to-date symlink: /home/sy/ros2_ws/install/mower_msgs/local/lib/python3.10/dist-packages/mower_msgs/msg/_detected_object.py
[0.691s] -- Up-to-date symlink: /home/sy/ros2_ws/install/mower_msgs/local/lib/python3.10/dist-packages/mower_msgs/msg/_detected_object_list.py
[0.691s] -- Up-to-date symlink: /home/sy/ros2_ws/install/mower_msgs/local/lib/python3.10/dist-packages/mower_msgs/msg/_detected_object_list_s.c
[0.691s] -- Up-to-date symlink: /home/sy/ros2_ws/install/mower_msgs/local/lib/python3.10/dist-packages/mower_msgs/msg/_detected_object_s.c
[0.691s] -- Up-to-date symlink: /home/sy/ros2_ws/install/mower_msgs/local/lib/python3.10/dist-packages/mower_msgs/mower_msgs_s__rosidl_typesupport_fastrtps_c.cpython-310-x86_64-linux-gnu.so
[0.692s] -- Up-to-date symlink: /home/sy/ros2_ws/install/mower_msgs/local/lib/python3.10/dist-packages/mower_msgs/mower_msgs_s__rosidl_typesupport_introspection_c.cpython-310-x86_64-linux-gnu.so
[0.692s] -- Up-to-date symlink: /home/sy/ros2_ws/install/mower_msgs/local/lib/python3.10/dist-packages/mower_msgs/mower_msgs_s__rosidl_typesupport_c.cpython-310-x86_64-linux-gnu.so
[0.693s] -- Up-to-date symlink: /home/sy/ros2_ws/install/mower_msgs/share/mower_msgs/msg/DetectedObject.idl
[0.693s] -- Up-to-date symlink: /home/sy/ros2_ws/install/mower_msgs/share/mower_msgs/msg/DetectedObjectList.idl
[0.693s] -- Up-to-date symlink: /home/sy/ros2_ws/install/mower_msgs/share/mower_msgs/msg/DetectedObject.msg
[0.694s] -- Up-to-date symlink: /home/sy/ros2_ws/install/mower_msgs/share/mower_msgs/msg/DetectedObjectList.msg
[0.694s] -- Up-to-date symlink: /home/sy/ros2_ws/install/mower_msgs/share/ament_index/resource_index/package_run_dependencies/mower_msgs
[0.694s] -- Up-to-date symlink: /home/sy/ros2_ws/install/mower_msgs/share/ament_index/resource_index/parent_prefix_path/mower_msgs
[0.694s] -- Up-to-date symlink: /home/sy/ros2_ws/install/mower_msgs/share/mower_msgs/environment/ament_prefix_path.sh
[0.695s] -- Up-to-date symlink: /home/sy/ros2_ws/install/mower_msgs/share/mower_msgs/environment/ament_prefix_path.dsv
[0.695s] -- Up-to-date symlink: /home/sy/ros2_ws/install/mower_msgs/share/mower_msgs/environment/path.sh
[0.696s] -- Up-to-date symlink: /home/sy/ros2_ws/install/mower_msgs/share/mower_msgs/environment/path.dsv
[0.696s] -- Up-to-date symlink: /home/sy/ros2_ws/install/mower_msgs/share/mower_msgs/local_setup.bash
[0.696s] -- Up-to-date symlink: /home/sy/ros2_ws/install/mower_msgs/share/mower_msgs/local_setup.sh
[0.696s] -- Up-to-date symlink: /home/sy/ros2_ws/install/mower_msgs/share/mower_msgs/local_setup.zsh
[0.696s] -- Up-to-date symlink: /home/sy/ros2_ws/install/mower_msgs/share/mower_msgs/local_setup.dsv
[0.696s] -- Symlinking: /home/sy/ros2_ws/install/mower_msgs/share/mower_msgs/package.dsv
[0.709s] -- Up-to-date symlink: /home/sy/ros2_ws/install/mower_msgs/share/ament_index/resource_index/packages/mower_msgs
[0.710s] -- Up-to-date symlink: /home/sy/ros2_ws/install/mower_msgs/share/mower_msgs/cmake/rosidl_cmake-extras.cmake
[0.710s] -- Up-to-date symlink: /home/sy/ros2_ws/install/mower_msgs/share/mower_msgs/cmake/ament_cmake_export_include_directories-extras.cmake
[0.710s] -- Up-to-date symlink: /home/sy/ros2_ws/install/mower_msgs/share/mower_msgs/cmake/ament_cmake_export_libraries-extras.cmake
[0.711s] -- Up-to-date symlink: /home/sy/ros2_ws/install/mower_msgs/share/mower_msgs/cmake/ament_cmake_export_targets-extras.cmake
[0.711s] -- Up-to-date symlink: /home/sy/ros2_ws/install/mower_msgs/share/mower_msgs/cmake/rosidl_cmake_export_typesupport_targets-extras.cmake
[0.711s] -- Up-to-date symlink: /home/sy/ros2_ws/install/mower_msgs/share/mower_msgs/cmake/ament_cmake_export_dependencies-extras.cmake
[0.711s] -- Up-to-date symlink: /home/sy/ros2_ws/install/mower_msgs/share/mower_msgs/cmake/rosidl_cmake_export_typesupport_libraries-extras.cmake
[0.712s] -- Up-to-date symlink: /home/sy/ros2_ws/install/mower_msgs/share/mower_msgs/cmake/mower_msgsConfig.cmake
[0.712s] -- Up-to-date symlink: /home/sy/ros2_ws/install/mower_msgs/share/mower_msgs/cmake/mower_msgsConfig-version.cmake
[0.712s] -- Up-to-date symlink: /home/sy/ros2_ws/install/mower_msgs/share/mower_msgs/package.xml
[0.712s] -- Up-to-date: /home/sy/ros2_ws/install/mower_msgs/lib/libmower_msgs__rosidl_generator_c.so
[0.713s] -- Up-to-date: /home/sy/ros2_ws/install/mower_msgs/lib/libmower_msgs__rosidl_typesupport_fastrtps_c.so
[0.713s] -- Up-to-date: /home/sy/ros2_ws/install/mower_msgs/lib/libmower_msgs__rosidl_typesupport_introspection_c.so
[0.713s] -- Up-to-date: /home/sy/ros2_ws/install/mower_msgs/lib/libmower_msgs__rosidl_typesupport_c.so
[0.714s] -- Up-to-date: /home/sy/ros2_ws/install/mower_msgs/lib/libmower_msgs__rosidl_typesupport_fastrtps_cpp.so
[0.714s] -- Up-to-date: /home/sy/ros2_ws/install/mower_msgs/lib/libmower_msgs__rosidl_typesupport_introspection_cpp.so
[0.715s] -- Up-to-date: /home/sy/ros2_ws/install/mower_msgs/lib/libmower_msgs__rosidl_typesupport_cpp.so
[0.760s] Listing '/home/sy/ros2_ws/install/mower_msgs/local/lib/python3.10/dist-packages/mower_msgs'...
[0.761s] Listing '/home/sy/ros2_ws/install/mower_msgs/local/lib/python3.10/dist-packages/mower_msgs/msg'...
[0.769s] -- Up-to-date: /home/sy/ros2_ws/install/mower_msgs/lib/libmower_msgs__rosidl_generator_py.so
[0.769s] -- Up-to-date: /home/sy/ros2_ws/install/mower_msgs/share/mower_msgs/cmake/export_mower_msgs__rosidl_generator_cExport.cmake
[0.769s] -- Up-to-date: /home/sy/ros2_ws/install/mower_msgs/share/mower_msgs/cmake/export_mower_msgs__rosidl_generator_cExport-noconfig.cmake
[0.770s] -- Up-to-date: /home/sy/ros2_ws/install/mower_msgs/share/mower_msgs/cmake/export_mower_msgs__rosidl_typesupport_fastrtps_cExport.cmake
[0.770s] -- Up-to-date: /home/sy/ros2_ws/install/mower_msgs/share/mower_msgs/cmake/export_mower_msgs__rosidl_typesupport_fastrtps_cExport-noconfig.cmake
[0.770s] -- Up-to-date: /home/sy/ros2_ws/install/mower_msgs/share/mower_msgs/cmake/mower_msgs__rosidl_typesupport_introspection_cExport.cmake
[0.770s] -- Up-to-date: /home/sy/ros2_ws/install/mower_msgs/share/mower_msgs/cmake/mower_msgs__rosidl_typesupport_introspection_cExport-noconfig.cmake
[0.770s] -- Up-to-date: /home/sy/ros2_ws/install/mower_msgs/share/mower_msgs/cmake/mower_msgs__rosidl_typesupport_cExport.cmake
[0.771s] -- Up-to-date: /home/sy/ros2_ws/install/mower_msgs/share/mower_msgs/cmake/mower_msgs__rosidl_typesupport_cExport-noconfig.cmake
[0.771s] -- Up-to-date: /home/sy/ros2_ws/install/mower_msgs/share/mower_msgs/cmake/export_mower_msgs__rosidl_generator_cppExport.cmake
[0.771s] -- Up-to-date: /home/sy/ros2_ws/install/mower_msgs/share/mower_msgs/cmake/export_mower_msgs__rosidl_typesupport_fastrtps_cppExport.cmake
[0.771s] -- Up-to-date: /home/sy/ros2_ws/install/mower_msgs/share/mower_msgs/cmake/export_mower_msgs__rosidl_typesupport_fastrtps_cppExport-noconfig.cmake
[0.771s] -- Up-to-date: /home/sy/ros2_ws/install/mower_msgs/share/mower_msgs/cmake/mower_msgs__rosidl_typesupport_introspection_cppExport.cmake
[0.771s] -- Up-to-date: /home/sy/ros2_ws/install/mower_msgs/share/mower_msgs/cmake/mower_msgs__rosidl_typesupport_introspection_cppExport-noconfig.cmake
[0.771s] -- Up-to-date: /home/sy/ros2_ws/install/mower_msgs/share/mower_msgs/cmake/mower_msgs__rosidl_typesupport_cppExport.cmake
[0.771s] -- Up-to-date: /home/sy/ros2_ws/install/mower_msgs/share/mower_msgs/cmake/mower_msgs__rosidl_typesupport_cppExport-noconfig.cmake
[0.771s] -- Up-to-date: /home/sy/ros2_ws/install/mower_msgs/share/mower_msgs/cmake/export_mower_msgs__rosidl_generator_pyExport.cmake
[0.771s] -- Up-to-date: /home/sy/ros2_ws/install/mower_msgs/share/mower_msgs/cmake/export_mower_msgs__rosidl_generator_pyExport-noconfig.cmake
[0.774s] Invoked command in '/home/sy/ros2_ws/build/mower_msgs' returned '0': CMAKE_PREFIX_PATH=${CMAKE_PREFIX_PATH}:/home/sy/ros2_ws/install/ros_tcp_endpoint:/home/sy/ros2_ws/install/mower_ai:/opt/ros/humble /usr/bin/cmake --install /home/sy/ros2_ws/build/mower_msgs
