[0.316s] DEBUG:colcon:Command line arguments: ['/usr/bin/colcon', 'build', '--symlink-install']
[0.316s] DEBUG:colcon:Parsed command line arguments: Namespace(log_base=None, log_level=None, verb_name='build', build_base='build', install_base='install', merge_install=False, symlink_install=True, test_result_base=None, continue_on_error=False, executor='parallel', parallel_workers=16, event_handlers=None, ignore_user_meta=False, metas=['./colcon.meta'], base_paths=['.'], packages_ignore=None, packages_ignore_regex=None, paths=None, packages_up_to=None, packages_up_to_regex=None, packages_above=None, packages_above_and_dependencies=None, packages_above_depth=None, packages_select_by_dep=None, packages_skip_by_dep=None, packages_skip_up_to=None, packages_select_build_failed=False, packages_skip_build_finished=False, packages_select_test_failures=False, packages_skip_test_passed=False, packages_select=None, packages_skip=None, packages_select_regex=None, packages_skip_regex=None, packages_start=None, packages_end=None, allow_overriding=[], cmake_args=None, cmake_target=None, cmake_target_skip_unavailable=False, cmake_clean_cache=False, cmake_clean_first=False, cmake_force_configure=False, ament_cmake_args=None, catkin_cmake_args=None, catkin_skip_building_tests=False, mixin_files=None, mixin=None, verb_parser=<colcon_mixin.mixin.mixin_argument.MixinArgumentDecorator object at 0x7f3333562980>, verb_extension=<colcon_core.verb.build.BuildVerb object at 0x7f3333561c60>, main=<bound method BuildVerb.main of <colcon_core.verb.build.BuildVerb object at 0x7f3333561c60>>, mixin_verb=('build',))
[0.541s] Level 1:colcon.colcon_core.package_discovery:discover_packages(colcon_meta) check parameters
[0.541s] Level 1:colcon.colcon_core.package_discovery:discover_packages(recursive) check parameters
[0.541s] Level 1:colcon.colcon_core.package_discovery:discover_packages(ignore) check parameters
[0.541s] Level 1:colcon.colcon_core.package_discovery:discover_packages(path) check parameters
[0.541s] Level 1:colcon.colcon_core.package_discovery:discover_packages(colcon_meta) discover
[0.541s] Level 1:colcon.colcon_core.package_discovery:discover_packages(recursive) discover
[0.541s] INFO:colcon.colcon_core.package_discovery:Crawling recursively for packages in '/home/sy/ros2_ws'
[0.541s] Level 1:colcon.colcon_core.package_identification:_identify(.) by extensions ['ignore', 'ignore_ament_install']
[0.542s] Level 1:colcon.colcon_core.package_identification:_identify(.) by extension 'ignore'
[0.542s] Level 1:colcon.colcon_core.package_identification:_identify(.) by extension 'ignore_ament_install'
[0.542s] Level 1:colcon.colcon_core.package_identification:_identify(.) by extensions ['colcon_pkg']
[0.542s] Level 1:colcon.colcon_core.package_identification:_identify(.) by extension 'colcon_pkg'
[0.542s] Level 1:colcon.colcon_core.package_identification:_identify(.) by extensions ['colcon_meta']
[0.542s] Level 1:colcon.colcon_core.package_identification:_identify(.) by extension 'colcon_meta'
[0.542s] Level 1:colcon.colcon_core.package_identification:_identify(.) by extensions ['ros']
[0.542s] Level 1:colcon.colcon_core.package_identification:_identify(.) by extension 'ros'
[0.558s] Level 1:colcon.colcon_core.package_identification:_identify(.) by extensions ['cmake', 'python']
[0.558s] Level 1:colcon.colcon_core.package_identification:_identify(.) by extension 'cmake'
[0.558s] Level 1:colcon.colcon_core.package_identification:_identify(.) by extension 'python'
[0.558s] Level 1:colcon.colcon_core.package_identification:_identify(.) by extensions ['python_setup_py']
[0.558s] Level 1:colcon.colcon_core.package_identification:_identify(.) by extension 'python_setup_py'
[0.558s] Level 1:colcon.colcon_core.package_identification:_identify(build) by extensions ['ignore', 'ignore_ament_install']
[0.558s] Level 1:colcon.colcon_core.package_identification:_identify(build) by extension 'ignore'
[0.559s] Level 1:colcon.colcon_core.package_identification:_identify(build) ignored
[0.559s] Level 1:colcon.colcon_core.package_identification:_identify(install) by extensions ['ignore', 'ignore_ament_install']
[0.559s] Level 1:colcon.colcon_core.package_identification:_identify(install) by extension 'ignore'
[0.559s] Level 1:colcon.colcon_core.package_identification:_identify(install) ignored
[0.559s] Level 1:colcon.colcon_core.package_identification:_identify(log) by extensions ['ignore', 'ignore_ament_install']
[0.559s] Level 1:colcon.colcon_core.package_identification:_identify(log) by extension 'ignore'
[0.559s] Level 1:colcon.colcon_core.package_identification:_identify(log) ignored
[0.560s] Level 1:colcon.colcon_core.package_identification:_identify(src) by extensions ['ignore', 'ignore_ament_install']
[0.560s] Level 1:colcon.colcon_core.package_identification:_identify(src) by extension 'ignore'
[0.560s] Level 1:colcon.colcon_core.package_identification:_identify(src) by extension 'ignore_ament_install'
[0.560s] Level 1:colcon.colcon_core.package_identification:_identify(src) by extensions ['colcon_pkg']
[0.560s] Level 1:colcon.colcon_core.package_identification:_identify(src) by extension 'colcon_pkg'
[0.560s] Level 1:colcon.colcon_core.package_identification:_identify(src) by extensions ['colcon_meta']
[0.560s] Level 1:colcon.colcon_core.package_identification:_identify(src) by extension 'colcon_meta'
[0.560s] Level 1:colcon.colcon_core.package_identification:_identify(src) by extensions ['ros']
[0.560s] Level 1:colcon.colcon_core.package_identification:_identify(src) by extension 'ros'
[0.560s] Level 1:colcon.colcon_core.package_identification:_identify(src) by extensions ['cmake', 'python']
[0.560s] Level 1:colcon.colcon_core.package_identification:_identify(src) by extension 'cmake'
[0.560s] Level 1:colcon.colcon_core.package_identification:_identify(src) by extension 'python'
[0.560s] Level 1:colcon.colcon_core.package_identification:_identify(src) by extensions ['python_setup_py']
[0.560s] Level 1:colcon.colcon_core.package_identification:_identify(src) by extension 'python_setup_py'
[0.560s] Level 1:colcon.colcon_core.package_identification:_identify(src/ROS-TCP-Endpoint) by extensions ['ignore', 'ignore_ament_install']
[0.560s] Level 1:colcon.colcon_core.package_identification:_identify(src/ROS-TCP-Endpoint) by extension 'ignore'
[0.560s] Level 1:colcon.colcon_core.package_identification:_identify(src/ROS-TCP-Endpoint) by extension 'ignore_ament_install'
[0.561s] Level 1:colcon.colcon_core.package_identification:_identify(src/ROS-TCP-Endpoint) by extensions ['colcon_pkg']
[0.561s] Level 1:colcon.colcon_core.package_identification:_identify(src/ROS-TCP-Endpoint) by extension 'colcon_pkg'
[0.561s] Level 1:colcon.colcon_core.package_identification:_identify(src/ROS-TCP-Endpoint) by extensions ['colcon_meta']
[0.561s] Level 1:colcon.colcon_core.package_identification:_identify(src/ROS-TCP-Endpoint) by extension 'colcon_meta'
[0.561s] Level 1:colcon.colcon_core.package_identification:_identify(src/ROS-TCP-Endpoint) by extensions ['ros']
[0.561s] Level 1:colcon.colcon_core.package_identification:_identify(src/ROS-TCP-Endpoint) by extension 'ros'
[0.564s] DEBUG:colcon.colcon_core.package_identification:Package 'src/ROS-TCP-Endpoint' with type 'ros.ament_python' and name 'ros_tcp_endpoint'
[0.565s] Level 1:colcon.colcon_core.package_identification:_identify(src/mower_ai) by extensions ['ignore', 'ignore_ament_install']
[0.565s] Level 1:colcon.colcon_core.package_identification:_identify(src/mower_ai) by extension 'ignore'
[0.565s] Level 1:colcon.colcon_core.package_identification:_identify(src/mower_ai) by extension 'ignore_ament_install'
[0.565s] Level 1:colcon.colcon_core.package_identification:_identify(src/mower_ai) by extensions ['colcon_pkg']
[0.565s] Level 1:colcon.colcon_core.package_identification:_identify(src/mower_ai) by extension 'colcon_pkg'
[0.565s] Level 1:colcon.colcon_core.package_identification:_identify(src/mower_ai) by extensions ['colcon_meta']
[0.565s] Level 1:colcon.colcon_core.package_identification:_identify(src/mower_ai) by extension 'colcon_meta'
[0.565s] Level 1:colcon.colcon_core.package_identification:_identify(src/mower_ai) by extensions ['ros']
[0.565s] Level 1:colcon.colcon_core.package_identification:_identify(src/mower_ai) by extension 'ros'
[0.566s] DEBUG:colcon.colcon_core.package_identification:Package 'src/mower_ai' with type 'ros.ament_python' and name 'mower_ai'
[0.566s] Level 1:colcon.colcon_core.package_identification:_identify(src/mower_msgs) by extensions ['ignore', 'ignore_ament_install']
[0.567s] Level 1:colcon.colcon_core.package_identification:_identify(src/mower_msgs) by extension 'ignore'
[0.567s] Level 1:colcon.colcon_core.package_identification:_identify(src/mower_msgs) by extension 'ignore_ament_install'
[0.567s] Level 1:colcon.colcon_core.package_identification:_identify(src/mower_msgs) by extensions ['colcon_pkg']
[0.567s] Level 1:colcon.colcon_core.package_identification:_identify(src/mower_msgs) by extension 'colcon_pkg'
[0.567s] Level 1:colcon.colcon_core.package_identification:_identify(src/mower_msgs) by extensions ['colcon_meta']
[0.567s] Level 1:colcon.colcon_core.package_identification:_identify(src/mower_msgs) by extension 'colcon_meta'
[0.567s] Level 1:colcon.colcon_core.package_identification:_identify(src/mower_msgs) by extensions ['ros']
[0.567s] Level 1:colcon.colcon_core.package_identification:_identify(src/mower_msgs) by extension 'ros'
[0.568s] DEBUG:colcon.colcon_core.package_identification:Package 'src/mower_msgs' with type 'ros.ament_cmake' and name 'mower_msgs'
[0.568s] Level 1:colcon.colcon_core.package_discovery:discover_packages(recursive) using defaults
[0.568s] Level 1:colcon.colcon_core.package_discovery:discover_packages(ignore) discover
[0.568s] Level 1:colcon.colcon_core.package_discovery:discover_packages(ignore) using defaults
[0.568s] Level 1:colcon.colcon_core.package_discovery:discover_packages(path) discover
[0.568s] Level 1:colcon.colcon_core.package_discovery:discover_packages(path) using defaults
[0.634s] Level 1:colcon.colcon_core.package_discovery:discover_packages(prefix_path) check parameters
[0.634s] Level 1:colcon.colcon_core.package_discovery:discover_packages(prefix_path) discover
[0.636s] DEBUG:colcon.colcon_installed_package_information.package_discovery:Found 3 installed packages in /home/sy/ros2_ws/install
[0.638s] DEBUG:colcon.colcon_installed_package_information.package_discovery:Found 279 installed packages in /opt/ros/humble
[0.640s] Level 1:colcon.colcon_core.package_discovery:discover_packages(prefix_path) using defaults
[0.686s] Level 5:colcon.colcon_core.verb:set package 'mower_msgs' build argument 'cmake_args' from command line to 'None'
[0.686s] Level 5:colcon.colcon_core.verb:set package 'mower_msgs' build argument 'cmake_target' from command line to 'None'
[0.686s] Level 5:colcon.colcon_core.verb:set package 'mower_msgs' build argument 'cmake_target_skip_unavailable' from command line to 'False'
[0.686s] Level 5:colcon.colcon_core.verb:set package 'mower_msgs' build argument 'cmake_clean_cache' from command line to 'False'
[0.686s] Level 5:colcon.colcon_core.verb:set package 'mower_msgs' build argument 'cmake_clean_first' from command line to 'False'
[0.686s] Level 5:colcon.colcon_core.verb:set package 'mower_msgs' build argument 'cmake_force_configure' from command line to 'False'
[0.686s] Level 5:colcon.colcon_core.verb:set package 'mower_msgs' build argument 'ament_cmake_args' from command line to 'None'
[0.687s] Level 5:colcon.colcon_core.verb:set package 'mower_msgs' build argument 'catkin_cmake_args' from command line to 'None'
[0.687s] Level 5:colcon.colcon_core.verb:set package 'mower_msgs' build argument 'catkin_skip_building_tests' from command line to 'False'
[0.687s] DEBUG:colcon.colcon_core.verb:Building package 'mower_msgs' with the following arguments: {'ament_cmake_args': None, 'build_base': '/home/sy/ros2_ws/build/mower_msgs', 'catkin_cmake_args': None, 'catkin_skip_building_tests': False, 'cmake_args': None, 'cmake_clean_cache': False, 'cmake_clean_first': False, 'cmake_force_configure': False, 'cmake_target': None, 'cmake_target_skip_unavailable': False, 'install_base': '/home/sy/ros2_ws/install/mower_msgs', 'merge_install': False, 'path': '/home/sy/ros2_ws/src/mower_msgs', 'symlink_install': True, 'test_result_base': None}
[0.687s] Level 5:colcon.colcon_core.verb:set package 'ros_tcp_endpoint' build argument 'cmake_args' from command line to 'None'
[0.687s] Level 5:colcon.colcon_core.verb:set package 'ros_tcp_endpoint' build argument 'cmake_target' from command line to 'None'
[0.687s] Level 5:colcon.colcon_core.verb:set package 'ros_tcp_endpoint' build argument 'cmake_target_skip_unavailable' from command line to 'False'
[0.687s] Level 5:colcon.colcon_core.verb:set package 'ros_tcp_endpoint' build argument 'cmake_clean_cache' from command line to 'False'
[0.687s] Level 5:colcon.colcon_core.verb:set package 'ros_tcp_endpoint' build argument 'cmake_clean_first' from command line to 'False'
[0.687s] Level 5:colcon.colcon_core.verb:set package 'ros_tcp_endpoint' build argument 'cmake_force_configure' from command line to 'False'
[0.687s] Level 5:colcon.colcon_core.verb:set package 'ros_tcp_endpoint' build argument 'ament_cmake_args' from command line to 'None'
[0.687s] Level 5:colcon.colcon_core.verb:set package 'ros_tcp_endpoint' build argument 'catkin_cmake_args' from command line to 'None'
[0.687s] Level 5:colcon.colcon_core.verb:set package 'ros_tcp_endpoint' build argument 'catkin_skip_building_tests' from command line to 'False'
[0.687s] DEBUG:colcon.colcon_core.verb:Building package 'ros_tcp_endpoint' with the following arguments: {'ament_cmake_args': None, 'build_base': '/home/sy/ros2_ws/build/ros_tcp_endpoint', 'catkin_cmake_args': None, 'catkin_skip_building_tests': False, 'cmake_args': None, 'cmake_clean_cache': False, 'cmake_clean_first': False, 'cmake_force_configure': False, 'cmake_target': None, 'cmake_target_skip_unavailable': False, 'install_base': '/home/sy/ros2_ws/install/ros_tcp_endpoint', 'merge_install': False, 'path': '/home/sy/ros2_ws/src/ROS-TCP-Endpoint', 'symlink_install': True, 'test_result_base': None}
[0.688s] Level 5:colcon.colcon_core.verb:set package 'mower_ai' build argument 'cmake_args' from command line to 'None'
[0.688s] Level 5:colcon.colcon_core.verb:set package 'mower_ai' build argument 'cmake_target' from command line to 'None'
[0.688s] Level 5:colcon.colcon_core.verb:set package 'mower_ai' build argument 'cmake_target_skip_unavailable' from command line to 'False'
[0.688s] Level 5:colcon.colcon_core.verb:set package 'mower_ai' build argument 'cmake_clean_cache' from command line to 'False'
[0.688s] Level 5:colcon.colcon_core.verb:set package 'mower_ai' build argument 'cmake_clean_first' from command line to 'False'
[0.688s] Level 5:colcon.colcon_core.verb:set package 'mower_ai' build argument 'cmake_force_configure' from command line to 'False'
[0.688s] Level 5:colcon.colcon_core.verb:set package 'mower_ai' build argument 'ament_cmake_args' from command line to 'None'
[0.688s] Level 5:colcon.colcon_core.verb:set package 'mower_ai' build argument 'catkin_cmake_args' from command line to 'None'
[0.688s] Level 5:colcon.colcon_core.verb:set package 'mower_ai' build argument 'catkin_skip_building_tests' from command line to 'False'
[0.688s] DEBUG:colcon.colcon_core.verb:Building package 'mower_ai' with the following arguments: {'ament_cmake_args': None, 'build_base': '/home/sy/ros2_ws/build/mower_ai', 'catkin_cmake_args': None, 'catkin_skip_building_tests': False, 'cmake_args': None, 'cmake_clean_cache': False, 'cmake_clean_first': False, 'cmake_force_configure': False, 'cmake_target': None, 'cmake_target_skip_unavailable': False, 'install_base': '/home/sy/ros2_ws/install/mower_ai', 'merge_install': False, 'path': '/home/sy/ros2_ws/src/mower_ai', 'symlink_install': True, 'test_result_base': None}
[0.688s] INFO:colcon.colcon_core.executor:Executing jobs using 'parallel' executor
[0.690s] DEBUG:colcon.colcon_parallel_executor.executor.parallel:run_until_complete
[0.690s] INFO:colcon.colcon_ros.task.ament_cmake.build:Building ROS package in '/home/sy/ros2_ws/src/mower_msgs' with build type 'ament_cmake'
[0.691s] INFO:colcon.colcon_cmake.task.cmake.build:Building CMake package in '/home/sy/ros2_ws/src/mower_msgs'
[0.696s] INFO:colcon.colcon_core.plugin_system:Skipping extension 'colcon_core.shell.bat': Not used on non-Windows systems
[0.697s] INFO:colcon.colcon_core.shell:Skip shell extension 'powershell' for command environment: Not usable outside of PowerShell
[0.697s] DEBUG:colcon.colcon_core.shell:Skip shell extension 'dsv' for command environment
[0.704s] INFO:colcon.colcon_ros.task.ament_python.build:Building ROS package in '/home/sy/ros2_ws/src/ROS-TCP-Endpoint' with build type 'ament_python'
[0.706s] Level 1:colcon.colcon_core.shell:create_environment_hook('ros_tcp_endpoint', 'ament_prefix_path')
[0.707s] INFO:colcon.colcon_core.shell:Creating environment hook '/home/sy/ros2_ws/install/ros_tcp_endpoint/share/ros_tcp_endpoint/hook/ament_prefix_path.ps1'
[0.713s] INFO:colcon.colcon_core.shell:Creating environment descriptor '/home/sy/ros2_ws/install/ros_tcp_endpoint/share/ros_tcp_endpoint/hook/ament_prefix_path.dsv'
[0.715s] INFO:colcon.colcon_core.shell:Creating environment hook '/home/sy/ros2_ws/install/ros_tcp_endpoint/share/ros_tcp_endpoint/hook/ament_prefix_path.sh'
[0.717s] INFO:colcon.colcon_core.shell:Skip shell extension 'powershell' for command environment: Not usable outside of PowerShell
[0.717s] DEBUG:colcon.colcon_core.shell:Skip shell extension 'dsv' for command environment
[0.735s] DEBUG:colcon.colcon_core.event_handler.log_command:Invoking command in '/home/sy/ros2_ws/build/mower_msgs': CMAKE_PREFIX_PATH=${CMAKE_PREFIX_PATH}:/home/sy/ros2_ws/install/ros_tcp_endpoint:/home/sy/ros2_ws/install/mower_ai:/opt/ros/humble /usr/bin/cmake --build /home/sy/ros2_ws/build/mower_msgs -- -j16 -l16
[1.187s] INFO:colcon.colcon_core.task.python.build:Building Python package in '/home/sy/ros2_ws/src/ROS-TCP-Endpoint'
[1.188s] INFO:colcon.colcon_core.shell:Skip shell extension 'powershell' for command environment: Not usable outside of PowerShell
[1.188s] DEBUG:colcon.colcon_core.shell:Skip shell extension 'dsv' for command environment
[1.304s] DEBUG:colcon.colcon_core.event_handler.log_command:Invoked command in '/home/sy/ros2_ws/build/mower_msgs' returned '0': CMAKE_PREFIX_PATH=${CMAKE_PREFIX_PATH}:/home/sy/ros2_ws/install/ros_tcp_endpoint:/home/sy/ros2_ws/install/mower_ai:/opt/ros/humble /usr/bin/cmake --build /home/sy/ros2_ws/build/mower_msgs -- -j16 -l16
[1.324s] DEBUG:colcon.colcon_core.event_handler.log_command:Invoking command in '/home/sy/ros2_ws/build/mower_msgs': CMAKE_PREFIX_PATH=${CMAKE_PREFIX_PATH}:/home/sy/ros2_ws/install/ros_tcp_endpoint:/home/sy/ros2_ws/install/mower_ai:/opt/ros/humble /usr/bin/cmake --install /home/sy/ros2_ws/build/mower_msgs
[1.484s] Level 1:colcon.colcon_core.environment:create_environment_scripts_only(mower_msgs)
[1.485s] DEBUG:colcon.colcon_core.event_handler.log_command:Invoked command in '/home/sy/ros2_ws/build/mower_msgs' returned '0': CMAKE_PREFIX_PATH=${CMAKE_PREFIX_PATH}:/home/sy/ros2_ws/install/ros_tcp_endpoint:/home/sy/ros2_ws/install/mower_ai:/opt/ros/humble /usr/bin/cmake --install /home/sy/ros2_ws/build/mower_msgs
[1.488s] Level 1:colcon.colcon_core.environment:checking '/home/sy/ros2_ws/install/mower_msgs' for CMake module files
[1.489s] Level 1:colcon.colcon_core.environment:checking '/home/sy/ros2_ws/install/mower_msgs' for CMake config files
[1.490s] Level 1:colcon.colcon_core.shell:create_environment_hook('mower_msgs', 'cmake_prefix_path')
[1.491s] INFO:colcon.colcon_core.shell:Creating environment hook '/home/sy/ros2_ws/install/mower_msgs/share/mower_msgs/hook/cmake_prefix_path.ps1'
[1.492s] INFO:colcon.colcon_core.shell:Creating environment descriptor '/home/sy/ros2_ws/install/mower_msgs/share/mower_msgs/hook/cmake_prefix_path.dsv'
[1.492s] INFO:colcon.colcon_core.shell:Creating environment hook '/home/sy/ros2_ws/install/mower_msgs/share/mower_msgs/hook/cmake_prefix_path.sh'
[1.493s] Level 1:colcon.colcon_core.environment:checking '/home/sy/ros2_ws/install/mower_msgs/lib'
[1.494s] Level 1:colcon.colcon_core.shell:create_environment_hook('mower_msgs', 'ld_library_path_lib')
[1.494s] INFO:colcon.colcon_core.shell:Creating environment hook '/home/sy/ros2_ws/install/mower_msgs/share/mower_msgs/hook/ld_library_path_lib.ps1'
[1.495s] INFO:colcon.colcon_core.shell:Creating environment descriptor '/home/sy/ros2_ws/install/mower_msgs/share/mower_msgs/hook/ld_library_path_lib.dsv'
[1.496s] INFO:colcon.colcon_core.shell:Creating environment hook '/home/sy/ros2_ws/install/mower_msgs/share/mower_msgs/hook/ld_library_path_lib.sh'
[1.497s] Level 1:colcon.colcon_core.environment:checking '/home/sy/ros2_ws/install/mower_msgs/bin'
[1.497s] Level 1:colcon.colcon_core.environment:checking '/home/sy/ros2_ws/install/mower_msgs/lib/pkgconfig/mower_msgs.pc'
[1.499s] Level 1:colcon.colcon_core.environment:checking '/home/sy/ros2_ws/install/mower_msgs/lib/python3.10/site-packages'
[1.499s] Level 1:colcon.colcon_core.environment:checking '/home/sy/ros2_ws/install/mower_msgs/bin'
[1.500s] INFO:colcon.colcon_core.shell:Creating package script '/home/sy/ros2_ws/install/mower_msgs/share/mower_msgs/package.ps1'
[1.501s] INFO:colcon.colcon_core.shell:Creating package descriptor '/home/sy/ros2_ws/install/mower_msgs/share/mower_msgs/package.dsv'
[1.502s] INFO:colcon.colcon_core.shell:Creating package script '/home/sy/ros2_ws/install/mower_msgs/share/mower_msgs/package.sh'
[1.504s] INFO:colcon.colcon_core.shell:Creating package script '/home/sy/ros2_ws/install/mower_msgs/share/mower_msgs/package.bash'
[1.506s] INFO:colcon.colcon_core.shell:Creating package script '/home/sy/ros2_ws/install/mower_msgs/share/mower_msgs/package.zsh'
[1.507s] Level 1:colcon.colcon_core.environment:create_file_with_runtime_dependencies(/home/sy/ros2_ws/install/mower_msgs/share/colcon-core/packages/mower_msgs)
[1.509s] Level 1:colcon.colcon_core.environment:create_environment_scripts_only(mower_msgs)
[1.509s] Level 1:colcon.colcon_core.environment:checking '/home/sy/ros2_ws/install/mower_msgs' for CMake module files
[1.510s] Level 1:colcon.colcon_core.environment:checking '/home/sy/ros2_ws/install/mower_msgs' for CMake config files
[1.511s] Level 1:colcon.colcon_core.shell:create_environment_hook('mower_msgs', 'cmake_prefix_path')
[1.512s] INFO:colcon.colcon_core.shell:Creating environment hook '/home/sy/ros2_ws/install/mower_msgs/share/mower_msgs/hook/cmake_prefix_path.ps1'
[1.513s] INFO:colcon.colcon_core.shell:Creating environment descriptor '/home/sy/ros2_ws/install/mower_msgs/share/mower_msgs/hook/cmake_prefix_path.dsv'
[1.513s] INFO:colcon.colcon_core.shell:Creating environment hook '/home/sy/ros2_ws/install/mower_msgs/share/mower_msgs/hook/cmake_prefix_path.sh'
[1.514s] Level 1:colcon.colcon_core.environment:checking '/home/sy/ros2_ws/install/mower_msgs/lib'
[1.514s] Level 1:colcon.colcon_core.shell:create_environment_hook('mower_msgs', 'ld_library_path_lib')
[1.515s] INFO:colcon.colcon_core.shell:Creating environment hook '/home/sy/ros2_ws/install/mower_msgs/share/mower_msgs/hook/ld_library_path_lib.ps1'
[1.516s] INFO:colcon.colcon_core.shell:Creating environment descriptor '/home/sy/ros2_ws/install/mower_msgs/share/mower_msgs/hook/ld_library_path_lib.dsv'
[1.516s] INFO:colcon.colcon_core.shell:Creating environment hook '/home/sy/ros2_ws/install/mower_msgs/share/mower_msgs/hook/ld_library_path_lib.sh'
[1.517s] Level 1:colcon.colcon_core.environment:checking '/home/sy/ros2_ws/install/mower_msgs/bin'
[1.517s] Level 1:colcon.colcon_core.environment:checking '/home/sy/ros2_ws/install/mower_msgs/lib/pkgconfig/mower_msgs.pc'
[1.517s] Level 1:colcon.colcon_core.environment:checking '/home/sy/ros2_ws/install/mower_msgs/lib/python3.10/site-packages'
[1.518s] Level 1:colcon.colcon_core.environment:checking '/home/sy/ros2_ws/install/mower_msgs/bin'
[1.518s] INFO:colcon.colcon_core.shell:Creating package script '/home/sy/ros2_ws/install/mower_msgs/share/mower_msgs/package.ps1'
[1.519s] INFO:colcon.colcon_core.shell:Creating package descriptor '/home/sy/ros2_ws/install/mower_msgs/share/mower_msgs/package.dsv'
[1.520s] INFO:colcon.colcon_core.shell:Creating package script '/home/sy/ros2_ws/install/mower_msgs/share/mower_msgs/package.sh'
[1.521s] INFO:colcon.colcon_core.shell:Creating package script '/home/sy/ros2_ws/install/mower_msgs/share/mower_msgs/package.bash'
[1.522s] INFO:colcon.colcon_core.shell:Creating package script '/home/sy/ros2_ws/install/mower_msgs/share/mower_msgs/package.zsh'
[1.522s] Level 1:colcon.colcon_core.environment:create_file_with_runtime_dependencies(/home/sy/ros2_ws/install/mower_msgs/share/colcon-core/packages/mower_msgs)
[1.523s] INFO:colcon.colcon_ros.task.ament_python.build:Building ROS package in '/home/sy/ros2_ws/src/mower_ai' with build type 'ament_python'
[1.523s] Level 1:colcon.colcon_core.shell:create_environment_hook('mower_ai', 'ament_prefix_path')
[1.524s] INFO:colcon.colcon_core.shell:Creating environment hook '/home/sy/ros2_ws/install/mower_ai/share/mower_ai/hook/ament_prefix_path.ps1'
[1.526s] INFO:colcon.colcon_core.shell:Creating environment descriptor '/home/sy/ros2_ws/install/mower_ai/share/mower_ai/hook/ament_prefix_path.dsv'
[1.527s] INFO:colcon.colcon_core.shell:Creating environment hook '/home/sy/ros2_ws/install/mower_ai/share/mower_ai/hook/ament_prefix_path.sh'
[1.528s] INFO:colcon.colcon_core.shell:Skip shell extension 'powershell' for command environment: Not usable outside of PowerShell
[1.528s] DEBUG:colcon.colcon_core.shell:Skip shell extension 'dsv' for command environment
[2.198s] INFO:colcon.colcon_core.task.python.build:Building Python package in '/home/sy/ros2_ws/src/mower_ai'
[2.199s] INFO:colcon.colcon_core.shell:Skip shell extension 'powershell' for command environment: Not usable outside of PowerShell
[2.199s] DEBUG:colcon.colcon_core.shell:Skip shell extension 'dsv' for command environment
[2.214s] DEBUG:colcon.colcon_core.event_handler.log_command:Invoking command in '/home/sy/ros2_ws/build/ros_tcp_endpoint': PYTHONPATH=/home/sy/ros2_ws/build/ros_tcp_endpoint/prefix_override:/usr/lib/python3/dist-packages/colcon_core/task/python/colcon_distutils_commands:/home/sy/ros2_ws/install/ros_tcp_endpoint/lib/python3.10/site-packages:${PYTHONPATH} /usr/bin/python3 -W ignore:setup.py install is deprecated -W ignore:easy_install command is deprecated setup.py develop --editable --build-directory /home/sy/ros2_ws/build/ros_tcp_endpoint/build --no-deps symlink_data
[2.553s] Level 1:colcon.colcon_core.shell:create_environment_hook('ros_tcp_endpoint', 'pythonpath_develop')
[2.554s] INFO:colcon.colcon_core.shell:Creating environment hook '/home/sy/ros2_ws/build/ros_tcp_endpoint/share/ros_tcp_endpoint/hook/pythonpath_develop.ps1'
[2.555s] DEBUG:colcon.colcon_core.event_handler.log_command:Invoked command in '/home/sy/ros2_ws/build/ros_tcp_endpoint' returned '0': PYTHONPATH=/home/sy/ros2_ws/build/ros_tcp_endpoint/prefix_override:/usr/lib/python3/dist-packages/colcon_core/task/python/colcon_distutils_commands:/home/sy/ros2_ws/install/ros_tcp_endpoint/lib/python3.10/site-packages:${PYTHONPATH} /usr/bin/python3 -W ignore:setup.py install is deprecated -W ignore:easy_install command is deprecated setup.py develop --editable --build-directory /home/sy/ros2_ws/build/ros_tcp_endpoint/build --no-deps symlink_data
[2.556s] INFO:colcon.colcon_core.shell:Creating environment descriptor '/home/sy/ros2_ws/build/ros_tcp_endpoint/share/ros_tcp_endpoint/hook/pythonpath_develop.dsv'
[2.557s] INFO:colcon.colcon_core.shell:Creating environment hook '/home/sy/ros2_ws/build/ros_tcp_endpoint/share/ros_tcp_endpoint/hook/pythonpath_develop.sh'
[2.558s] Level 1:colcon.colcon_core.environment:checking '/home/sy/ros2_ws/install/ros_tcp_endpoint' for CMake module files
[2.559s] Level 1:colcon.colcon_core.environment:checking '/home/sy/ros2_ws/install/ros_tcp_endpoint' for CMake config files
[2.560s] Level 1:colcon.colcon_core.environment:checking '/home/sy/ros2_ws/install/ros_tcp_endpoint/lib'
[2.561s] Level 1:colcon.colcon_core.environment:checking '/home/sy/ros2_ws/install/ros_tcp_endpoint/bin'
[2.561s] Level 1:colcon.colcon_core.environment:checking '/home/sy/ros2_ws/install/ros_tcp_endpoint/lib/pkgconfig/ros_tcp_endpoint.pc'
[2.561s] Level 1:colcon.colcon_core.environment:checking '/home/sy/ros2_ws/install/ros_tcp_endpoint/lib/python3.10/site-packages'
[2.561s] Level 1:colcon.colcon_core.shell:create_environment_hook('ros_tcp_endpoint', 'pythonpath')
[2.562s] INFO:colcon.colcon_core.shell:Creating environment hook '/home/sy/ros2_ws/install/ros_tcp_endpoint/share/ros_tcp_endpoint/hook/pythonpath.ps1'
[2.563s] INFO:colcon.colcon_core.shell:Creating environment descriptor '/home/sy/ros2_ws/install/ros_tcp_endpoint/share/ros_tcp_endpoint/hook/pythonpath.dsv'
[2.564s] INFO:colcon.colcon_core.shell:Creating environment hook '/home/sy/ros2_ws/install/ros_tcp_endpoint/share/ros_tcp_endpoint/hook/pythonpath.sh'
[2.566s] Level 1:colcon.colcon_core.environment:checking '/home/sy/ros2_ws/install/ros_tcp_endpoint/bin'
[2.567s] Level 1:colcon.colcon_core.environment:create_environment_scripts_only(ros_tcp_endpoint)
[2.568s] INFO:colcon.colcon_core.shell:Creating package script '/home/sy/ros2_ws/install/ros_tcp_endpoint/share/ros_tcp_endpoint/package.ps1'
[2.569s] INFO:colcon.colcon_core.shell:Creating package descriptor '/home/sy/ros2_ws/install/ros_tcp_endpoint/share/ros_tcp_endpoint/package.dsv'
[2.570s] INFO:colcon.colcon_core.shell:Creating package script '/home/sy/ros2_ws/install/ros_tcp_endpoint/share/ros_tcp_endpoint/package.sh'
[2.571s] INFO:colcon.colcon_core.shell:Creating package script '/home/sy/ros2_ws/install/ros_tcp_endpoint/share/ros_tcp_endpoint/package.bash'
[2.572s] INFO:colcon.colcon_core.shell:Creating package script '/home/sy/ros2_ws/install/ros_tcp_endpoint/share/ros_tcp_endpoint/package.zsh'
[2.572s] Level 1:colcon.colcon_core.environment:create_file_with_runtime_dependencies(/home/sy/ros2_ws/install/ros_tcp_endpoint/share/colcon-core/packages/ros_tcp_endpoint)
[2.616s] DEBUG:colcon.colcon_core.event_handler.log_command:Invoking command in '/home/sy/ros2_ws/build/mower_ai': PYTHONPATH=/home/sy/ros2_ws/build/mower_ai/prefix_override:/usr/lib/python3/dist-packages/colcon_core/task/python/colcon_distutils_commands:/home/sy/ros2_ws/install/mower_ai/lib/python3.10/site-packages:${PYTHONPATH} /usr/bin/python3 -W ignore:setup.py install is deprecated -W ignore:easy_install command is deprecated setup.py develop --editable --build-directory /home/sy/ros2_ws/build/mower_ai/build --no-deps symlink_data
[3.347s] Level 1:colcon.colcon_core.shell:create_environment_hook('mower_ai', 'pythonpath_develop')
[3.347s] INFO:colcon.colcon_core.shell:Creating environment hook '/home/sy/ros2_ws/build/mower_ai/share/mower_ai/hook/pythonpath_develop.ps1'
[3.349s] DEBUG:colcon.colcon_core.event_handler.log_command:Invoked command in '/home/sy/ros2_ws/build/mower_ai' returned '0': PYTHONPATH=/home/sy/ros2_ws/build/mower_ai/prefix_override:/usr/lib/python3/dist-packages/colcon_core/task/python/colcon_distutils_commands:/home/sy/ros2_ws/install/mower_ai/lib/python3.10/site-packages:${PYTHONPATH} /usr/bin/python3 -W ignore:setup.py install is deprecated -W ignore:easy_install command is deprecated setup.py develop --editable --build-directory /home/sy/ros2_ws/build/mower_ai/build --no-deps symlink_data
[3.349s] INFO:colcon.colcon_core.shell:Creating environment descriptor '/home/sy/ros2_ws/build/mower_ai/share/mower_ai/hook/pythonpath_develop.dsv'
[3.349s] INFO:colcon.colcon_core.shell:Creating environment hook '/home/sy/ros2_ws/build/mower_ai/share/mower_ai/hook/pythonpath_develop.sh'
[3.350s] Level 1:colcon.colcon_core.environment:checking '/home/sy/ros2_ws/install/mower_ai' for CMake module files
[3.351s] Level 1:colcon.colcon_core.environment:checking '/home/sy/ros2_ws/install/mower_ai' for CMake config files
[3.352s] Level 1:colcon.colcon_core.environment:checking '/home/sy/ros2_ws/install/mower_ai/lib'
[3.352s] Level 1:colcon.colcon_core.environment:checking '/home/sy/ros2_ws/install/mower_ai/bin'
[3.352s] Level 1:colcon.colcon_core.environment:checking '/home/sy/ros2_ws/install/mower_ai/lib/pkgconfig/mower_ai.pc'
[3.352s] Level 1:colcon.colcon_core.environment:checking '/home/sy/ros2_ws/install/mower_ai/lib/python3.10/site-packages'
[3.352s] Level 1:colcon.colcon_core.shell:create_environment_hook('mower_ai', 'pythonpath')
[3.353s] INFO:colcon.colcon_core.shell:Creating environment hook '/home/sy/ros2_ws/install/mower_ai/share/mower_ai/hook/pythonpath.ps1'
[3.354s] INFO:colcon.colcon_core.shell:Creating environment descriptor '/home/sy/ros2_ws/install/mower_ai/share/mower_ai/hook/pythonpath.dsv'
[3.354s] INFO:colcon.colcon_core.shell:Creating environment hook '/home/sy/ros2_ws/install/mower_ai/share/mower_ai/hook/pythonpath.sh'
[3.355s] Level 1:colcon.colcon_core.environment:checking '/home/sy/ros2_ws/install/mower_ai/bin'
[3.356s] Level 1:colcon.colcon_core.environment:create_environment_scripts_only(mower_ai)
[3.356s] INFO:colcon.colcon_core.shell:Creating package script '/home/sy/ros2_ws/install/mower_ai/share/mower_ai/package.ps1'
[3.357s] INFO:colcon.colcon_core.shell:Creating package descriptor '/home/sy/ros2_ws/install/mower_ai/share/mower_ai/package.dsv'
[3.358s] INFO:colcon.colcon_core.shell:Creating package script '/home/sy/ros2_ws/install/mower_ai/share/mower_ai/package.sh'
[3.358s] INFO:colcon.colcon_core.shell:Creating package script '/home/sy/ros2_ws/install/mower_ai/share/mower_ai/package.bash'
[3.359s] INFO:colcon.colcon_core.shell:Creating package script '/home/sy/ros2_ws/install/mower_ai/share/mower_ai/package.zsh'
[3.359s] Level 1:colcon.colcon_core.environment:create_file_with_runtime_dependencies(/home/sy/ros2_ws/install/mower_ai/share/colcon-core/packages/mower_ai)
[3.360s] DEBUG:colcon.colcon_parallel_executor.executor.parallel:closing loop
[3.361s] DEBUG:colcon.colcon_parallel_executor.executor.parallel:loop closed
[3.363s] DEBUG:colcon.colcon_parallel_executor.executor.parallel:run_until_complete finished with '0'
[3.363s] DEBUG:colcon.colcon_core.event_reactor:joining thread
[3.486s] INFO:colcon.colcon_core.plugin_system:Skipping extension 'colcon_notification.desktop_notification.notify_send': Could not find 'notify-send'
[3.486s] INFO:colcon.colcon_core.plugin_system:Skipping extension 'colcon_notification.desktop_notification.terminal_notifier': Not used on non-Darwin systems
[3.486s] INFO:colcon.colcon_core.plugin_system:Skipping extension 'colcon_notification.desktop_notification.win32': Not used on non-Windows systems
[3.487s] INFO:colcon.colcon_notification.desktop_notification:Sending desktop notification using 'notify2'
[3.487s] DEBUG:colcon.colcon_notification.desktop_notification.notify2:Failed to initialize notify2: org.freedesktop.DBus.Error.FileNotFound: Failed to connect to socket /run/user/1000/bus: No such file or directory
[3.487s] DEBUG:colcon.colcon_core.event_reactor:joined thread
[3.488s] INFO:colcon.colcon_core.shell:Creating prefix script '/home/sy/ros2_ws/install/local_setup.ps1'
[3.490s] INFO:colcon.colcon_core.shell:Creating prefix util module '/home/sy/ros2_ws/install/_local_setup_util_ps1.py'
[3.493s] INFO:colcon.colcon_core.shell:Creating prefix chain script '/home/sy/ros2_ws/install/setup.ps1'
[3.496s] INFO:colcon.colcon_core.shell:Creating prefix script '/home/sy/ros2_ws/install/local_setup.sh'
[3.498s] INFO:colcon.colcon_core.shell:Creating prefix util module '/home/sy/ros2_ws/install/_local_setup_util_sh.py'
[3.501s] INFO:colcon.colcon_core.shell:Creating prefix chain script '/home/sy/ros2_ws/install/setup.sh'
[3.503s] INFO:colcon.colcon_core.shell:Creating prefix script '/home/sy/ros2_ws/install/local_setup.bash'
[3.504s] INFO:colcon.colcon_core.shell:Creating prefix chain script '/home/sy/ros2_ws/install/setup.bash'
[3.506s] INFO:colcon.colcon_core.shell:Creating prefix script '/home/sy/ros2_ws/install/local_setup.zsh'
[3.507s] INFO:colcon.colcon_core.shell:Creating prefix chain script '/home/sy/ros2_ws/install/setup.zsh'
