[0.038s] Invoking command in '/home/sy/ros2_ws/build/mower_msgs': CMAKE_PREFIX_PATH=${CMAKE_PREFIX_PATH}:/home/sy/ros2_ws/install/ros_tcp_endpoint:/home/sy/ros2_ws/install/mower_ai:/opt/ros/humble /usr/bin/cmake --build /home/sy/ros2_ws/build/mower_msgs -- -j16 -l16
[0.115s] [  9%] Built target mower_msgs__rosidl_generator_c
[0.115s] [ 12%] Built target mower_msgs__cpp
[0.136s] [ 12%] Built target ament_cmake_python_symlink_mower_msgs
[0.167s] [ 22%] Built target mower_msgs__rosidl_typesupport_introspection_c
[0.172s] [ 35%] Built target mower_msgs__rosidl_typesupport_fastrtps_c
[0.173s] [ 45%] Built target mower_msgs__rosidl_typesupport_c
[0.174s] [ 51%] Built target mower_msgs__rosidl_typesupport_fastrtps_cpp
[0.180s] [ 61%] Built target mower_msgs__rosidl_typesupport_introspection_cpp
[0.199s] [ 70%] Built target mower_msgs__rosidl_typesupport_cpp
[0.255s] [ 70%] Built target mower_msgs
[0.306s] [ 74%] Built target mower_msgs__py
[0.365s] [ 80%] Built target mower_msgs__rosidl_generator_py
[0.424s] [ 96%] Built target mower_msgs__rosidl_typesupport_c__pyext
[0.424s] [100%] Built target mower_msgs__rosidl_typesupport_fastrtps_c__pyext
[0.424s] [100%] Built target mower_msgs__rosidl_typesupport_introspection_c__pyext
[0.827s] running egg_info
[0.830s] writing mower_msgs.egg-info/PKG-INFO
[0.831s] writing dependency_links to mower_msgs.egg-info/dependency_links.txt
[0.831s] writing top-level names to mower_msgs.egg-info/top_level.txt
[0.838s] reading manifest file 'mower_msgs.egg-info/SOURCES.txt'
[0.839s] writing manifest file 'mower_msgs.egg-info/SOURCES.txt'
[0.936s] [100%] Built target ament_cmake_python_build_mower_msgs_egg
[0.962s] Invoked command in '/home/sy/ros2_ws/build/mower_msgs' returned '0': CMAKE_PREFIX_PATH=${CMAKE_PREFIX_PATH}:/home/sy/ros2_ws/install/ros_tcp_endpoint:/home/sy/ros2_ws/install/mower_ai:/opt/ros/humble /usr/bin/cmake --build /home/sy/ros2_ws/build/mower_msgs -- -j16 -l16
[0.985s] Invoking command in '/home/sy/ros2_ws/build/mower_msgs': CMAKE_PREFIX_PATH=${CMAKE_PREFIX_PATH}:/home/sy/ros2_ws/install/ros_tcp_endpoint:/home/sy/ros2_ws/install/mower_ai:/opt/ros/humble /usr/bin/cmake --install /home/sy/ros2_ws/build/mower_msgs
[0.998s] -- Install configuration: ""
[0.999s] -- Execute custom install script
[1.000s] -- Up-to-date symlink: /home/sy/ros2_ws/install/mower_msgs/share/ament_index/resource_index/rosidl_interfaces/mower_msgs
[1.001s] -- Up-to-date symlink: /home/sy/ros2_ws/install/mower_msgs/include/mower_msgs/mower_msgs/msg/detail/detected_object__functions.h
[1.002s] -- Up-to-date symlink: /home/sy/ros2_ws/install/mower_msgs/include/mower_msgs/mower_msgs/msg/detail/detected_object__struct.h
[1.002s] -- Up-to-date symlink: /home/sy/ros2_ws/install/mower_msgs/include/mower_msgs/mower_msgs/msg/detail/detected_object__type_support.h
[1.002s] -- Up-to-date symlink: /home/sy/ros2_ws/install/mower_msgs/include/mower_msgs/mower_msgs/msg/detected_object.h
[1.002s] -- Up-to-date symlink: /home/sy/ros2_ws/install/mower_msgs/include/mower_msgs/mower_msgs/msg/rosidl_generator_c__visibility_control.h
[1.003s] -- Up-to-date symlink: /home/sy/ros2_ws/install/mower_msgs/share/mower_msgs/environment/library_path.sh
[1.003s] -- Up-to-date symlink: /home/sy/ros2_ws/install/mower_msgs/share/mower_msgs/environment/library_path.dsv
[1.005s] -- Up-to-date symlink: /home/sy/ros2_ws/install/mower_msgs/include/mower_msgs/mower_msgs/msg/detail/detected_object__rosidl_typesupport_fastrtps_c.h
[1.005s] -- Up-to-date symlink: /home/sy/ros2_ws/install/mower_msgs/include/mower_msgs/mower_msgs/msg/rosidl_typesupport_fastrtps_c__visibility_control.h
[1.006s] -- Up-to-date symlink: /home/sy/ros2_ws/install/mower_msgs/include/mower_msgs/mower_msgs/msg/detail/detected_object__rosidl_typesupport_introspection_c.h
[1.007s] -- Up-to-date symlink: /home/sy/ros2_ws/install/mower_msgs/include/mower_msgs/mower_msgs/msg/rosidl_typesupport_introspection_c__visibility_control.h
[1.008s] -- Up-to-date symlink: /home/sy/ros2_ws/install/mower_msgs/include/mower_msgs/mower_msgs/msg/detail/detected_object__builder.hpp
[1.008s] -- Up-to-date symlink: /home/sy/ros2_ws/install/mower_msgs/include/mower_msgs/mower_msgs/msg/detail/detected_object__struct.hpp
[1.009s] -- Up-to-date symlink: /home/sy/ros2_ws/install/mower_msgs/include/mower_msgs/mower_msgs/msg/detail/detected_object__traits.hpp
[1.009s] -- Up-to-date symlink: /home/sy/ros2_ws/install/mower_msgs/include/mower_msgs/mower_msgs/msg/detail/detected_object__type_support.hpp
[1.009s] -- Up-to-date symlink: /home/sy/ros2_ws/install/mower_msgs/include/mower_msgs/mower_msgs/msg/detected_object.hpp
[1.009s] -- Up-to-date symlink: /home/sy/ros2_ws/install/mower_msgs/include/mower_msgs/mower_msgs/msg/rosidl_generator_cpp__visibility_control.hpp
[1.010s] -- Up-to-date symlink: /home/sy/ros2_ws/install/mower_msgs/include/mower_msgs/mower_msgs/msg/detail/detected_object__rosidl_typesupport_fastrtps_cpp.hpp
[1.011s] -- Up-to-date symlink: /home/sy/ros2_ws/install/mower_msgs/include/mower_msgs/mower_msgs/msg/rosidl_typesupport_fastrtps_cpp__visibility_control.h
[1.011s] -- Up-to-date symlink: /home/sy/ros2_ws/install/mower_msgs/include/mower_msgs/mower_msgs/msg/detail/detected_object__rosidl_typesupport_introspection_cpp.hpp
[1.012s] -- Up-to-date symlink: /home/sy/ros2_ws/install/mower_msgs/share/mower_msgs/environment/pythonpath.sh
[1.012s] -- Up-to-date symlink: /home/sy/ros2_ws/install/mower_msgs/share/mower_msgs/environment/pythonpath.dsv
[1.014s] -- Up-to-date symlink: /home/sy/ros2_ws/install/mower_msgs/local/lib/python3.10/dist-packages/mower_msgs-0.0.0-py3.10.egg-info/PKG-INFO
[1.014s] -- Up-to-date symlink: /home/sy/ros2_ws/install/mower_msgs/local/lib/python3.10/dist-packages/mower_msgs-0.0.0-py3.10.egg-info/SOURCES.txt
[1.014s] -- Up-to-date symlink: /home/sy/ros2_ws/install/mower_msgs/local/lib/python3.10/dist-packages/mower_msgs-0.0.0-py3.10.egg-info/dependency_links.txt
[1.014s] -- Up-to-date symlink: /home/sy/ros2_ws/install/mower_msgs/local/lib/python3.10/dist-packages/mower_msgs-0.0.0-py3.10.egg-info/top_level.txt
[1.016s] -- Up-to-date symlink: /home/sy/ros2_ws/install/mower_msgs/local/lib/python3.10/dist-packages/mower_msgs/__init__.py
[1.016s] -- Up-to-date symlink: /home/sy/ros2_ws/install/mower_msgs/local/lib/python3.10/dist-packages/mower_msgs/_mower_msgs_s.ep.rosidl_typesupport_c.c
[1.017s] -- Up-to-date symlink: /home/sy/ros2_ws/install/mower_msgs/local/lib/python3.10/dist-packages/mower_msgs/_mower_msgs_s.ep.rosidl_typesupport_fastrtps_c.c
[1.017s] -- Up-to-date symlink: /home/sy/ros2_ws/install/mower_msgs/local/lib/python3.10/dist-packages/mower_msgs/_mower_msgs_s.ep.rosidl_typesupport_introspection_c.c
[1.018s] -- Up-to-date symlink: /home/sy/ros2_ws/install/mower_msgs/local/lib/python3.10/dist-packages/mower_msgs/libmower_msgs__rosidl_generator_py.so
[1.019s] -- Up-to-date symlink: /home/sy/ros2_ws/install/mower_msgs/local/lib/python3.10/dist-packages/mower_msgs/mower_msgs_s__rosidl_typesupport_c.cpython-310-x86_64-linux-gnu.so
[1.019s] -- Up-to-date symlink: /home/sy/ros2_ws/install/mower_msgs/local/lib/python3.10/dist-packages/mower_msgs/mower_msgs_s__rosidl_typesupport_fastrtps_c.cpython-310-x86_64-linux-gnu.so
[1.019s] -- Up-to-date symlink: /home/sy/ros2_ws/install/mower_msgs/local/lib/python3.10/dist-packages/mower_msgs/mower_msgs_s__rosidl_typesupport_introspection_c.cpython-310-x86_64-linux-gnu.so
[1.020s] -- Up-to-date symlink: /home/sy/ros2_ws/install/mower_msgs/local/lib/python3.10/dist-packages/mower_msgs/msg/__init__.py
[1.020s] -- Up-to-date symlink: /home/sy/ros2_ws/install/mower_msgs/local/lib/python3.10/dist-packages/mower_msgs/msg/_detected_object.py
[1.020s] -- Up-to-date symlink: /home/sy/ros2_ws/install/mower_msgs/local/lib/python3.10/dist-packages/mower_msgs/msg/_detected_object_s.c
[1.021s] -- Up-to-date symlink: /home/sy/ros2_ws/install/mower_msgs/local/lib/python3.10/dist-packages/mower_msgs/mower_msgs_s__rosidl_typesupport_fastrtps_c.cpython-310-x86_64-linux-gnu.so
[1.021s] -- Up-to-date symlink: /home/sy/ros2_ws/install/mower_msgs/local/lib/python3.10/dist-packages/mower_msgs/mower_msgs_s__rosidl_typesupport_introspection_c.cpython-310-x86_64-linux-gnu.so
[1.022s] -- Up-to-date symlink: /home/sy/ros2_ws/install/mower_msgs/local/lib/python3.10/dist-packages/mower_msgs/mower_msgs_s__rosidl_typesupport_c.cpython-310-x86_64-linux-gnu.so
[1.022s] -- Up-to-date symlink: /home/sy/ros2_ws/install/mower_msgs/share/mower_msgs/msg/DetectedObject.idl
[1.022s] -- Up-to-date symlink: /home/sy/ros2_ws/install/mower_msgs/share/mower_msgs/msg/DetectedObject.msg
[1.023s] -- Up-to-date symlink: /home/sy/ros2_ws/install/mower_msgs/share/ament_index/resource_index/package_run_dependencies/mower_msgs
[1.023s] -- Up-to-date symlink: /home/sy/ros2_ws/install/mower_msgs/share/ament_index/resource_index/parent_prefix_path/mower_msgs
[1.024s] -- Up-to-date symlink: /home/sy/ros2_ws/install/mower_msgs/share/mower_msgs/environment/ament_prefix_path.sh
[1.024s] -- Up-to-date symlink: /home/sy/ros2_ws/install/mower_msgs/share/mower_msgs/environment/ament_prefix_path.dsv
[1.024s] -- Up-to-date symlink: /home/sy/ros2_ws/install/mower_msgs/share/mower_msgs/environment/path.sh
[1.024s] -- Up-to-date symlink: /home/sy/ros2_ws/install/mower_msgs/share/mower_msgs/environment/path.dsv
[1.025s] -- Up-to-date symlink: /home/sy/ros2_ws/install/mower_msgs/share/mower_msgs/local_setup.bash
[1.025s] -- Up-to-date symlink: /home/sy/ros2_ws/install/mower_msgs/share/mower_msgs/local_setup.sh
[1.026s] -- Up-to-date symlink: /home/sy/ros2_ws/install/mower_msgs/share/mower_msgs/local_setup.zsh
[1.026s] -- Up-to-date symlink: /home/sy/ros2_ws/install/mower_msgs/share/mower_msgs/local_setup.dsv
[1.026s] -- Symlinking: /home/sy/ros2_ws/install/mower_msgs/share/mower_msgs/package.dsv
[1.051s] -- Up-to-date symlink: /home/sy/ros2_ws/install/mower_msgs/share/ament_index/resource_index/packages/mower_msgs
[1.051s] -- Up-to-date symlink: /home/sy/ros2_ws/install/mower_msgs/share/mower_msgs/cmake/rosidl_cmake-extras.cmake
[1.052s] -- Up-to-date symlink: /home/sy/ros2_ws/install/mower_msgs/share/mower_msgs/cmake/ament_cmake_export_include_directories-extras.cmake
[1.052s] -- Up-to-date symlink: /home/sy/ros2_ws/install/mower_msgs/share/mower_msgs/cmake/ament_cmake_export_libraries-extras.cmake
[1.053s] -- Up-to-date symlink: /home/sy/ros2_ws/install/mower_msgs/share/mower_msgs/cmake/ament_cmake_export_targets-extras.cmake
[1.053s] -- Up-to-date symlink: /home/sy/ros2_ws/install/mower_msgs/share/mower_msgs/cmake/rosidl_cmake_export_typesupport_targets-extras.cmake
[1.053s] -- Up-to-date symlink: /home/sy/ros2_ws/install/mower_msgs/share/mower_msgs/cmake/ament_cmake_export_dependencies-extras.cmake
[1.054s] -- Up-to-date symlink: /home/sy/ros2_ws/install/mower_msgs/share/mower_msgs/cmake/rosidl_cmake_export_typesupport_libraries-extras.cmake
[1.054s] -- Up-to-date symlink: /home/sy/ros2_ws/install/mower_msgs/share/mower_msgs/cmake/mower_msgsConfig.cmake
[1.054s] -- Up-to-date symlink: /home/sy/ros2_ws/install/mower_msgs/share/mower_msgs/cmake/mower_msgsConfig-version.cmake
[1.054s] -- Up-to-date symlink: /home/sy/ros2_ws/install/mower_msgs/share/mower_msgs/package.xml
[1.055s] -- Up-to-date: /home/sy/ros2_ws/install/mower_msgs/lib/libmower_msgs__rosidl_generator_c.so
[1.056s] -- Up-to-date: /home/sy/ros2_ws/install/mower_msgs/lib/libmower_msgs__rosidl_typesupport_fastrtps_c.so
[1.057s] -- Up-to-date: /home/sy/ros2_ws/install/mower_msgs/lib/libmower_msgs__rosidl_typesupport_introspection_c.so
[1.057s] -- Up-to-date: /home/sy/ros2_ws/install/mower_msgs/lib/libmower_msgs__rosidl_typesupport_c.so
[1.058s] -- Up-to-date: /home/sy/ros2_ws/install/mower_msgs/lib/libmower_msgs__rosidl_typesupport_fastrtps_cpp.so
[1.059s] -- Up-to-date: /home/sy/ros2_ws/install/mower_msgs/lib/libmower_msgs__rosidl_typesupport_introspection_cpp.so
[1.060s] -- Up-to-date: /home/sy/ros2_ws/install/mower_msgs/lib/libmower_msgs__rosidl_typesupport_cpp.so
[1.147s] Listing '/home/sy/ros2_ws/install/mower_msgs/local/lib/python3.10/dist-packages/mower_msgs'...
[1.147s] Listing '/home/sy/ros2_ws/install/mower_msgs/local/lib/python3.10/dist-packages/mower_msgs/msg'...
[1.172s] -- Up-to-date: /home/sy/ros2_ws/install/mower_msgs/lib/libmower_msgs__rosidl_generator_py.so
[1.172s] -- Up-to-date: /home/sy/ros2_ws/install/mower_msgs/share/mower_msgs/cmake/export_mower_msgs__rosidl_generator_cExport.cmake
[1.173s] -- Up-to-date: /home/sy/ros2_ws/install/mower_msgs/share/mower_msgs/cmake/export_mower_msgs__rosidl_generator_cExport-noconfig.cmake
[1.173s] -- Up-to-date: /home/sy/ros2_ws/install/mower_msgs/share/mower_msgs/cmake/export_mower_msgs__rosidl_typesupport_fastrtps_cExport.cmake
[1.173s] -- Up-to-date: /home/sy/ros2_ws/install/mower_msgs/share/mower_msgs/cmake/export_mower_msgs__rosidl_typesupport_fastrtps_cExport-noconfig.cmake
[1.173s] -- Up-to-date: /home/sy/ros2_ws/install/mower_msgs/share/mower_msgs/cmake/mower_msgs__rosidl_typesupport_introspection_cExport.cmake
[1.174s] -- Up-to-date: /home/sy/ros2_ws/install/mower_msgs/share/mower_msgs/cmake/mower_msgs__rosidl_typesupport_introspection_cExport-noconfig.cmake
[1.174s] -- Up-to-date: /home/sy/ros2_ws/install/mower_msgs/share/mower_msgs/cmake/mower_msgs__rosidl_typesupport_cExport.cmake
[1.174s] -- Up-to-date: /home/sy/ros2_ws/install/mower_msgs/share/mower_msgs/cmake/mower_msgs__rosidl_typesupport_cExport-noconfig.cmake
[1.175s] -- Up-to-date: /home/sy/ros2_ws/install/mower_msgs/share/mower_msgs/cmake/export_mower_msgs__rosidl_generator_cppExport.cmake
[1.175s] -- Up-to-date: /home/sy/ros2_ws/install/mower_msgs/share/mower_msgs/cmake/export_mower_msgs__rosidl_typesupport_fastrtps_cppExport.cmake
[1.175s] -- Up-to-date: /home/sy/ros2_ws/install/mower_msgs/share/mower_msgs/cmake/export_mower_msgs__rosidl_typesupport_fastrtps_cppExport-noconfig.cmake
[1.176s] -- Up-to-date: /home/sy/ros2_ws/install/mower_msgs/share/mower_msgs/cmake/mower_msgs__rosidl_typesupport_introspection_cppExport.cmake
[1.176s] -- Up-to-date: /home/sy/ros2_ws/install/mower_msgs/share/mower_msgs/cmake/mower_msgs__rosidl_typesupport_introspection_cppExport-noconfig.cmake
[1.176s] -- Up-to-date: /home/sy/ros2_ws/install/mower_msgs/share/mower_msgs/cmake/mower_msgs__rosidl_typesupport_cppExport.cmake
[1.176s] -- Up-to-date: /home/sy/ros2_ws/install/mower_msgs/share/mower_msgs/cmake/mower_msgs__rosidl_typesupport_cppExport-noconfig.cmake
[1.176s] -- Up-to-date: /home/sy/ros2_ws/install/mower_msgs/share/mower_msgs/cmake/export_mower_msgs__rosidl_generator_pyExport.cmake
[1.176s] -- Up-to-date: /home/sy/ros2_ws/install/mower_msgs/share/mower_msgs/cmake/export_mower_msgs__rosidl_generator_pyExport-noconfig.cmake
[1.183s] Invoked command in '/home/sy/ros2_ws/build/mower_msgs' returned '0': CMAKE_PREFIX_PATH=${CMAKE_PREFIX_PATH}:/home/sy/ros2_ws/install/ros_tcp_endpoint:/home/sy/ros2_ws/install/mower_ai:/opt/ros/humble /usr/bin/cmake --install /home/sy/ros2_ws/build/mower_msgs
