[0.178s] DEBUG:colcon:Command line arguments: ['/usr/bin/colcon', 'build', '--symlink-install']
[0.178s] DEBUG:colcon:Parsed command line arguments: Namespace(log_base=None, log_level=None, verb_name='build', build_base='build', install_base='install', merge_install=False, symlink_install=True, test_result_base=None, continue_on_error=False, executor='parallel', parallel_workers=16, event_handlers=None, ignore_user_meta=False, metas=['./colcon.meta'], base_paths=['.'], packages_ignore=None, packages_ignore_regex=None, paths=None, packages_up_to=None, packages_up_to_regex=None, packages_above=None, packages_above_and_dependencies=None, packages_above_depth=None, packages_select_by_dep=None, packages_skip_by_dep=None, packages_skip_up_to=None, packages_select_build_failed=False, packages_skip_build_finished=False, packages_select_test_failures=False, packages_skip_test_passed=False, packages_select=None, packages_skip=None, packages_select_regex=None, packages_skip_regex=None, packages_start=None, packages_end=None, allow_overriding=[], cmake_args=None, cmake_target=None, cmake_target_skip_unavailable=False, cmake_clean_cache=False, cmake_clean_first=False, cmake_force_configure=False, ament_cmake_args=None, catkin_cmake_args=None, catkin_skip_building_tests=False, mixin_files=None, mixin=None, verb_parser=<colcon_mixin.mixin.mixin_argument.MixinArgumentDecorator object at 0x7f25a92b2980>, verb_extension=<colcon_core.verb.build.BuildVerb object at 0x7f25a92b1c60>, main=<bound method BuildVerb.main of <colcon_core.verb.build.BuildVerb object at 0x7f25a92b1c60>>, mixin_verb=('build',))
[0.309s] Level 1:colcon.colcon_core.package_discovery:discover_packages(colcon_meta) check parameters
[0.309s] Level 1:colcon.colcon_core.package_discovery:discover_packages(recursive) check parameters
[0.309s] Level 1:colcon.colcon_core.package_discovery:discover_packages(ignore) check parameters
[0.309s] Level 1:colcon.colcon_core.package_discovery:discover_packages(path) check parameters
[0.309s] Level 1:colcon.colcon_core.package_discovery:discover_packages(colcon_meta) discover
[0.309s] Level 1:colcon.colcon_core.package_discovery:discover_packages(recursive) discover
[0.309s] INFO:colcon.colcon_core.package_discovery:Crawling recursively for packages in '/home/sy/ros2_ws'
[0.310s] Level 1:colcon.colcon_core.package_identification:_identify(.) by extensions ['ignore', 'ignore_ament_install']
[0.310s] Level 1:colcon.colcon_core.package_identification:_identify(.) by extension 'ignore'
[0.310s] Level 1:colcon.colcon_core.package_identification:_identify(.) by extension 'ignore_ament_install'
[0.310s] Level 1:colcon.colcon_core.package_identification:_identify(.) by extensions ['colcon_pkg']
[0.310s] Level 1:colcon.colcon_core.package_identification:_identify(.) by extension 'colcon_pkg'
[0.310s] Level 1:colcon.colcon_core.package_identification:_identify(.) by extensions ['colcon_meta']
[0.310s] Level 1:colcon.colcon_core.package_identification:_identify(.) by extension 'colcon_meta'
[0.310s] Level 1:colcon.colcon_core.package_identification:_identify(.) by extensions ['ros']
[0.310s] Level 1:colcon.colcon_core.package_identification:_identify(.) by extension 'ros'
[0.323s] Level 1:colcon.colcon_core.package_identification:_identify(.) by extensions ['cmake', 'python']
[0.323s] Level 1:colcon.colcon_core.package_identification:_identify(.) by extension 'cmake'
[0.323s] Level 1:colcon.colcon_core.package_identification:_identify(.) by extension 'python'
[0.323s] Level 1:colcon.colcon_core.package_identification:_identify(.) by extensions ['python_setup_py']
[0.323s] Level 1:colcon.colcon_core.package_identification:_identify(.) by extension 'python_setup_py'
[0.323s] Level 1:colcon.colcon_core.package_identification:_identify(build) by extensions ['ignore', 'ignore_ament_install']
[0.323s] Level 1:colcon.colcon_core.package_identification:_identify(build) by extension 'ignore'
[0.323s] Level 1:colcon.colcon_core.package_identification:_identify(build) ignored
[0.324s] Level 1:colcon.colcon_core.package_identification:_identify(install) by extensions ['ignore', 'ignore_ament_install']
[0.324s] Level 1:colcon.colcon_core.package_identification:_identify(install) by extension 'ignore'
[0.324s] Level 1:colcon.colcon_core.package_identification:_identify(install) ignored
[0.324s] Level 1:colcon.colcon_core.package_identification:_identify(log) by extensions ['ignore', 'ignore_ament_install']
[0.324s] Level 1:colcon.colcon_core.package_identification:_identify(log) by extension 'ignore'
[0.324s] Level 1:colcon.colcon_core.package_identification:_identify(log) ignored
[0.324s] Level 1:colcon.colcon_core.package_identification:_identify(src) by extensions ['ignore', 'ignore_ament_install']
[0.325s] Level 1:colcon.colcon_core.package_identification:_identify(src) by extension 'ignore'
[0.325s] Level 1:colcon.colcon_core.package_identification:_identify(src) by extension 'ignore_ament_install'
[0.325s] Level 1:colcon.colcon_core.package_identification:_identify(src) by extensions ['colcon_pkg']
[0.325s] Level 1:colcon.colcon_core.package_identification:_identify(src) by extension 'colcon_pkg'
[0.325s] Level 1:colcon.colcon_core.package_identification:_identify(src) by extensions ['colcon_meta']
[0.325s] Level 1:colcon.colcon_core.package_identification:_identify(src) by extension 'colcon_meta'
[0.325s] Level 1:colcon.colcon_core.package_identification:_identify(src) by extensions ['ros']
[0.325s] Level 1:colcon.colcon_core.package_identification:_identify(src) by extension 'ros'
[0.325s] Level 1:colcon.colcon_core.package_identification:_identify(src) by extensions ['cmake', 'python']
[0.325s] Level 1:colcon.colcon_core.package_identification:_identify(src) by extension 'cmake'
[0.325s] Level 1:colcon.colcon_core.package_identification:_identify(src) by extension 'python'
[0.325s] Level 1:colcon.colcon_core.package_identification:_identify(src) by extensions ['python_setup_py']
[0.325s] Level 1:colcon.colcon_core.package_identification:_identify(src) by extension 'python_setup_py'
[0.325s] Level 1:colcon.colcon_core.package_identification:_identify(src/ROS-TCP-Endpoint) by extensions ['ignore', 'ignore_ament_install']
[0.325s] Level 1:colcon.colcon_core.package_identification:_identify(src/ROS-TCP-Endpoint) by extension 'ignore'
[0.325s] Level 1:colcon.colcon_core.package_identification:_identify(src/ROS-TCP-Endpoint) by extension 'ignore_ament_install'
[0.325s] Level 1:colcon.colcon_core.package_identification:_identify(src/ROS-TCP-Endpoint) by extensions ['colcon_pkg']
[0.325s] Level 1:colcon.colcon_core.package_identification:_identify(src/ROS-TCP-Endpoint) by extension 'colcon_pkg'
[0.325s] Level 1:colcon.colcon_core.package_identification:_identify(src/ROS-TCP-Endpoint) by extensions ['colcon_meta']
[0.325s] Level 1:colcon.colcon_core.package_identification:_identify(src/ROS-TCP-Endpoint) by extension 'colcon_meta'
[0.326s] Level 1:colcon.colcon_core.package_identification:_identify(src/ROS-TCP-Endpoint) by extensions ['ros']
[0.326s] Level 1:colcon.colcon_core.package_identification:_identify(src/ROS-TCP-Endpoint) by extension 'ros'
[0.328s] DEBUG:colcon.colcon_core.package_identification:Package 'src/ROS-TCP-Endpoint' with type 'ros.ament_python' and name 'ros_tcp_endpoint'
[0.329s] Level 1:colcon.colcon_core.package_identification:_identify(src/mower_ai) by extensions ['ignore', 'ignore_ament_install']
[0.329s] Level 1:colcon.colcon_core.package_identification:_identify(src/mower_ai) by extension 'ignore'
[0.329s] Level 1:colcon.colcon_core.package_identification:_identify(src/mower_ai) by extension 'ignore_ament_install'
[0.329s] Level 1:colcon.colcon_core.package_identification:_identify(src/mower_ai) by extensions ['colcon_pkg']
[0.329s] Level 1:colcon.colcon_core.package_identification:_identify(src/mower_ai) by extension 'colcon_pkg'
[0.329s] Level 1:colcon.colcon_core.package_identification:_identify(src/mower_ai) by extensions ['colcon_meta']
[0.329s] Level 1:colcon.colcon_core.package_identification:_identify(src/mower_ai) by extension 'colcon_meta'
[0.329s] Level 1:colcon.colcon_core.package_identification:_identify(src/mower_ai) by extensions ['ros']
[0.329s] Level 1:colcon.colcon_core.package_identification:_identify(src/mower_ai) by extension 'ros'
[0.330s] DEBUG:colcon.colcon_core.package_identification:Package 'src/mower_ai' with type 'ros.ament_python' and name 'mower_ai'
[0.330s] Level 1:colcon.colcon_core.package_identification:_identify(src/mower_msgs) by extensions ['ignore', 'ignore_ament_install']
[0.330s] Level 1:colcon.colcon_core.package_identification:_identify(src/mower_msgs) by extension 'ignore'
[0.330s] Level 1:colcon.colcon_core.package_identification:_identify(src/mower_msgs) by extension 'ignore_ament_install'
[0.330s] Level 1:colcon.colcon_core.package_identification:_identify(src/mower_msgs) by extensions ['colcon_pkg']
[0.330s] Level 1:colcon.colcon_core.package_identification:_identify(src/mower_msgs) by extension 'colcon_pkg'
[0.330s] Level 1:colcon.colcon_core.package_identification:_identify(src/mower_msgs) by extensions ['colcon_meta']
[0.330s] Level 1:colcon.colcon_core.package_identification:_identify(src/mower_msgs) by extension 'colcon_meta'
[0.330s] Level 1:colcon.colcon_core.package_identification:_identify(src/mower_msgs) by extensions ['ros']
[0.330s] Level 1:colcon.colcon_core.package_identification:_identify(src/mower_msgs) by extension 'ros'
[0.331s] DEBUG:colcon.colcon_core.package_identification:Package 'src/mower_msgs' with type 'ros.ament_cmake' and name 'mower_msgs'
[0.331s] Level 1:colcon.colcon_core.package_discovery:discover_packages(recursive) using defaults
[0.331s] Level 1:colcon.colcon_core.package_discovery:discover_packages(ignore) discover
[0.331s] Level 1:colcon.colcon_core.package_discovery:discover_packages(ignore) using defaults
[0.331s] Level 1:colcon.colcon_core.package_discovery:discover_packages(path) discover
[0.331s] Level 1:colcon.colcon_core.package_discovery:discover_packages(path) using defaults
[0.380s] Level 1:colcon.colcon_core.package_discovery:discover_packages(prefix_path) check parameters
[0.380s] Level 1:colcon.colcon_core.package_discovery:discover_packages(prefix_path) discover
[0.382s] DEBUG:colcon.colcon_installed_package_information.package_discovery:Found 3 installed packages in /home/sy/ros2_ws/install
[0.384s] DEBUG:colcon.colcon_installed_package_information.package_discovery:Found 279 installed packages in /opt/ros/humble
[0.385s] Level 1:colcon.colcon_core.package_discovery:discover_packages(prefix_path) using defaults
[0.433s] Level 5:colcon.colcon_core.verb:set package 'mower_msgs' build argument 'cmake_args' from command line to 'None'
[0.433s] Level 5:colcon.colcon_core.verb:set package 'mower_msgs' build argument 'cmake_target' from command line to 'None'
[0.433s] Level 5:colcon.colcon_core.verb:set package 'mower_msgs' build argument 'cmake_target_skip_unavailable' from command line to 'False'
[0.433s] Level 5:colcon.colcon_core.verb:set package 'mower_msgs' build argument 'cmake_clean_cache' from command line to 'False'
[0.433s] Level 5:colcon.colcon_core.verb:set package 'mower_msgs' build argument 'cmake_clean_first' from command line to 'False'
[0.433s] Level 5:colcon.colcon_core.verb:set package 'mower_msgs' build argument 'cmake_force_configure' from command line to 'False'
[0.433s] Level 5:colcon.colcon_core.verb:set package 'mower_msgs' build argument 'ament_cmake_args' from command line to 'None'
[0.433s] Level 5:colcon.colcon_core.verb:set package 'mower_msgs' build argument 'catkin_cmake_args' from command line to 'None'
[0.433s] Level 5:colcon.colcon_core.verb:set package 'mower_msgs' build argument 'catkin_skip_building_tests' from command line to 'False'
[0.433s] DEBUG:colcon.colcon_core.verb:Building package 'mower_msgs' with the following arguments: {'ament_cmake_args': None, 'build_base': '/home/sy/ros2_ws/build/mower_msgs', 'catkin_cmake_args': None, 'catkin_skip_building_tests': False, 'cmake_args': None, 'cmake_clean_cache': False, 'cmake_clean_first': False, 'cmake_force_configure': False, 'cmake_target': None, 'cmake_target_skip_unavailable': False, 'install_base': '/home/sy/ros2_ws/install/mower_msgs', 'merge_install': False, 'path': '/home/sy/ros2_ws/src/mower_msgs', 'symlink_install': True, 'test_result_base': None}
[0.434s] Level 5:colcon.colcon_core.verb:set package 'ros_tcp_endpoint' build argument 'cmake_args' from command line to 'None'
[0.434s] Level 5:colcon.colcon_core.verb:set package 'ros_tcp_endpoint' build argument 'cmake_target' from command line to 'None'
[0.434s] Level 5:colcon.colcon_core.verb:set package 'ros_tcp_endpoint' build argument 'cmake_target_skip_unavailable' from command line to 'False'
[0.434s] Level 5:colcon.colcon_core.verb:set package 'ros_tcp_endpoint' build argument 'cmake_clean_cache' from command line to 'False'
[0.434s] Level 5:colcon.colcon_core.verb:set package 'ros_tcp_endpoint' build argument 'cmake_clean_first' from command line to 'False'
[0.434s] Level 5:colcon.colcon_core.verb:set package 'ros_tcp_endpoint' build argument 'cmake_force_configure' from command line to 'False'
[0.434s] Level 5:colcon.colcon_core.verb:set package 'ros_tcp_endpoint' build argument 'ament_cmake_args' from command line to 'None'
[0.434s] Level 5:colcon.colcon_core.verb:set package 'ros_tcp_endpoint' build argument 'catkin_cmake_args' from command line to 'None'
[0.434s] Level 5:colcon.colcon_core.verb:set package 'ros_tcp_endpoint' build argument 'catkin_skip_building_tests' from command line to 'False'
[0.434s] DEBUG:colcon.colcon_core.verb:Building package 'ros_tcp_endpoint' with the following arguments: {'ament_cmake_args': None, 'build_base': '/home/sy/ros2_ws/build/ros_tcp_endpoint', 'catkin_cmake_args': None, 'catkin_skip_building_tests': False, 'cmake_args': None, 'cmake_clean_cache': False, 'cmake_clean_first': False, 'cmake_force_configure': False, 'cmake_target': None, 'cmake_target_skip_unavailable': False, 'install_base': '/home/sy/ros2_ws/install/ros_tcp_endpoint', 'merge_install': False, 'path': '/home/sy/ros2_ws/src/ROS-TCP-Endpoint', 'symlink_install': True, 'test_result_base': None}
[0.435s] Level 5:colcon.colcon_core.verb:set package 'mower_ai' build argument 'cmake_args' from command line to 'None'
[0.435s] Level 5:colcon.colcon_core.verb:set package 'mower_ai' build argument 'cmake_target' from command line to 'None'
[0.435s] Level 5:colcon.colcon_core.verb:set package 'mower_ai' build argument 'cmake_target_skip_unavailable' from command line to 'False'
[0.435s] Level 5:colcon.colcon_core.verb:set package 'mower_ai' build argument 'cmake_clean_cache' from command line to 'False'
[0.435s] Level 5:colcon.colcon_core.verb:set package 'mower_ai' build argument 'cmake_clean_first' from command line to 'False'
[0.435s] Level 5:colcon.colcon_core.verb:set package 'mower_ai' build argument 'cmake_force_configure' from command line to 'False'
[0.435s] Level 5:colcon.colcon_core.verb:set package 'mower_ai' build argument 'ament_cmake_args' from command line to 'None'
[0.435s] Level 5:colcon.colcon_core.verb:set package 'mower_ai' build argument 'catkin_cmake_args' from command line to 'None'
[0.435s] Level 5:colcon.colcon_core.verb:set package 'mower_ai' build argument 'catkin_skip_building_tests' from command line to 'False'
[0.435s] DEBUG:colcon.colcon_core.verb:Building package 'mower_ai' with the following arguments: {'ament_cmake_args': None, 'build_base': '/home/sy/ros2_ws/build/mower_ai', 'catkin_cmake_args': None, 'catkin_skip_building_tests': False, 'cmake_args': None, 'cmake_clean_cache': False, 'cmake_clean_first': False, 'cmake_force_configure': False, 'cmake_target': None, 'cmake_target_skip_unavailable': False, 'install_base': '/home/sy/ros2_ws/install/mower_ai', 'merge_install': False, 'path': '/home/sy/ros2_ws/src/mower_ai', 'symlink_install': True, 'test_result_base': None}
[0.435s] INFO:colcon.colcon_core.executor:Executing jobs using 'parallel' executor
[0.437s] DEBUG:colcon.colcon_parallel_executor.executor.parallel:run_until_complete
[0.438s] INFO:colcon.colcon_ros.task.ament_cmake.build:Building ROS package in '/home/sy/ros2_ws/src/mower_msgs' with build type 'ament_cmake'
[0.438s] INFO:colcon.colcon_cmake.task.cmake.build:Building CMake package in '/home/sy/ros2_ws/src/mower_msgs'
[0.442s] INFO:colcon.colcon_core.plugin_system:Skipping extension 'colcon_core.shell.bat': Not used on non-Windows systems
[0.442s] INFO:colcon.colcon_core.shell:Skip shell extension 'powershell' for command environment: Not usable outside of PowerShell
[0.442s] DEBUG:colcon.colcon_core.shell:Skip shell extension 'dsv' for command environment
[0.447s] INFO:colcon.colcon_ros.task.ament_python.build:Building ROS package in '/home/sy/ros2_ws/src/ROS-TCP-Endpoint' with build type 'ament_python'
[0.447s] Level 1:colcon.colcon_core.shell:create_environment_hook('ros_tcp_endpoint', 'ament_prefix_path')
[0.448s] INFO:colcon.colcon_core.shell:Creating environment hook '/home/sy/ros2_ws/install/ros_tcp_endpoint/share/ros_tcp_endpoint/hook/ament_prefix_path.ps1'
[0.449s] INFO:colcon.colcon_core.shell:Creating environment descriptor '/home/sy/ros2_ws/install/ros_tcp_endpoint/share/ros_tcp_endpoint/hook/ament_prefix_path.dsv'
[0.450s] INFO:colcon.colcon_core.shell:Creating environment hook '/home/sy/ros2_ws/install/ros_tcp_endpoint/share/ros_tcp_endpoint/hook/ament_prefix_path.sh'
[0.451s] INFO:colcon.colcon_core.shell:Skip shell extension 'powershell' for command environment: Not usable outside of PowerShell
[0.451s] DEBUG:colcon.colcon_core.shell:Skip shell extension 'dsv' for command environment
[0.469s] DEBUG:colcon.colcon_core.event_handler.log_command:Invoking command in '/home/sy/ros2_ws/build/mower_msgs': CMAKE_PREFIX_PATH=${CMAKE_PREFIX_PATH}:/home/sy/ros2_ws/install/ros_tcp_endpoint:/home/sy/ros2_ws/install/mower_ai:/opt/ros/humble /usr/bin/cmake --build /home/sy/ros2_ws/build/mower_msgs -- -j16 -l16
[0.789s] INFO:colcon.colcon_core.task.python.build:Building Python package in '/home/sy/ros2_ws/src/ROS-TCP-Endpoint'
[0.789s] INFO:colcon.colcon_core.shell:Skip shell extension 'powershell' for command environment: Not usable outside of PowerShell
[0.789s] DEBUG:colcon.colcon_core.shell:Skip shell extension 'dsv' for command environment
[0.863s] DEBUG:colcon.colcon_core.event_handler.log_command:Invoked command in '/home/sy/ros2_ws/build/mower_msgs' returned '0': CMAKE_PREFIX_PATH=${CMAKE_PREFIX_PATH}:/home/sy/ros2_ws/install/ros_tcp_endpoint:/home/sy/ros2_ws/install/mower_ai:/opt/ros/humble /usr/bin/cmake --build /home/sy/ros2_ws/build/mower_msgs -- -j16 -l16
[0.873s] DEBUG:colcon.colcon_core.event_handler.log_command:Invoking command in '/home/sy/ros2_ws/build/mower_msgs': CMAKE_PREFIX_PATH=${CMAKE_PREFIX_PATH}:/home/sy/ros2_ws/install/ros_tcp_endpoint:/home/sy/ros2_ws/install/mower_ai:/opt/ros/humble /usr/bin/cmake --install /home/sy/ros2_ws/build/mower_msgs
[0.949s] Level 1:colcon.colcon_core.environment:create_environment_scripts_only(mower_msgs)
[0.950s] DEBUG:colcon.colcon_core.event_handler.log_command:Invoked command in '/home/sy/ros2_ws/build/mower_msgs' returned '0': CMAKE_PREFIX_PATH=${CMAKE_PREFIX_PATH}:/home/sy/ros2_ws/install/ros_tcp_endpoint:/home/sy/ros2_ws/install/mower_ai:/opt/ros/humble /usr/bin/cmake --install /home/sy/ros2_ws/build/mower_msgs
[0.952s] Level 1:colcon.colcon_core.environment:checking '/home/sy/ros2_ws/install/mower_msgs' for CMake module files
[0.953s] Level 1:colcon.colcon_core.environment:checking '/home/sy/ros2_ws/install/mower_msgs' for CMake config files
[0.954s] Level 1:colcon.colcon_core.shell:create_environment_hook('mower_msgs', 'cmake_prefix_path')
[0.954s] INFO:colcon.colcon_core.shell:Creating environment hook '/home/sy/ros2_ws/install/mower_msgs/share/mower_msgs/hook/cmake_prefix_path.ps1'
[0.955s] INFO:colcon.colcon_core.shell:Creating environment descriptor '/home/sy/ros2_ws/install/mower_msgs/share/mower_msgs/hook/cmake_prefix_path.dsv'
[0.955s] INFO:colcon.colcon_core.shell:Creating environment hook '/home/sy/ros2_ws/install/mower_msgs/share/mower_msgs/hook/cmake_prefix_path.sh'
[0.956s] Level 1:colcon.colcon_core.environment:checking '/home/sy/ros2_ws/install/mower_msgs/lib'
[0.956s] Level 1:colcon.colcon_core.shell:create_environment_hook('mower_msgs', 'ld_library_path_lib')
[0.956s] INFO:colcon.colcon_core.shell:Creating environment hook '/home/sy/ros2_ws/install/mower_msgs/share/mower_msgs/hook/ld_library_path_lib.ps1'
[0.957s] INFO:colcon.colcon_core.shell:Creating environment descriptor '/home/sy/ros2_ws/install/mower_msgs/share/mower_msgs/hook/ld_library_path_lib.dsv'
[0.957s] INFO:colcon.colcon_core.shell:Creating environment hook '/home/sy/ros2_ws/install/mower_msgs/share/mower_msgs/hook/ld_library_path_lib.sh'
[0.958s] Level 1:colcon.colcon_core.environment:checking '/home/sy/ros2_ws/install/mower_msgs/bin'
[0.958s] Level 1:colcon.colcon_core.environment:checking '/home/sy/ros2_ws/install/mower_msgs/lib/pkgconfig/mower_msgs.pc'
[0.958s] Level 1:colcon.colcon_core.environment:checking '/home/sy/ros2_ws/install/mower_msgs/lib/python3.10/site-packages'
[0.958s] Level 1:colcon.colcon_core.environment:checking '/home/sy/ros2_ws/install/mower_msgs/bin'
[0.959s] INFO:colcon.colcon_core.shell:Creating package script '/home/sy/ros2_ws/install/mower_msgs/share/mower_msgs/package.ps1'
[0.959s] INFO:colcon.colcon_core.shell:Creating package descriptor '/home/sy/ros2_ws/install/mower_msgs/share/mower_msgs/package.dsv'
[0.960s] INFO:colcon.colcon_core.shell:Creating package script '/home/sy/ros2_ws/install/mower_msgs/share/mower_msgs/package.sh'
[0.961s] INFO:colcon.colcon_core.shell:Creating package script '/home/sy/ros2_ws/install/mower_msgs/share/mower_msgs/package.bash'
[0.961s] INFO:colcon.colcon_core.shell:Creating package script '/home/sy/ros2_ws/install/mower_msgs/share/mower_msgs/package.zsh'
[0.962s] Level 1:colcon.colcon_core.environment:create_file_with_runtime_dependencies(/home/sy/ros2_ws/install/mower_msgs/share/colcon-core/packages/mower_msgs)
[0.963s] Level 1:colcon.colcon_core.environment:create_environment_scripts_only(mower_msgs)
[0.963s] Level 1:colcon.colcon_core.environment:checking '/home/sy/ros2_ws/install/mower_msgs' for CMake module files
[0.963s] Level 1:colcon.colcon_core.environment:checking '/home/sy/ros2_ws/install/mower_msgs' for CMake config files
[0.964s] Level 1:colcon.colcon_core.shell:create_environment_hook('mower_msgs', 'cmake_prefix_path')
[0.964s] INFO:colcon.colcon_core.shell:Creating environment hook '/home/sy/ros2_ws/install/mower_msgs/share/mower_msgs/hook/cmake_prefix_path.ps1'
[0.965s] INFO:colcon.colcon_core.shell:Creating environment descriptor '/home/sy/ros2_ws/install/mower_msgs/share/mower_msgs/hook/cmake_prefix_path.dsv'
[0.965s] INFO:colcon.colcon_core.shell:Creating environment hook '/home/sy/ros2_ws/install/mower_msgs/share/mower_msgs/hook/cmake_prefix_path.sh'
[0.966s] Level 1:colcon.colcon_core.environment:checking '/home/sy/ros2_ws/install/mower_msgs/lib'
[0.966s] Level 1:colcon.colcon_core.shell:create_environment_hook('mower_msgs', 'ld_library_path_lib')
[0.966s] INFO:colcon.colcon_core.shell:Creating environment hook '/home/sy/ros2_ws/install/mower_msgs/share/mower_msgs/hook/ld_library_path_lib.ps1'
[0.967s] INFO:colcon.colcon_core.shell:Creating environment descriptor '/home/sy/ros2_ws/install/mower_msgs/share/mower_msgs/hook/ld_library_path_lib.dsv'
[0.967s] INFO:colcon.colcon_core.shell:Creating environment hook '/home/sy/ros2_ws/install/mower_msgs/share/mower_msgs/hook/ld_library_path_lib.sh'
[0.967s] Level 1:colcon.colcon_core.environment:checking '/home/sy/ros2_ws/install/mower_msgs/bin'
[0.967s] Level 1:colcon.colcon_core.environment:checking '/home/sy/ros2_ws/install/mower_msgs/lib/pkgconfig/mower_msgs.pc'
[0.968s] Level 1:colcon.colcon_core.environment:checking '/home/sy/ros2_ws/install/mower_msgs/lib/python3.10/site-packages'
[0.968s] Level 1:colcon.colcon_core.environment:checking '/home/sy/ros2_ws/install/mower_msgs/bin'
[0.968s] INFO:colcon.colcon_core.shell:Creating package script '/home/sy/ros2_ws/install/mower_msgs/share/mower_msgs/package.ps1'
[0.969s] INFO:colcon.colcon_core.shell:Creating package descriptor '/home/sy/ros2_ws/install/mower_msgs/share/mower_msgs/package.dsv'
[0.969s] INFO:colcon.colcon_core.shell:Creating package script '/home/sy/ros2_ws/install/mower_msgs/share/mower_msgs/package.sh'
[0.970s] INFO:colcon.colcon_core.shell:Creating package script '/home/sy/ros2_ws/install/mower_msgs/share/mower_msgs/package.bash'
[0.970s] INFO:colcon.colcon_core.shell:Creating package script '/home/sy/ros2_ws/install/mower_msgs/share/mower_msgs/package.zsh'
[0.971s] Level 1:colcon.colcon_core.environment:create_file_with_runtime_dependencies(/home/sy/ros2_ws/install/mower_msgs/share/colcon-core/packages/mower_msgs)
[0.971s] INFO:colcon.colcon_ros.task.ament_python.build:Building ROS package in '/home/sy/ros2_ws/src/mower_ai' with build type 'ament_python'
[0.971s] Level 1:colcon.colcon_core.shell:create_environment_hook('mower_ai', 'ament_prefix_path')
[0.972s] INFO:colcon.colcon_core.shell:Creating environment hook '/home/sy/ros2_ws/install/mower_ai/share/mower_ai/hook/ament_prefix_path.ps1'
[0.973s] INFO:colcon.colcon_core.shell:Creating environment descriptor '/home/sy/ros2_ws/install/mower_ai/share/mower_ai/hook/ament_prefix_path.dsv'
[0.973s] INFO:colcon.colcon_core.shell:Creating environment hook '/home/sy/ros2_ws/install/mower_ai/share/mower_ai/hook/ament_prefix_path.sh'
[0.974s] INFO:colcon.colcon_core.shell:Skip shell extension 'powershell' for command environment: Not usable outside of PowerShell
[0.974s] DEBUG:colcon.colcon_core.shell:Skip shell extension 'dsv' for command environment
[1.342s] INFO:colcon.colcon_core.task.python.build:Building Python package in '/home/sy/ros2_ws/src/mower_ai'
[1.342s] INFO:colcon.colcon_core.shell:Skip shell extension 'powershell' for command environment: Not usable outside of PowerShell
[1.343s] DEBUG:colcon.colcon_core.shell:Skip shell extension 'dsv' for command environment
[1.354s] DEBUG:colcon.colcon_core.event_handler.log_command:Invoking command in '/home/sy/ros2_ws/build/ros_tcp_endpoint': PYTHONPATH=/home/sy/ros2_ws/build/ros_tcp_endpoint/prefix_override:/usr/lib/python3/dist-packages/colcon_core/task/python/colcon_distutils_commands:/home/sy/ros2_ws/install/ros_tcp_endpoint/lib/python3.10/site-packages:${PYTHONPATH} /usr/bin/python3 -W ignore:setup.py install is deprecated -W ignore:easy_install command is deprecated setup.py develop --editable --build-directory /home/sy/ros2_ws/build/ros_tcp_endpoint/build --no-deps symlink_data
[1.980s] Level 1:colcon.colcon_core.shell:create_environment_hook('ros_tcp_endpoint', 'pythonpath_develop')
[1.980s] INFO:colcon.colcon_core.shell:Creating environment hook '/home/sy/ros2_ws/build/ros_tcp_endpoint/share/ros_tcp_endpoint/hook/pythonpath_develop.ps1'
[1.981s] DEBUG:colcon.colcon_core.event_handler.log_command:Invoked command in '/home/sy/ros2_ws/build/ros_tcp_endpoint' returned '0': PYTHONPATH=/home/sy/ros2_ws/build/ros_tcp_endpoint/prefix_override:/usr/lib/python3/dist-packages/colcon_core/task/python/colcon_distutils_commands:/home/sy/ros2_ws/install/ros_tcp_endpoint/lib/python3.10/site-packages:${PYTHONPATH} /usr/bin/python3 -W ignore:setup.py install is deprecated -W ignore:easy_install command is deprecated setup.py develop --editable --build-directory /home/sy/ros2_ws/build/ros_tcp_endpoint/build --no-deps symlink_data
[1.982s] INFO:colcon.colcon_core.shell:Creating environment descriptor '/home/sy/ros2_ws/build/ros_tcp_endpoint/share/ros_tcp_endpoint/hook/pythonpath_develop.dsv'
[1.983s] INFO:colcon.colcon_core.shell:Creating environment hook '/home/sy/ros2_ws/build/ros_tcp_endpoint/share/ros_tcp_endpoint/hook/pythonpath_develop.sh'
[1.984s] Level 1:colcon.colcon_core.environment:checking '/home/sy/ros2_ws/install/ros_tcp_endpoint' for CMake module files
[1.985s] Level 1:colcon.colcon_core.environment:checking '/home/sy/ros2_ws/install/ros_tcp_endpoint' for CMake config files
[1.986s] Level 1:colcon.colcon_core.environment:checking '/home/sy/ros2_ws/install/ros_tcp_endpoint/lib'
[1.986s] Level 1:colcon.colcon_core.environment:checking '/home/sy/ros2_ws/install/ros_tcp_endpoint/bin'
[1.986s] Level 1:colcon.colcon_core.environment:checking '/home/sy/ros2_ws/install/ros_tcp_endpoint/lib/pkgconfig/ros_tcp_endpoint.pc'
[1.986s] Level 1:colcon.colcon_core.environment:checking '/home/sy/ros2_ws/install/ros_tcp_endpoint/lib/python3.10/site-packages'
[1.987s] Level 1:colcon.colcon_core.shell:create_environment_hook('ros_tcp_endpoint', 'pythonpath')
[1.987s] INFO:colcon.colcon_core.shell:Creating environment hook '/home/sy/ros2_ws/install/ros_tcp_endpoint/share/ros_tcp_endpoint/hook/pythonpath.ps1'
[1.988s] INFO:colcon.colcon_core.shell:Creating environment descriptor '/home/sy/ros2_ws/install/ros_tcp_endpoint/share/ros_tcp_endpoint/hook/pythonpath.dsv'
[1.988s] INFO:colcon.colcon_core.shell:Creating environment hook '/home/sy/ros2_ws/install/ros_tcp_endpoint/share/ros_tcp_endpoint/hook/pythonpath.sh'
[1.989s] Level 1:colcon.colcon_core.environment:checking '/home/sy/ros2_ws/install/ros_tcp_endpoint/bin'
[1.990s] Level 1:colcon.colcon_core.environment:create_environment_scripts_only(ros_tcp_endpoint)
[1.990s] INFO:colcon.colcon_core.shell:Creating package script '/home/sy/ros2_ws/install/ros_tcp_endpoint/share/ros_tcp_endpoint/package.ps1'
[1.991s] INFO:colcon.colcon_core.shell:Creating package descriptor '/home/sy/ros2_ws/install/ros_tcp_endpoint/share/ros_tcp_endpoint/package.dsv'
[1.992s] INFO:colcon.colcon_core.shell:Creating package script '/home/sy/ros2_ws/install/ros_tcp_endpoint/share/ros_tcp_endpoint/package.sh'
[1.993s] INFO:colcon.colcon_core.shell:Creating package script '/home/sy/ros2_ws/install/ros_tcp_endpoint/share/ros_tcp_endpoint/package.bash'
[1.994s] INFO:colcon.colcon_core.shell:Creating package script '/home/sy/ros2_ws/install/ros_tcp_endpoint/share/ros_tcp_endpoint/package.zsh'
[1.994s] Level 1:colcon.colcon_core.environment:create_file_with_runtime_dependencies(/home/sy/ros2_ws/install/ros_tcp_endpoint/share/colcon-core/packages/ros_tcp_endpoint)
[2.074s] DEBUG:colcon.colcon_core.event_handler.log_command:Invoking command in '/home/sy/ros2_ws/build/mower_ai': PYTHONPATH=/home/sy/ros2_ws/build/mower_ai/prefix_override:/usr/lib/python3/dist-packages/colcon_core/task/python/colcon_distutils_commands:/home/sy/ros2_ws/install/mower_ai/lib/python3.10/site-packages:${PYTHONPATH} /usr/bin/python3 -W ignore:setup.py install is deprecated -W ignore:easy_install command is deprecated setup.py develop --editable --build-directory /home/sy/ros2_ws/build/mower_ai/build --no-deps symlink_data
[2.631s] Level 1:colcon.colcon_core.shell:create_environment_hook('mower_ai', 'pythonpath_develop')
[2.631s] INFO:colcon.colcon_core.shell:Creating environment hook '/home/sy/ros2_ws/build/mower_ai/share/mower_ai/hook/pythonpath_develop.ps1'
[2.632s] DEBUG:colcon.colcon_core.event_handler.log_command:Invoked command in '/home/sy/ros2_ws/build/mower_ai' returned '0': PYTHONPATH=/home/sy/ros2_ws/build/mower_ai/prefix_override:/usr/lib/python3/dist-packages/colcon_core/task/python/colcon_distutils_commands:/home/sy/ros2_ws/install/mower_ai/lib/python3.10/site-packages:${PYTHONPATH} /usr/bin/python3 -W ignore:setup.py install is deprecated -W ignore:easy_install command is deprecated setup.py develop --editable --build-directory /home/sy/ros2_ws/build/mower_ai/build --no-deps symlink_data
[2.632s] INFO:colcon.colcon_core.shell:Creating environment descriptor '/home/sy/ros2_ws/build/mower_ai/share/mower_ai/hook/pythonpath_develop.dsv'
[2.633s] INFO:colcon.colcon_core.shell:Creating environment hook '/home/sy/ros2_ws/build/mower_ai/share/mower_ai/hook/pythonpath_develop.sh'
[2.634s] Level 1:colcon.colcon_core.environment:checking '/home/sy/ros2_ws/install/mower_ai' for CMake module files
[2.634s] Level 1:colcon.colcon_core.environment:checking '/home/sy/ros2_ws/install/mower_ai' for CMake config files
[2.635s] Level 1:colcon.colcon_core.environment:checking '/home/sy/ros2_ws/install/mower_ai/lib'
[2.635s] Level 1:colcon.colcon_core.environment:checking '/home/sy/ros2_ws/install/mower_ai/bin'
[2.635s] Level 1:colcon.colcon_core.environment:checking '/home/sy/ros2_ws/install/mower_ai/lib/pkgconfig/mower_ai.pc'
[2.635s] Level 1:colcon.colcon_core.environment:checking '/home/sy/ros2_ws/install/mower_ai/lib/python3.10/site-packages'
[2.635s] Level 1:colcon.colcon_core.shell:create_environment_hook('mower_ai', 'pythonpath')
[2.635s] INFO:colcon.colcon_core.shell:Creating environment hook '/home/sy/ros2_ws/install/mower_ai/share/mower_ai/hook/pythonpath.ps1'
[2.636s] INFO:colcon.colcon_core.shell:Creating environment descriptor '/home/sy/ros2_ws/install/mower_ai/share/mower_ai/hook/pythonpath.dsv'
[2.636s] INFO:colcon.colcon_core.shell:Creating environment hook '/home/sy/ros2_ws/install/mower_ai/share/mower_ai/hook/pythonpath.sh'
[2.637s] Level 1:colcon.colcon_core.environment:checking '/home/sy/ros2_ws/install/mower_ai/bin'
[2.637s] Level 1:colcon.colcon_core.environment:create_environment_scripts_only(mower_ai)
[2.638s] INFO:colcon.colcon_core.shell:Creating package script '/home/sy/ros2_ws/install/mower_ai/share/mower_ai/package.ps1'
[2.638s] INFO:colcon.colcon_core.shell:Creating package descriptor '/home/sy/ros2_ws/install/mower_ai/share/mower_ai/package.dsv'
[2.639s] INFO:colcon.colcon_core.shell:Creating package script '/home/sy/ros2_ws/install/mower_ai/share/mower_ai/package.sh'
[2.639s] INFO:colcon.colcon_core.shell:Creating package script '/home/sy/ros2_ws/install/mower_ai/share/mower_ai/package.bash'
[2.640s] INFO:colcon.colcon_core.shell:Creating package script '/home/sy/ros2_ws/install/mower_ai/share/mower_ai/package.zsh'
[2.640s] Level 1:colcon.colcon_core.environment:create_file_with_runtime_dependencies(/home/sy/ros2_ws/install/mower_ai/share/colcon-core/packages/mower_ai)
[2.641s] DEBUG:colcon.colcon_parallel_executor.executor.parallel:closing loop
[2.641s] DEBUG:colcon.colcon_parallel_executor.executor.parallel:loop closed
[2.642s] DEBUG:colcon.colcon_parallel_executor.executor.parallel:run_until_complete finished with '0'
[2.642s] DEBUG:colcon.colcon_core.event_reactor:joining thread
[2.709s] INFO:colcon.colcon_core.plugin_system:Skipping extension 'colcon_notification.desktop_notification.notify_send': Could not find 'notify-send'
[2.710s] INFO:colcon.colcon_core.plugin_system:Skipping extension 'colcon_notification.desktop_notification.terminal_notifier': Not used on non-Darwin systems
[2.710s] INFO:colcon.colcon_core.plugin_system:Skipping extension 'colcon_notification.desktop_notification.win32': Not used on non-Windows systems
[2.710s] INFO:colcon.colcon_notification.desktop_notification:Sending desktop notification using 'notify2'
[2.710s] DEBUG:colcon.colcon_notification.desktop_notification.notify2:Failed to initialize notify2: org.freedesktop.DBus.Error.FileNotFound: Failed to connect to socket /run/user/1000/bus: No such file or directory
[2.710s] DEBUG:colcon.colcon_core.event_reactor:joined thread
[2.711s] INFO:colcon.colcon_core.shell:Creating prefix script '/home/sy/ros2_ws/install/local_setup.ps1'
[2.712s] INFO:colcon.colcon_core.shell:Creating prefix util module '/home/sy/ros2_ws/install/_local_setup_util_ps1.py'
[2.714s] INFO:colcon.colcon_core.shell:Creating prefix chain script '/home/sy/ros2_ws/install/setup.ps1'
[2.715s] INFO:colcon.colcon_core.shell:Creating prefix script '/home/sy/ros2_ws/install/local_setup.sh'
[2.716s] INFO:colcon.colcon_core.shell:Creating prefix util module '/home/sy/ros2_ws/install/_local_setup_util_sh.py'
[2.717s] INFO:colcon.colcon_core.shell:Creating prefix chain script '/home/sy/ros2_ws/install/setup.sh'
[2.718s] INFO:colcon.colcon_core.shell:Creating prefix script '/home/sy/ros2_ws/install/local_setup.bash'
[2.719s] INFO:colcon.colcon_core.shell:Creating prefix chain script '/home/sy/ros2_ws/install/setup.bash'
[2.720s] INFO:colcon.colcon_core.shell:Creating prefix script '/home/sy/ros2_ws/install/local_setup.zsh'
[2.721s] INFO:colcon.colcon_core.shell:Creating prefix chain script '/home/sy/ros2_ws/install/setup.zsh'
