[1.665s] Invoking command in '/home/sy/ros2_ws/build/mower_ai': PYTHONPATH=/home/sy/ros2_ws/build/mower_ai/prefix_override:/usr/lib/python3/dist-packages/colcon_core/task/python/colcon_distutils_commands:/home/sy/ros2_ws/install/mower_ai/lib/python3.10/site-packages:${PYTHONPATH} /usr/bin/python3 -W ignore:setup.py install is deprecated -W ignore:easy_install command is deprecated setup.py develop --editable --build-directory /home/sy/ros2_ws/build/mower_ai/build --no-deps symlink_data
[2.060s] running develop
[2.266s] running egg_info
[2.266s] creating mower_ai.egg-info
[2.267s] writing mower_ai.egg-info/PKG-INFO
[2.268s] writing dependency_links to mower_ai.egg-info/dependency_links.txt
[2.268s] writing entry points to mower_ai.egg-info/entry_points.txt
[2.268s] writing requirements to mower_ai.egg-info/requires.txt
[2.269s] writing top-level names to mower_ai.egg-info/top_level.txt
[2.269s] writing manifest file 'mower_ai.egg-info/SOURCES.txt'
[2.273s] reading manifest file 'mower_ai.egg-info/SOURCES.txt'
[2.274s] writing manifest file 'mower_ai.egg-info/SOURCES.txt'
[2.276s] running build_ext
[2.276s] Creating /home/sy/ros2_ws/install/mower_ai/lib/python3.10/site-packages/mower-ai.egg-link (link to .)
[2.278s] Installing ai_controller script to /home/sy/ros2_ws/install/mower_ai/lib/mower_ai
[2.278s] 
[2.279s] Installed /home/sy/ros2_ws/build/mower_ai
[2.279s] running symlink_data
[2.279s] creating /home/sy/ros2_ws/install/mower_ai/share/ament_index
[2.279s] creating /home/sy/ros2_ws/install/mower_ai/share/ament_index/resource_index
[2.280s] creating /home/sy/ros2_ws/install/mower_ai/share/ament_index/resource_index/packages
[2.280s] symbolically linking /home/sy/ros2_ws/build/mower_ai/resource/mower_ai -> /home/sy/ros2_ws/install/mower_ai/share/ament_index/resource_index/packages
[2.281s] symbolically linking /home/sy/ros2_ws/build/mower_ai/package.xml -> /home/sy/ros2_ws/install/mower_ai/share/mower_ai
[2.281s] creating /home/sy/ros2_ws/install/mower_ai/share/mower_ai/launch
[2.281s] symbolically linking /home/sy/ros2_ws/build/mower_ai/launch/mower_launch.py -> /home/sy/ros2_ws/install/mower_ai/share/mower_ai/launch
[2.281s] creating /home/sy/ros2_ws/install/mower_ai/share/mower_ai/config
[2.282s] symbolically linking /home/sy/ros2_ws/build/mower_ai/config/slam.yaml -> /home/sy/ros2_ws/install/mower_ai/share/mower_ai/config
[2.347s] Invoked command in '/home/sy/ros2_ws/build/mower_ai' returned '0': PYTHONPATH=/home/sy/ros2_ws/build/mower_ai/prefix_override:/usr/lib/python3/dist-packages/colcon_core/task/python/colcon_distutils_commands:/home/sy/ros2_ws/install/mower_ai/lib/python3.10/site-packages:${PYTHONPATH} /usr/bin/python3 -W ignore:setup.py install is deprecated -W ignore:easy_install command is deprecated setup.py develop --editable --build-directory /home/sy/ros2_ws/build/mower_ai/build --no-deps symlink_data
