[0.632s] DEBUG:colcon:Command line arguments: ['/usr/bin/colcon', 'build', '--symlink-install']
[0.632s] DEBUG:colcon:Parsed command line arguments: Namespace(log_base=None, log_level=None, verb_name='build', build_base='build', install_base='install', merge_install=False, symlink_install=True, test_result_base=None, continue_on_error=False, executor='parallel', parallel_workers=16, event_handlers=None, ignore_user_meta=False, metas=['./colcon.meta'], base_paths=['.'], packages_ignore=None, packages_ignore_regex=None, paths=None, packages_up_to=None, packages_up_to_regex=None, packages_above=None, packages_above_and_dependencies=None, packages_above_depth=None, packages_select_by_dep=None, packages_skip_by_dep=None, packages_skip_up_to=None, packages_select_build_failed=False, packages_skip_build_finished=False, packages_select_test_failures=False, packages_skip_test_passed=False, packages_select=None, packages_skip=None, packages_select_regex=None, packages_skip_regex=None, packages_start=None, packages_end=None, allow_overriding=[], cmake_args=None, cmake_target=None, cmake_target_skip_unavailable=False, cmake_clean_cache=False, cmake_clean_first=False, cmake_force_configure=False, ament_cmake_args=None, catkin_cmake_args=None, catkin_skip_building_tests=False, mixin_files=None, mixin=None, verb_parser=<colcon_mixin.mixin.mixin_argument.MixinArgumentDecorator object at 0x7fa71f1129b0>, verb_extension=<colcon_core.verb.build.BuildVerb object at 0x7fa71f111c90>, main=<bound method BuildVerb.main of <colcon_core.verb.build.BuildVerb object at 0x7fa71f111c90>>, mixin_verb=('build',))
[1.071s] Level 1:colcon.colcon_core.package_discovery:discover_packages(colcon_meta) check parameters
[1.072s] Level 1:colcon.colcon_core.package_discovery:discover_packages(recursive) check parameters
[1.072s] Level 1:colcon.colcon_core.package_discovery:discover_packages(ignore) check parameters
[1.072s] Level 1:colcon.colcon_core.package_discovery:discover_packages(path) check parameters
[1.072s] Level 1:colcon.colcon_core.package_discovery:discover_packages(colcon_meta) discover
[1.072s] Level 1:colcon.colcon_core.package_discovery:discover_packages(recursive) discover
[1.072s] INFO:colcon.colcon_core.package_discovery:Crawling recursively for packages in '/home/sy/ros2_ws'
[1.073s] Level 1:colcon.colcon_core.package_identification:_identify(.) by extensions ['ignore', 'ignore_ament_install']
[1.073s] Level 1:colcon.colcon_core.package_identification:_identify(.) by extension 'ignore'
[1.073s] Level 1:colcon.colcon_core.package_identification:_identify(.) by extension 'ignore_ament_install'
[1.073s] Level 1:colcon.colcon_core.package_identification:_identify(.) by extensions ['colcon_pkg']
[1.073s] Level 1:colcon.colcon_core.package_identification:_identify(.) by extension 'colcon_pkg'
[1.073s] Level 1:colcon.colcon_core.package_identification:_identify(.) by extensions ['colcon_meta']
[1.074s] Level 1:colcon.colcon_core.package_identification:_identify(.) by extension 'colcon_meta'
[1.074s] Level 1:colcon.colcon_core.package_identification:_identify(.) by extensions ['ros']
[1.074s] Level 1:colcon.colcon_core.package_identification:_identify(.) by extension 'ros'
[1.101s] Level 1:colcon.colcon_core.package_identification:_identify(.) by extensions ['cmake', 'python']
[1.101s] Level 1:colcon.colcon_core.package_identification:_identify(.) by extension 'cmake'
[1.101s] Level 1:colcon.colcon_core.package_identification:_identify(.) by extension 'python'
[1.102s] Level 1:colcon.colcon_core.package_identification:_identify(.) by extensions ['python_setup_py']
[1.102s] Level 1:colcon.colcon_core.package_identification:_identify(.) by extension 'python_setup_py'
[1.102s] Level 1:colcon.colcon_core.package_identification:_identify(build) by extensions ['ignore', 'ignore_ament_install']
[1.102s] Level 1:colcon.colcon_core.package_identification:_identify(build) by extension 'ignore'
[1.103s] Level 1:colcon.colcon_core.package_identification:_identify(build) ignored
[1.103s] Level 1:colcon.colcon_core.package_identification:_identify(install) by extensions ['ignore', 'ignore_ament_install']
[1.104s] Level 1:colcon.colcon_core.package_identification:_identify(install) by extension 'ignore'
[1.104s] Level 1:colcon.colcon_core.package_identification:_identify(install) ignored
[1.104s] Level 1:colcon.colcon_core.package_identification:_identify(log) by extensions ['ignore', 'ignore_ament_install']
[1.104s] Level 1:colcon.colcon_core.package_identification:_identify(log) by extension 'ignore'
[1.105s] Level 1:colcon.colcon_core.package_identification:_identify(log) ignored
[1.105s] Level 1:colcon.colcon_core.package_identification:_identify(src) by extensions ['ignore', 'ignore_ament_install']
[1.105s] Level 1:colcon.colcon_core.package_identification:_identify(src) by extension 'ignore'
[1.105s] Level 1:colcon.colcon_core.package_identification:_identify(src) by extension 'ignore_ament_install'
[1.106s] Level 1:colcon.colcon_core.package_identification:_identify(src) by extensions ['colcon_pkg']
[1.106s] Level 1:colcon.colcon_core.package_identification:_identify(src) by extension 'colcon_pkg'
[1.106s] Level 1:colcon.colcon_core.package_identification:_identify(src) by extensions ['colcon_meta']
[1.106s] Level 1:colcon.colcon_core.package_identification:_identify(src) by extension 'colcon_meta'
[1.107s] Level 1:colcon.colcon_core.package_identification:_identify(src) by extensions ['ros']
[1.107s] Level 1:colcon.colcon_core.package_identification:_identify(src) by extension 'ros'
[1.107s] Level 1:colcon.colcon_core.package_identification:_identify(src) by extensions ['cmake', 'python']
[1.108s] Level 1:colcon.colcon_core.package_identification:_identify(src) by extension 'cmake'
[1.108s] Level 1:colcon.colcon_core.package_identification:_identify(src) by extension 'python'
[1.108s] Level 1:colcon.colcon_core.package_identification:_identify(src) by extensions ['python_setup_py']
[1.109s] Level 1:colcon.colcon_core.package_identification:_identify(src) by extension 'python_setup_py'
[1.109s] Level 1:colcon.colcon_core.package_identification:_identify(src/ROS-TCP-Endpoint) by extensions ['ignore', 'ignore_ament_install']
[1.110s] Level 1:colcon.colcon_core.package_identification:_identify(src/ROS-TCP-Endpoint) by extension 'ignore'
[1.110s] Level 1:colcon.colcon_core.package_identification:_identify(src/ROS-TCP-Endpoint) by extension 'ignore_ament_install'
[1.110s] Level 1:colcon.colcon_core.package_identification:_identify(src/ROS-TCP-Endpoint) by extensions ['colcon_pkg']
[1.110s] Level 1:colcon.colcon_core.package_identification:_identify(src/ROS-TCP-Endpoint) by extension 'colcon_pkg'
[1.110s] Level 1:colcon.colcon_core.package_identification:_identify(src/ROS-TCP-Endpoint) by extensions ['colcon_meta']
[1.110s] Level 1:colcon.colcon_core.package_identification:_identify(src/ROS-TCP-Endpoint) by extension 'colcon_meta'
[1.111s] Level 1:colcon.colcon_core.package_identification:_identify(src/ROS-TCP-Endpoint) by extensions ['ros']
[1.111s] Level 1:colcon.colcon_core.package_identification:_identify(src/ROS-TCP-Endpoint) by extension 'ros'
[1.117s] DEBUG:colcon.colcon_core.package_identification:Package 'src/ROS-TCP-Endpoint' with type 'ros.ament_python' and name 'ros_tcp_endpoint'
[1.118s] Level 1:colcon.colcon_core.package_identification:_identify(src/mower_ai) by extensions ['ignore', 'ignore_ament_install']
[1.118s] Level 1:colcon.colcon_core.package_identification:_identify(src/mower_ai) by extension 'ignore'
[1.118s] Level 1:colcon.colcon_core.package_identification:_identify(src/mower_ai) by extension 'ignore_ament_install'
[1.119s] Level 1:colcon.colcon_core.package_identification:_identify(src/mower_ai) by extensions ['colcon_pkg']
[1.119s] Level 1:colcon.colcon_core.package_identification:_identify(src/mower_ai) by extension 'colcon_pkg'
[1.119s] Level 1:colcon.colcon_core.package_identification:_identify(src/mower_ai) by extensions ['colcon_meta']
[1.119s] Level 1:colcon.colcon_core.package_identification:_identify(src/mower_ai) by extension 'colcon_meta'
[1.119s] Level 1:colcon.colcon_core.package_identification:_identify(src/mower_ai) by extensions ['ros']
[1.119s] Level 1:colcon.colcon_core.package_identification:_identify(src/mower_ai) by extension 'ros'
[1.120s] DEBUG:colcon.colcon_core.package_identification:Package 'src/mower_ai' with type 'ros.ament_python' and name 'mower_ai'
[1.121s] Level 1:colcon.colcon_core.package_identification:_identify(src/mower_msgs) by extensions ['ignore', 'ignore_ament_install']
[1.121s] Level 1:colcon.colcon_core.package_identification:_identify(src/mower_msgs) by extension 'ignore'
[1.121s] Level 1:colcon.colcon_core.package_identification:_identify(src/mower_msgs) by extension 'ignore_ament_install'
[1.121s] Level 1:colcon.colcon_core.package_identification:_identify(src/mower_msgs) by extensions ['colcon_pkg']
[1.121s] Level 1:colcon.colcon_core.package_identification:_identify(src/mower_msgs) by extension 'colcon_pkg'
[1.121s] Level 1:colcon.colcon_core.package_identification:_identify(src/mower_msgs) by extensions ['colcon_meta']
[1.121s] Level 1:colcon.colcon_core.package_identification:_identify(src/mower_msgs) by extension 'colcon_meta'
[1.121s] Level 1:colcon.colcon_core.package_identification:_identify(src/mower_msgs) by extensions ['ros']
[1.122s] Level 1:colcon.colcon_core.package_identification:_identify(src/mower_msgs) by extension 'ros'
[1.124s] DEBUG:colcon.colcon_core.package_identification:Package 'src/mower_msgs' with type 'ros.ament_cmake' and name 'mower_msgs'
[1.124s] Level 1:colcon.colcon_core.package_discovery:discover_packages(recursive) using defaults
[1.125s] Level 1:colcon.colcon_core.package_discovery:discover_packages(ignore) discover
[1.125s] Level 1:colcon.colcon_core.package_discovery:discover_packages(ignore) using defaults
[1.125s] Level 1:colcon.colcon_core.package_discovery:discover_packages(path) discover
[1.125s] Level 1:colcon.colcon_core.package_discovery:discover_packages(path) using defaults
[1.206s] Level 1:colcon.colcon_core.package_discovery:discover_packages(prefix_path) check parameters
[1.206s] Level 1:colcon.colcon_core.package_discovery:discover_packages(prefix_path) discover
[1.210s] DEBUG:colcon.colcon_installed_package_information.package_discovery:Found 3 installed packages in /home/sy/ros2_ws/install
[1.213s] DEBUG:colcon.colcon_installed_package_information.package_discovery:Found 279 installed packages in /opt/ros/humble
[1.215s] Level 1:colcon.colcon_core.package_discovery:discover_packages(prefix_path) using defaults
[1.298s] Level 5:colcon.colcon_core.verb:set package 'mower_msgs' build argument 'cmake_args' from command line to 'None'
[1.299s] Level 5:colcon.colcon_core.verb:set package 'mower_msgs' build argument 'cmake_target' from command line to 'None'
[1.299s] Level 5:colcon.colcon_core.verb:set package 'mower_msgs' build argument 'cmake_target_skip_unavailable' from command line to 'False'
[1.299s] Level 5:colcon.colcon_core.verb:set package 'mower_msgs' build argument 'cmake_clean_cache' from command line to 'False'
[1.299s] Level 5:colcon.colcon_core.verb:set package 'mower_msgs' build argument 'cmake_clean_first' from command line to 'False'
[1.299s] Level 5:colcon.colcon_core.verb:set package 'mower_msgs' build argument 'cmake_force_configure' from command line to 'False'
[1.299s] Level 5:colcon.colcon_core.verb:set package 'mower_msgs' build argument 'ament_cmake_args' from command line to 'None'
[1.299s] Level 5:colcon.colcon_core.verb:set package 'mower_msgs' build argument 'catkin_cmake_args' from command line to 'None'
[1.299s] Level 5:colcon.colcon_core.verb:set package 'mower_msgs' build argument 'catkin_skip_building_tests' from command line to 'False'
[1.299s] DEBUG:colcon.colcon_core.verb:Building package 'mower_msgs' with the following arguments: {'ament_cmake_args': None, 'build_base': '/home/sy/ros2_ws/build/mower_msgs', 'catkin_cmake_args': None, 'catkin_skip_building_tests': False, 'cmake_args': None, 'cmake_clean_cache': False, 'cmake_clean_first': False, 'cmake_force_configure': False, 'cmake_target': None, 'cmake_target_skip_unavailable': False, 'install_base': '/home/sy/ros2_ws/install/mower_msgs', 'merge_install': False, 'path': '/home/sy/ros2_ws/src/mower_msgs', 'symlink_install': True, 'test_result_base': None}
[1.300s] Level 5:colcon.colcon_core.verb:set package 'ros_tcp_endpoint' build argument 'cmake_args' from command line to 'None'
[1.300s] Level 5:colcon.colcon_core.verb:set package 'ros_tcp_endpoint' build argument 'cmake_target' from command line to 'None'
[1.300s] Level 5:colcon.colcon_core.verb:set package 'ros_tcp_endpoint' build argument 'cmake_target_skip_unavailable' from command line to 'False'
[1.300s] Level 5:colcon.colcon_core.verb:set package 'ros_tcp_endpoint' build argument 'cmake_clean_cache' from command line to 'False'
[1.300s] Level 5:colcon.colcon_core.verb:set package 'ros_tcp_endpoint' build argument 'cmake_clean_first' from command line to 'False'
[1.300s] Level 5:colcon.colcon_core.verb:set package 'ros_tcp_endpoint' build argument 'cmake_force_configure' from command line to 'False'
[1.300s] Level 5:colcon.colcon_core.verb:set package 'ros_tcp_endpoint' build argument 'ament_cmake_args' from command line to 'None'
[1.300s] Level 5:colcon.colcon_core.verb:set package 'ros_tcp_endpoint' build argument 'catkin_cmake_args' from command line to 'None'
[1.300s] Level 5:colcon.colcon_core.verb:set package 'ros_tcp_endpoint' build argument 'catkin_skip_building_tests' from command line to 'False'
[1.300s] DEBUG:colcon.colcon_core.verb:Building package 'ros_tcp_endpoint' with the following arguments: {'ament_cmake_args': None, 'build_base': '/home/sy/ros2_ws/build/ros_tcp_endpoint', 'catkin_cmake_args': None, 'catkin_skip_building_tests': False, 'cmake_args': None, 'cmake_clean_cache': False, 'cmake_clean_first': False, 'cmake_force_configure': False, 'cmake_target': None, 'cmake_target_skip_unavailable': False, 'install_base': '/home/sy/ros2_ws/install/ros_tcp_endpoint', 'merge_install': False, 'path': '/home/sy/ros2_ws/src/ROS-TCP-Endpoint', 'symlink_install': True, 'test_result_base': None}
[1.301s] Level 5:colcon.colcon_core.verb:set package 'mower_ai' build argument 'cmake_args' from command line to 'None'
[1.301s] Level 5:colcon.colcon_core.verb:set package 'mower_ai' build argument 'cmake_target' from command line to 'None'
[1.301s] Level 5:colcon.colcon_core.verb:set package 'mower_ai' build argument 'cmake_target_skip_unavailable' from command line to 'False'
[1.301s] Level 5:colcon.colcon_core.verb:set package 'mower_ai' build argument 'cmake_clean_cache' from command line to 'False'
[1.301s] Level 5:colcon.colcon_core.verb:set package 'mower_ai' build argument 'cmake_clean_first' from command line to 'False'
[1.301s] Level 5:colcon.colcon_core.verb:set package 'mower_ai' build argument 'cmake_force_configure' from command line to 'False'
[1.301s] Level 5:colcon.colcon_core.verb:set package 'mower_ai' build argument 'ament_cmake_args' from command line to 'None'
[1.302s] Level 5:colcon.colcon_core.verb:set package 'mower_ai' build argument 'catkin_cmake_args' from command line to 'None'
[1.302s] Level 5:colcon.colcon_core.verb:set package 'mower_ai' build argument 'catkin_skip_building_tests' from command line to 'False'
[1.302s] DEBUG:colcon.colcon_core.verb:Building package 'mower_ai' with the following arguments: {'ament_cmake_args': None, 'build_base': '/home/sy/ros2_ws/build/mower_ai', 'catkin_cmake_args': None, 'catkin_skip_building_tests': False, 'cmake_args': None, 'cmake_clean_cache': False, 'cmake_clean_first': False, 'cmake_force_configure': False, 'cmake_target': None, 'cmake_target_skip_unavailable': False, 'install_base': '/home/sy/ros2_ws/install/mower_ai', 'merge_install': False, 'path': '/home/sy/ros2_ws/src/mower_ai', 'symlink_install': True, 'test_result_base': None}
[1.302s] INFO:colcon.colcon_core.executor:Executing jobs using 'parallel' executor
[1.305s] DEBUG:colcon.colcon_parallel_executor.executor.parallel:run_until_complete
[1.305s] INFO:colcon.colcon_ros.task.ament_cmake.build:Building ROS package in '/home/sy/ros2_ws/src/mower_msgs' with build type 'ament_cmake'
[1.306s] INFO:colcon.colcon_cmake.task.cmake.build:Building CMake package in '/home/sy/ros2_ws/src/mower_msgs'
[1.312s] INFO:colcon.colcon_core.plugin_system:Skipping extension 'colcon_core.shell.bat': Not used on non-Windows systems
[1.313s] INFO:colcon.colcon_core.shell:Skip shell extension 'powershell' for command environment: Not usable outside of PowerShell
[1.313s] DEBUG:colcon.colcon_core.shell:Skip shell extension 'dsv' for command environment
[1.322s] INFO:colcon.colcon_ros.task.ament_python.build:Building ROS package in '/home/sy/ros2_ws/src/ROS-TCP-Endpoint' with build type 'ament_python'
[1.323s] Level 1:colcon.colcon_core.shell:create_environment_hook('ros_tcp_endpoint', 'ament_prefix_path')
[1.324s] INFO:colcon.colcon_core.shell:Creating environment hook '/home/sy/ros2_ws/install/ros_tcp_endpoint/share/ros_tcp_endpoint/hook/ament_prefix_path.ps1'
[1.327s] INFO:colcon.colcon_core.shell:Creating environment descriptor '/home/sy/ros2_ws/install/ros_tcp_endpoint/share/ros_tcp_endpoint/hook/ament_prefix_path.dsv'
[1.328s] INFO:colcon.colcon_core.shell:Creating environment hook '/home/sy/ros2_ws/install/ros_tcp_endpoint/share/ros_tcp_endpoint/hook/ament_prefix_path.sh'
[1.330s] INFO:colcon.colcon_core.shell:Skip shell extension 'powershell' for command environment: Not usable outside of PowerShell
[1.331s] DEBUG:colcon.colcon_core.shell:Skip shell extension 'dsv' for command environment
[1.354s] DEBUG:colcon.colcon_core.event_handler.log_command:Invoking command in '/home/sy/ros2_ws/build/mower_msgs': CMAKE_PREFIX_PATH=${CMAKE_PREFIX_PATH}:/home/sy/ros2_ws/install/ros_tcp_endpoint:/home/sy/ros2_ws/install/mower_ai:/opt/ros/humble /usr/bin/cmake --build /home/sy/ros2_ws/build/mower_msgs -- -j16 -l16
[2.003s] INFO:colcon.colcon_core.task.python.build:Building Python package in '/home/sy/ros2_ws/src/ROS-TCP-Endpoint'
[2.004s] INFO:colcon.colcon_core.shell:Skip shell extension 'powershell' for command environment: Not usable outside of PowerShell
[2.004s] DEBUG:colcon.colcon_core.shell:Skip shell extension 'dsv' for command environment
[2.206s] DEBUG:colcon.colcon_core.event_handler.log_command:Invoked command in '/home/sy/ros2_ws/build/mower_msgs' returned '0': CMAKE_PREFIX_PATH=${CMAKE_PREFIX_PATH}:/home/sy/ros2_ws/install/ros_tcp_endpoint:/home/sy/ros2_ws/install/mower_ai:/opt/ros/humble /usr/bin/cmake --build /home/sy/ros2_ws/build/mower_msgs -- -j16 -l16
[2.233s] DEBUG:colcon.colcon_core.event_handler.log_command:Invoking command in '/home/sy/ros2_ws/build/mower_msgs': CMAKE_PREFIX_PATH=${CMAKE_PREFIX_PATH}:/home/sy/ros2_ws/install/ros_tcp_endpoint:/home/sy/ros2_ws/install/mower_ai:/opt/ros/humble /usr/bin/cmake --install /home/sy/ros2_ws/build/mower_msgs
[2.429s] Level 1:colcon.colcon_core.environment:create_environment_scripts_only(mower_msgs)
[2.431s] DEBUG:colcon.colcon_core.event_handler.log_command:Invoked command in '/home/sy/ros2_ws/build/mower_msgs' returned '0': CMAKE_PREFIX_PATH=${CMAKE_PREFIX_PATH}:/home/sy/ros2_ws/install/ros_tcp_endpoint:/home/sy/ros2_ws/install/mower_ai:/opt/ros/humble /usr/bin/cmake --install /home/sy/ros2_ws/build/mower_msgs
[2.437s] Level 1:colcon.colcon_core.environment:checking '/home/sy/ros2_ws/install/mower_msgs' for CMake module files
[2.439s] Level 1:colcon.colcon_core.environment:checking '/home/sy/ros2_ws/install/mower_msgs' for CMake config files
[2.441s] Level 1:colcon.colcon_core.shell:create_environment_hook('mower_msgs', 'cmake_prefix_path')
[2.442s] INFO:colcon.colcon_core.shell:Creating environment hook '/home/sy/ros2_ws/install/mower_msgs/share/mower_msgs/hook/cmake_prefix_path.ps1'
[2.444s] INFO:colcon.colcon_core.shell:Creating environment descriptor '/home/sy/ros2_ws/install/mower_msgs/share/mower_msgs/hook/cmake_prefix_path.dsv'
[2.446s] INFO:colcon.colcon_core.shell:Creating environment hook '/home/sy/ros2_ws/install/mower_msgs/share/mower_msgs/hook/cmake_prefix_path.sh'
[2.448s] Level 1:colcon.colcon_core.environment:checking '/home/sy/ros2_ws/install/mower_msgs/lib'
[2.449s] Level 1:colcon.colcon_core.shell:create_environment_hook('mower_msgs', 'ld_library_path_lib')
[2.450s] INFO:colcon.colcon_core.shell:Creating environment hook '/home/sy/ros2_ws/install/mower_msgs/share/mower_msgs/hook/ld_library_path_lib.ps1'
[2.451s] INFO:colcon.colcon_core.shell:Creating environment descriptor '/home/sy/ros2_ws/install/mower_msgs/share/mower_msgs/hook/ld_library_path_lib.dsv'
[2.453s] INFO:colcon.colcon_core.shell:Creating environment hook '/home/sy/ros2_ws/install/mower_msgs/share/mower_msgs/hook/ld_library_path_lib.sh'
[2.454s] Level 1:colcon.colcon_core.environment:checking '/home/sy/ros2_ws/install/mower_msgs/bin'
[2.455s] Level 1:colcon.colcon_core.environment:checking '/home/sy/ros2_ws/install/mower_msgs/lib/pkgconfig/mower_msgs.pc'
[2.455s] Level 1:colcon.colcon_core.environment:checking '/home/sy/ros2_ws/install/mower_msgs/lib/python3.10/site-packages'
[2.456s] Level 1:colcon.colcon_core.environment:checking '/home/sy/ros2_ws/install/mower_msgs/bin'
[2.457s] INFO:colcon.colcon_core.shell:Creating package script '/home/sy/ros2_ws/install/mower_msgs/share/mower_msgs/package.ps1'
[2.462s] INFO:colcon.colcon_core.shell:Creating package descriptor '/home/sy/ros2_ws/install/mower_msgs/share/mower_msgs/package.dsv'
[2.466s] INFO:colcon.colcon_core.shell:Creating package script '/home/sy/ros2_ws/install/mower_msgs/share/mower_msgs/package.sh'
[2.469s] INFO:colcon.colcon_core.shell:Creating package script '/home/sy/ros2_ws/install/mower_msgs/share/mower_msgs/package.bash'
[2.472s] INFO:colcon.colcon_core.shell:Creating package script '/home/sy/ros2_ws/install/mower_msgs/share/mower_msgs/package.zsh'
[2.475s] Level 1:colcon.colcon_core.environment:create_file_with_runtime_dependencies(/home/sy/ros2_ws/install/mower_msgs/share/colcon-core/packages/mower_msgs)
[2.477s] Level 1:colcon.colcon_core.environment:create_environment_scripts_only(mower_msgs)
[2.478s] Level 1:colcon.colcon_core.environment:checking '/home/sy/ros2_ws/install/mower_msgs' for CMake module files
[2.479s] Level 1:colcon.colcon_core.environment:checking '/home/sy/ros2_ws/install/mower_msgs' for CMake config files
[2.481s] Level 1:colcon.colcon_core.shell:create_environment_hook('mower_msgs', 'cmake_prefix_path')
[2.482s] INFO:colcon.colcon_core.shell:Creating environment hook '/home/sy/ros2_ws/install/mower_msgs/share/mower_msgs/hook/cmake_prefix_path.ps1'
[2.484s] INFO:colcon.colcon_core.shell:Creating environment descriptor '/home/sy/ros2_ws/install/mower_msgs/share/mower_msgs/hook/cmake_prefix_path.dsv'
[2.485s] INFO:colcon.colcon_core.shell:Creating environment hook '/home/sy/ros2_ws/install/mower_msgs/share/mower_msgs/hook/cmake_prefix_path.sh'
[2.488s] Level 1:colcon.colcon_core.environment:checking '/home/sy/ros2_ws/install/mower_msgs/lib'
[2.488s] Level 1:colcon.colcon_core.shell:create_environment_hook('mower_msgs', 'ld_library_path_lib')
[2.489s] INFO:colcon.colcon_core.shell:Creating environment hook '/home/sy/ros2_ws/install/mower_msgs/share/mower_msgs/hook/ld_library_path_lib.ps1'
[2.492s] INFO:colcon.colcon_core.shell:Creating environment descriptor '/home/sy/ros2_ws/install/mower_msgs/share/mower_msgs/hook/ld_library_path_lib.dsv'
[2.494s] INFO:colcon.colcon_core.shell:Creating environment hook '/home/sy/ros2_ws/install/mower_msgs/share/mower_msgs/hook/ld_library_path_lib.sh'
[2.495s] Level 1:colcon.colcon_core.environment:checking '/home/sy/ros2_ws/install/mower_msgs/bin'
[2.496s] Level 1:colcon.colcon_core.environment:checking '/home/sy/ros2_ws/install/mower_msgs/lib/pkgconfig/mower_msgs.pc'
[2.496s] Level 1:colcon.colcon_core.environment:checking '/home/sy/ros2_ws/install/mower_msgs/lib/python3.10/site-packages'
[2.497s] Level 1:colcon.colcon_core.environment:checking '/home/sy/ros2_ws/install/mower_msgs/bin'
[2.498s] INFO:colcon.colcon_core.shell:Creating package script '/home/sy/ros2_ws/install/mower_msgs/share/mower_msgs/package.ps1'
[2.500s] INFO:colcon.colcon_core.shell:Creating package descriptor '/home/sy/ros2_ws/install/mower_msgs/share/mower_msgs/package.dsv'
[2.502s] INFO:colcon.colcon_core.shell:Creating package script '/home/sy/ros2_ws/install/mower_msgs/share/mower_msgs/package.sh'
[2.503s] INFO:colcon.colcon_core.shell:Creating package script '/home/sy/ros2_ws/install/mower_msgs/share/mower_msgs/package.bash'
[2.504s] INFO:colcon.colcon_core.shell:Creating package script '/home/sy/ros2_ws/install/mower_msgs/share/mower_msgs/package.zsh'
[2.506s] Level 1:colcon.colcon_core.environment:create_file_with_runtime_dependencies(/home/sy/ros2_ws/install/mower_msgs/share/colcon-core/packages/mower_msgs)
[2.507s] INFO:colcon.colcon_ros.task.ament_python.build:Building ROS package in '/home/sy/ros2_ws/src/mower_ai' with build type 'ament_python'
[2.508s] Level 1:colcon.colcon_core.shell:create_environment_hook('mower_ai', 'ament_prefix_path')
[2.509s] INFO:colcon.colcon_core.shell:Creating environment hook '/home/sy/ros2_ws/install/mower_ai/share/mower_ai/hook/ament_prefix_path.ps1'
[2.511s] INFO:colcon.colcon_core.shell:Creating environment descriptor '/home/sy/ros2_ws/install/mower_ai/share/mower_ai/hook/ament_prefix_path.dsv'
[2.514s] INFO:colcon.colcon_core.shell:Creating environment hook '/home/sy/ros2_ws/install/mower_ai/share/mower_ai/hook/ament_prefix_path.sh'
[2.516s] INFO:colcon.colcon_core.shell:Skip shell extension 'powershell' for command environment: Not usable outside of PowerShell
[2.516s] DEBUG:colcon.colcon_core.shell:Skip shell extension 'dsv' for command environment
[3.261s] INFO:colcon.colcon_core.task.python.build:Building Python package in '/home/sy/ros2_ws/src/mower_ai'
[3.262s] INFO:colcon.colcon_core.shell:Skip shell extension 'powershell' for command environment: Not usable outside of PowerShell
[3.262s] DEBUG:colcon.colcon_core.shell:Skip shell extension 'dsv' for command environment
[3.270s] DEBUG:colcon.colcon_core.event_handler.log_command:Invoking command in '/home/sy/ros2_ws/build/ros_tcp_endpoint': PYTHONPATH=/home/sy/ros2_ws/build/ros_tcp_endpoint/prefix_override:/usr/lib/python3/dist-packages/colcon_core/task/python/colcon_distutils_commands:/home/sy/ros2_ws/install/ros_tcp_endpoint/lib/python3.10/site-packages:${PYTHONPATH} /usr/bin/python3 -W ignore:setup.py install is deprecated -W ignore:easy_install command is deprecated setup.py develop --editable --build-directory /home/sy/ros2_ws/build/ros_tcp_endpoint/build --no-deps symlink_data
[4.079s] Level 1:colcon.colcon_core.shell:create_environment_hook('ros_tcp_endpoint', 'pythonpath_develop')
[4.080s] INFO:colcon.colcon_core.shell:Creating environment hook '/home/sy/ros2_ws/build/ros_tcp_endpoint/share/ros_tcp_endpoint/hook/pythonpath_develop.ps1'
[4.081s] DEBUG:colcon.colcon_core.event_handler.log_command:Invoked command in '/home/sy/ros2_ws/build/ros_tcp_endpoint' returned '0': PYTHONPATH=/home/sy/ros2_ws/build/ros_tcp_endpoint/prefix_override:/usr/lib/python3/dist-packages/colcon_core/task/python/colcon_distutils_commands:/home/sy/ros2_ws/install/ros_tcp_endpoint/lib/python3.10/site-packages:${PYTHONPATH} /usr/bin/python3 -W ignore:setup.py install is deprecated -W ignore:easy_install command is deprecated setup.py develop --editable --build-directory /home/sy/ros2_ws/build/ros_tcp_endpoint/build --no-deps symlink_data
[4.083s] INFO:colcon.colcon_core.shell:Creating environment descriptor '/home/sy/ros2_ws/build/ros_tcp_endpoint/share/ros_tcp_endpoint/hook/pythonpath_develop.dsv'
[4.084s] INFO:colcon.colcon_core.shell:Creating environment hook '/home/sy/ros2_ws/build/ros_tcp_endpoint/share/ros_tcp_endpoint/hook/pythonpath_develop.sh'
[4.087s] Level 1:colcon.colcon_core.environment:checking '/home/sy/ros2_ws/install/ros_tcp_endpoint' for CMake module files
[4.088s] Level 1:colcon.colcon_core.environment:checking '/home/sy/ros2_ws/install/ros_tcp_endpoint' for CMake config files
[4.090s] Level 1:colcon.colcon_core.environment:checking '/home/sy/ros2_ws/install/ros_tcp_endpoint/lib'
[4.090s] Level 1:colcon.colcon_core.environment:checking '/home/sy/ros2_ws/install/ros_tcp_endpoint/bin'
[4.091s] Level 1:colcon.colcon_core.environment:checking '/home/sy/ros2_ws/install/ros_tcp_endpoint/lib/pkgconfig/ros_tcp_endpoint.pc'
[4.092s] Level 1:colcon.colcon_core.environment:checking '/home/sy/ros2_ws/install/ros_tcp_endpoint/lib/python3.10/site-packages'
[4.092s] Level 1:colcon.colcon_core.shell:create_environment_hook('ros_tcp_endpoint', 'pythonpath')
[4.093s] INFO:colcon.colcon_core.shell:Creating environment hook '/home/sy/ros2_ws/install/ros_tcp_endpoint/share/ros_tcp_endpoint/hook/pythonpath.ps1'
[4.095s] INFO:colcon.colcon_core.shell:Creating environment descriptor '/home/sy/ros2_ws/install/ros_tcp_endpoint/share/ros_tcp_endpoint/hook/pythonpath.dsv'
[4.096s] INFO:colcon.colcon_core.shell:Creating environment hook '/home/sy/ros2_ws/install/ros_tcp_endpoint/share/ros_tcp_endpoint/hook/pythonpath.sh'
[4.099s] Level 1:colcon.colcon_core.environment:checking '/home/sy/ros2_ws/install/ros_tcp_endpoint/bin'
[4.099s] Level 1:colcon.colcon_core.environment:create_environment_scripts_only(ros_tcp_endpoint)
[4.100s] INFO:colcon.colcon_core.shell:Creating package script '/home/sy/ros2_ws/install/ros_tcp_endpoint/share/ros_tcp_endpoint/package.ps1'
[4.102s] INFO:colcon.colcon_core.shell:Creating package descriptor '/home/sy/ros2_ws/install/ros_tcp_endpoint/share/ros_tcp_endpoint/package.dsv'
[4.104s] INFO:colcon.colcon_core.shell:Creating package script '/home/sy/ros2_ws/install/ros_tcp_endpoint/share/ros_tcp_endpoint/package.sh'
[4.105s] INFO:colcon.colcon_core.shell:Creating package script '/home/sy/ros2_ws/install/ros_tcp_endpoint/share/ros_tcp_endpoint/package.bash'
[4.106s] INFO:colcon.colcon_core.shell:Creating package script '/home/sy/ros2_ws/install/ros_tcp_endpoint/share/ros_tcp_endpoint/package.zsh'
[4.107s] Level 1:colcon.colcon_core.environment:create_file_with_runtime_dependencies(/home/sy/ros2_ws/install/ros_tcp_endpoint/share/colcon-core/packages/ros_tcp_endpoint)
[4.207s] DEBUG:colcon.colcon_core.event_handler.log_command:Invoking command in '/home/sy/ros2_ws/build/mower_ai': PYTHONPATH=/home/sy/ros2_ws/build/mower_ai/prefix_override:/usr/lib/python3/dist-packages/colcon_core/task/python/colcon_distutils_commands:/home/sy/ros2_ws/install/mower_ai/lib/python3.10/site-packages:${PYTHONPATH} /usr/bin/python3 -W ignore:setup.py install is deprecated -W ignore:easy_install command is deprecated setup.py develop --editable --build-directory /home/sy/ros2_ws/build/mower_ai/build --no-deps symlink_data
[4.903s] Level 1:colcon.colcon_core.shell:create_environment_hook('mower_ai', 'pythonpath_develop')
[4.904s] INFO:colcon.colcon_core.shell:Creating environment hook '/home/sy/ros2_ws/build/mower_ai/share/mower_ai/hook/pythonpath_develop.ps1'
[4.905s] DEBUG:colcon.colcon_core.event_handler.log_command:Invoked command in '/home/sy/ros2_ws/build/mower_ai' returned '0': PYTHONPATH=/home/sy/ros2_ws/build/mower_ai/prefix_override:/usr/lib/python3/dist-packages/colcon_core/task/python/colcon_distutils_commands:/home/sy/ros2_ws/install/mower_ai/lib/python3.10/site-packages:${PYTHONPATH} /usr/bin/python3 -W ignore:setup.py install is deprecated -W ignore:easy_install command is deprecated setup.py develop --editable --build-directory /home/sy/ros2_ws/build/mower_ai/build --no-deps symlink_data
[4.906s] INFO:colcon.colcon_core.shell:Creating environment descriptor '/home/sy/ros2_ws/build/mower_ai/share/mower_ai/hook/pythonpath_develop.dsv'
[4.906s] INFO:colcon.colcon_core.shell:Creating environment hook '/home/sy/ros2_ws/build/mower_ai/share/mower_ai/hook/pythonpath_develop.sh'
[4.907s] Level 1:colcon.colcon_core.environment:checking '/home/sy/ros2_ws/install/mower_ai' for CMake module files
[4.908s] Level 1:colcon.colcon_core.environment:checking '/home/sy/ros2_ws/install/mower_ai' for CMake config files
[4.909s] Level 1:colcon.colcon_core.environment:checking '/home/sy/ros2_ws/install/mower_ai/lib'
[4.909s] Level 1:colcon.colcon_core.environment:checking '/home/sy/ros2_ws/install/mower_ai/bin'
[4.909s] Level 1:colcon.colcon_core.environment:checking '/home/sy/ros2_ws/install/mower_ai/lib/pkgconfig/mower_ai.pc'
[4.910s] Level 1:colcon.colcon_core.environment:checking '/home/sy/ros2_ws/install/mower_ai/lib/python3.10/site-packages'
[4.910s] Level 1:colcon.colcon_core.shell:create_environment_hook('mower_ai', 'pythonpath')
[4.910s] INFO:colcon.colcon_core.shell:Creating environment hook '/home/sy/ros2_ws/install/mower_ai/share/mower_ai/hook/pythonpath.ps1'
[4.911s] INFO:colcon.colcon_core.shell:Creating environment descriptor '/home/sy/ros2_ws/install/mower_ai/share/mower_ai/hook/pythonpath.dsv'
[4.912s] INFO:colcon.colcon_core.shell:Creating environment hook '/home/sy/ros2_ws/install/mower_ai/share/mower_ai/hook/pythonpath.sh'
[4.914s] Level 1:colcon.colcon_core.environment:checking '/home/sy/ros2_ws/install/mower_ai/bin'
[4.914s] Level 1:colcon.colcon_core.environment:create_environment_scripts_only(mower_ai)
[4.915s] INFO:colcon.colcon_core.shell:Creating package script '/home/sy/ros2_ws/install/mower_ai/share/mower_ai/package.ps1'
[4.916s] INFO:colcon.colcon_core.shell:Creating package descriptor '/home/sy/ros2_ws/install/mower_ai/share/mower_ai/package.dsv'
[4.917s] INFO:colcon.colcon_core.shell:Creating package script '/home/sy/ros2_ws/install/mower_ai/share/mower_ai/package.sh'
[4.918s] INFO:colcon.colcon_core.shell:Creating package script '/home/sy/ros2_ws/install/mower_ai/share/mower_ai/package.bash'
[4.919s] INFO:colcon.colcon_core.shell:Creating package script '/home/sy/ros2_ws/install/mower_ai/share/mower_ai/package.zsh'
[4.920s] Level 1:colcon.colcon_core.environment:create_file_with_runtime_dependencies(/home/sy/ros2_ws/install/mower_ai/share/colcon-core/packages/mower_ai)
[4.921s] DEBUG:colcon.colcon_parallel_executor.executor.parallel:closing loop
[4.922s] DEBUG:colcon.colcon_parallel_executor.executor.parallel:loop closed
[4.923s] DEBUG:colcon.colcon_parallel_executor.executor.parallel:run_until_complete finished with '0'
[4.923s] DEBUG:colcon.colcon_core.event_reactor:joining thread
[5.049s] INFO:colcon.colcon_core.plugin_system:Skipping extension 'colcon_notification.desktop_notification.notify_send': Could not find 'notify-send'
[5.049s] INFO:colcon.colcon_core.plugin_system:Skipping extension 'colcon_notification.desktop_notification.terminal_notifier': Not used on non-Darwin systems
[5.050s] INFO:colcon.colcon_core.plugin_system:Skipping extension 'colcon_notification.desktop_notification.win32': Not used on non-Windows systems
[5.050s] INFO:colcon.colcon_notification.desktop_notification:Sending desktop notification using 'notify2'
[5.050s] DEBUG:colcon.colcon_notification.desktop_notification.notify2:Failed to initialize notify2: org.freedesktop.DBus.Error.FileNotFound: Failed to connect to socket /run/user/1000/bus: No such file or directory
[5.050s] DEBUG:colcon.colcon_core.event_reactor:joined thread
[5.051s] INFO:colcon.colcon_core.shell:Creating prefix script '/home/sy/ros2_ws/install/local_setup.ps1'
[5.053s] INFO:colcon.colcon_core.shell:Creating prefix util module '/home/sy/ros2_ws/install/_local_setup_util_ps1.py'
[5.055s] INFO:colcon.colcon_core.shell:Creating prefix chain script '/home/sy/ros2_ws/install/setup.ps1'
[5.058s] INFO:colcon.colcon_core.shell:Creating prefix script '/home/sy/ros2_ws/install/local_setup.sh'
[5.059s] INFO:colcon.colcon_core.shell:Creating prefix util module '/home/sy/ros2_ws/install/_local_setup_util_sh.py'
[5.061s] INFO:colcon.colcon_core.shell:Creating prefix chain script '/home/sy/ros2_ws/install/setup.sh'
[5.063s] INFO:colcon.colcon_core.shell:Creating prefix script '/home/sy/ros2_ws/install/local_setup.bash'
[5.064s] INFO:colcon.colcon_core.shell:Creating prefix chain script '/home/sy/ros2_ws/install/setup.bash'
[5.065s] INFO:colcon.colcon_core.shell:Creating prefix script '/home/sy/ros2_ws/install/local_setup.zsh'
[5.066s] INFO:colcon.colcon_core.shell:Creating prefix chain script '/home/sy/ros2_ws/install/setup.zsh'
